{"D:\\College Event Management\\Server\\src\\app.js": {"path":"D:\\College Event Management\\Server\\src\\app.js","statementMap":{"0":{"start":{"line":1,"column":16},"end":{"line":1,"column":34}},"1":{"start":{"line":2,"column":13},"end":{"line":2,"column":28}},"2":{"start":{"line":3,"column":30},"end":{"line":3,"column":54}},"3":{"start":{"line":5,"column":21},"end":{"line":5,"column":53}},"4":{"start":{"line":6,"column":19},"end":{"line":6,"column":49}},"5":{"start":{"line":7,"column":20},"end":{"line":7,"column":51}},"6":{"start":{"line":8,"column":19},"end":{"line":8,"column":49}},"7":{"start":{"line":9,"column":35},"end":{"line":9,"column":74}},"8":{"start":{"line":11,"column":12},"end":{"line":11,"column":21}},"9":{"start":{"line":13,"column":0},"end":{"line":13,"column":26}},"10":{"start":{"line":15,"column":0},"end":{"line":20,"column":2}},"11":{"start":{"line":21,"column":0},"end":{"line":21,"column":24}},"12":{"start":{"line":23,"column":0},"end":{"line":25,"column":3}},"13":{"start":{"line":24,"column":2},"end":{"line":24,"column":42}},"14":{"start":{"line":27,"column":0},"end":{"line":27,"column":37}},"15":{"start":{"line":28,"column":0},"end":{"line":28,"column":33}},"16":{"start":{"line":29,"column":0},"end":{"line":29,"column":35}},"17":{"start":{"line":30,"column":0},"end":{"line":30,"column":33}},"18":{"start":{"line":32,"column":0},"end":{"line":32,"column":18}},"19":{"start":{"line":33,"column":0},"end":{"line":33,"column":22}},"20":{"start":{"line":35,"column":0},"end":{"line":35,"column":21}}},"fnMap":{"0":{"name":"(anonymous_0)","decl":{"start":{"line":23,"column":23},"end":{"line":23,"column":24}},"loc":{"start":{"line":23,"column":37},"end":{"line":25,"column":1}},"line":23}},"branchMap":{},"s":{"0":1,"1":1,"2":1,"3":1,"4":1,"5":1,"6":1,"7":1,"8":1,"9":1,"10":1,"11":1,"12":1,"13":1,"14":1,"15":1,"16":1,"17":1,"18":1,"19":1,"20":1},"f":{"0":1},"b":{},"_coverageSchema":"1a1c01bbd47fc00a2c39e90264f33305004495a9","hash":"2ccd78400c3e90a3708d29cbbf8c87b98aca81b4"}
,"D:\\College Event Management\\Server\\src\\config\\cors.js": {"path":"D:\\College Event Management\\Server\\src\\config\\cors.js","statementMap":{"0":{"start":{"line":1,"column":24},"end":{"line":1,"column":81}},"1":{"start":{"line":1,"column":35},"end":{"line":1,"column":81}},"2":{"start":{"line":3,"column":21},"end":{"line":7,"column":20}},"3":{"start":{"line":4,"column":2},"end":{"line":7,"column":20}},"4":{"start":{"line":6,"column":19},"end":{"line":6,"column":40}},"5":{"start":{"line":9,"column":26},"end":{"line":17,"column":1}},"6":{"start":{"line":10,"column":25},"end":{"line":10,"column":75}},"7":{"start":{"line":11,"column":28},"end":{"line":14,"column":3}},"8":{"start":{"line":16,"column":2},"end":{"line":16,"column":65}},"9":{"start":{"line":19,"column":24},"end":{"line":35,"column":1}},"10":{"start":{"line":20,"column":2},"end":{"line":22,"column":3}},"11":{"start":{"line":21,"column":4},"end":{"line":21,"column":16}},"12":{"start":{"line":24,"column":27},"end":{"line":24,"column":50}},"13":{"start":{"line":26,"column":2},"end":{"line":28,"column":3}},"14":{"start":{"line":27,"column":4},"end":{"line":27,"column":16}},"15":{"start":{"line":30,"column":2},"end":{"line":32,"column":3}},"16":{"start":{"line":31,"column":4},"end":{"line":31,"column":16}},"17":{"start":{"line":34,"column":2},"end":{"line":34,"column":51}},"18":{"start":{"line":37,"column":26},"end":{"line":45,"column":1}},"19":{"start":{"line":38,"column":25},"end":{"line":38,"column":44}},"20":{"start":{"line":40,"column":2},"end":{"line":42,"column":3}},"21":{"start":{"line":41,"column":4},"end":{"line":41,"column":32}},"22":{"start":{"line":44,"column":2},"end":{"line":44,"column":80}},"23":{"start":{"line":47,"column":0},"end":{"line":51,"column":2}}},"fnMap":{"0":{"name":"(anonymous_0)","decl":{"start":{"line":1,"column":24},"end":{"line":1,"column":25}},"loc":{"start":{"line":1,"column":35},"end":{"line":1,"column":81}},"line":1},"1":{"name":"(anonymous_1)","decl":{"start":{"line":3,"column":21},"end":{"line":3,"column":22}},"loc":{"start":{"line":4,"column":2},"end":{"line":7,"column":20}},"line":4},"2":{"name":"(anonymous_2)","decl":{"start":{"line":6,"column":9},"end":{"line":6,"column":10}},"loc":{"start":{"line":6,"column":19},"end":{"line":6,"column":40}},"line":6},"3":{"name":"(anonymous_3)","decl":{"start":{"line":9,"column":26},"end":{"line":9,"column":27}},"loc":{"start":{"line":9,"column":32},"end":{"line":17,"column":1}},"line":9},"4":{"name":"(anonymous_4)","decl":{"start":{"line":19,"column":24},"end":{"line":19,"column":25}},"loc":{"start":{"line":19,"column":74},"end":{"line":35,"column":1}},"line":19},"5":{"name":"(anonymous_5)","decl":{"start":{"line":37,"column":26},"end":{"line":37,"column":27}},"loc":{"start":{"line":37,"column":48},"end":{"line":45,"column":1}},"line":37}},"branchMap":{"0":{"loc":{"start":{"line":1,"column":42},"end":{"line":1,"column":53}},"type":"binary-expr","locations":[{"start":{"line":1,"column":42},"end":{"line":1,"column":47}},{"start":{"line":1,"column":51},"end":{"line":1,"column":53}}],"line":1},"1":{"loc":{"start":{"line":4,"column":9},"end":{"line":4,"column":20}},"type":"binary-expr","locations":[{"start":{"line":4,"column":9},"end":{"line":4,"column":14}},{"start":{"line":4,"column":18},"end":{"line":4,"column":20}}],"line":4},"2":{"loc":{"start":{"line":19,"column":33},"end":{"line":19,"column":69}},"type":"default-arg","locations":[{"start":{"line":19,"column":50},"end":{"line":19,"column":69}}],"line":19},"3":{"loc":{"start":{"line":20,"column":2},"end":{"line":22,"column":3}},"type":"if","locations":[{"start":{"line":20,"column":2},"end":{"line":22,"column":3}},{"start":{},"end":{}}],"line":20},"4":{"loc":{"start":{"line":26,"column":2},"end":{"line":28,"column":3}},"type":"if","locations":[{"start":{"line":26,"column":2},"end":{"line":28,"column":3}},{"start":{},"end":{}}],"line":26},"5":{"loc":{"start":{"line":30,"column":2},"end":{"line":32,"column":3}},"type":"if","locations":[{"start":{"line":30,"column":2},"end":{"line":32,"column":3}},{"start":{},"end":{}}],"line":30},"6":{"loc":{"start":{"line":40,"column":2},"end":{"line":42,"column":3}},"type":"if","locations":[{"start":{"line":40,"column":2},"end":{"line":42,"column":3}},{"start":{},"end":{}}],"line":40},"7":{"loc":{"start":{"line":44,"column":56},"end":{"line":44,"column":75}},"type":"binary-expr","locations":[{"start":{"line":44,"column":56},"end":{"line":44,"column":62}},{"start":{"line":44,"column":66},"end":{"line":44,"column":75}}],"line":44}},"s":{"0":2,"1":15,"2":2,"3":12,"4":12,"5":2,"6":6,"7":6,"8":6,"9":2,"10":5,"11":2,"12":3,"13":3,"14":0,"15":3,"16":0,"17":3,"18":2,"19":3,"20":3,"21":2,"22":1,"23":2},"f":{"0":15,"1":12,"2":12,"3":6,"4":5,"5":3},"b":{"0":[15,6],"1":[12,6],"2":[2],"3":[2,3],"4":[0,3],"5":[0,3],"6":[2,1],"7":[1,0]},"_coverageSchema":"1a1c01bbd47fc00a2c39e90264f33305004495a9","hash":"8cf20979e6bd22b69505a1064e8e6c94f7e9676a"}
,"D:\\College Event Management\\Server\\src\\config\\featureFlags.js": {"path":"D:\\College Event Management\\Server\\src\\config\\featureFlags.js","statementMap":{"0":{"start":{"line":1,"column":21},"end":{"line":12,"column":1}},"1":{"start":{"line":2,"column":2},"end":{"line":4,"column":3}},"2":{"start":{"line":3,"column":4},"end":{"line":3,"column":17}},"3":{"start":{"line":6,"column":2},"end":{"line":8,"column":3}},"4":{"start":{"line":7,"column":4},"end":{"line":7,"column":20}},"5":{"start":{"line":10,"column":21},"end":{"line":10,"column":47}},"6":{"start":{"line":11,"column":2},"end":{"line":11,"column":57}},"7":{"start":{"line":14,"column":23},"end":{"line":14,"column":79}},"8":{"start":{"line":16,"column":22},"end":{"line":22,"column":1}},"9":{"start":{"line":24,"column":25},"end":{"line":24,"column":71}},"10":{"start":{"line":24,"column":39},"end":{"line":24,"column":71}},"11":{"start":{"line":26,"column":0},"end":{"line":29,"column":2}}},"fnMap":{"0":{"name":"(anonymous_0)","decl":{"start":{"line":1,"column":21},"end":{"line":1,"column":22}},"loc":{"start":{"line":1,"column":50},"end":{"line":12,"column":1}},"line":1},"1":{"name":"(anonymous_1)","decl":{"start":{"line":24,"column":25},"end":{"line":24,"column":26}},"loc":{"start":{"line":24,"column":39},"end":{"line":24,"column":71}},"line":24}},"branchMap":{"0":{"loc":{"start":{"line":1,"column":29},"end":{"line":1,"column":45}},"type":"default-arg","locations":[{"start":{"line":1,"column":40},"end":{"line":1,"column":45}}],"line":1},"1":{"loc":{"start":{"line":2,"column":2},"end":{"line":4,"column":3}},"type":"if","locations":[{"start":{"line":2,"column":2},"end":{"line":4,"column":3}},{"start":{},"end":{}}],"line":2},"2":{"loc":{"start":{"line":6,"column":2},"end":{"line":8,"column":3}},"type":"if","locations":[{"start":{"line":6,"column":2},"end":{"line":8,"column":3}},{"start":{},"end":{}}],"line":6}},"s":{"0":1,"1":2,"2":0,"3":2,"4":2,"5":0,"6":0,"7":1,"8":1,"9":1,"10":0,"11":1},"f":{"0":2,"1":0},"b":{"0":[0],"1":[0,2],"2":[2,0]},"_coverageSchema":"1a1c01bbd47fc00a2c39e90264f33305004495a9","hash":"fb98ebe99179e95f84cbdc2ce7dcf3a27955a818"}
,"D:\\College Event Management\\Server\\src\\config\\permissions.js": {"path":"D:\\College Event Management\\Server\\src\\config\\permissions.js","statementMap":{"0":{"start":{"line":1,"column":26},"end":{"line":18,"column":1}},"1":{"start":{"line":20,"column":34},"end":{"line":36,"column":1}},"2":{"start":{"line":38,"column":36},"end":{"line":41,"column":1}},"3":{"start":{"line":43,"column":22},"end":{"line":79,"column":1}},"4":{"start":{"line":44,"column":2},"end":{"line":46,"column":3}},"5":{"start":{"line":45,"column":4},"end":{"line":45,"column":17}},"6":{"start":{"line":48,"column":2},"end":{"line":50,"column":3}},"7":{"start":{"line":49,"column":4},"end":{"line":49,"column":16}},"8":{"start":{"line":53,"column":4},"end":{"line":55,"column":33}},"9":{"start":{"line":57,"column":2},"end":{"line":62,"column":3}},"10":{"start":{"line":61,"column":4},"end":{"line":61,"column":16}},"11":{"start":{"line":64,"column":2},"end":{"line":69,"column":3}},"12":{"start":{"line":68,"column":4},"end":{"line":68,"column":16}},"13":{"start":{"line":71,"column":2},"end":{"line":76,"column":3}},"14":{"start":{"line":75,"column":4},"end":{"line":75,"column":16}},"15":{"start":{"line":78,"column":2},"end":{"line":78,"column":71}},"16":{"start":{"line":81,"column":32},"end":{"line":95,"column":1}},"17":{"start":{"line":82,"column":2},"end":{"line":84,"column":3}},"18":{"start":{"line":83,"column":4},"end":{"line":83,"column":14}},"19":{"start":{"line":86,"column":2},"end":{"line":88,"column":3}},"20":{"start":{"line":87,"column":4},"end":{"line":87,"column":17}},"21":{"start":{"line":90,"column":2},"end":{"line":92,"column":3}},"22":{"start":{"line":91,"column":4},"end":{"line":91,"column":29}},"23":{"start":{"line":94,"column":2},"end":{"line":94,"column":35}},"24":{"start":{"line":97,"column":0},"end":{"line":103,"column":2}}},"fnMap":{"0":{"name":"(anonymous_0)","decl":{"start":{"line":43,"column":22},"end":{"line":43,"column":23}},"loc":{"start":{"line":43,"column":45},"end":{"line":79,"column":1}},"line":43},"1":{"name":"(anonymous_1)","decl":{"start":{"line":81,"column":32},"end":{"line":81,"column":33}},"loc":{"start":{"line":81,"column":43},"end":{"line":95,"column":1}},"line":81}},"branchMap":{"0":{"loc":{"start":{"line":44,"column":2},"end":{"line":46,"column":3}},"type":"if","locations":[{"start":{"line":44,"column":2},"end":{"line":46,"column":3}},{"start":{},"end":{}}],"line":44},"1":{"loc":{"start":{"line":44,"column":6},"end":{"line":44,"column":27}},"type":"binary-expr","locations":[{"start":{"line":44,"column":6},"end":{"line":44,"column":12}},{"start":{"line":44,"column":16},"end":{"line":44,"column":27}}],"line":44},"2":{"loc":{"start":{"line":48,"column":2},"end":{"line":50,"column":3}},"type":"if","locations":[{"start":{"line":48,"column":2},"end":{"line":50,"column":3}},{"start":{},"end":{}}],"line":48},"3":{"loc":{"start":{"line":53,"column":4},"end":{"line":55,"column":33}},"type":"cond-expr","locations":[{"start":{"line":54,"column":8},"end":{"line":54,"column":25}},{"start":{"line":55,"column":8},"end":{"line":55,"column":33}}],"line":53},"4":{"loc":{"start":{"line":53,"column":4},"end":{"line":53,"column":68}},"type":"binary-expr","locations":[{"start":{"line":53,"column":4},"end":{"line":53,"column":36}},{"start":{"line":53,"column":40},"end":{"line":53,"column":68}}],"line":53},"5":{"loc":{"start":{"line":57,"column":2},"end":{"line":62,"column":3}},"type":"if","locations":[{"start":{"line":57,"column":2},"end":{"line":62,"column":3}},{"start":{},"end":{}}],"line":57},"6":{"loc":{"start":{"line":58,"column":4},"end":{"line":59,"column":59}},"type":"binary-expr","locations":[{"start":{"line":58,"column":4},"end":{"line":58,"column":51}},{"start":{"line":59,"column":4},"end":{"line":59,"column":59}}],"line":58},"7":{"loc":{"start":{"line":64,"column":2},"end":{"line":69,"column":3}},"type":"if","locations":[{"start":{"line":64,"column":2},"end":{"line":69,"column":3}},{"start":{},"end":{}}],"line":64},"8":{"loc":{"start":{"line":65,"column":4},"end":{"line":66,"column":59}},"type":"binary-expr","locations":[{"start":{"line":65,"column":4},"end":{"line":65,"column":93}},{"start":{"line":66,"column":4},"end":{"line":66,"column":59}}],"line":65},"9":{"loc":{"start":{"line":71,"column":2},"end":{"line":76,"column":3}},"type":"if","locations":[{"start":{"line":71,"column":2},"end":{"line":76,"column":3}},{"start":{},"end":{}}],"line":71},"10":{"loc":{"start":{"line":72,"column":4},"end":{"line":73,"column":59}},"type":"binary-expr","locations":[{"start":{"line":72,"column":4},"end":{"line":72,"column":94}},{"start":{"line":73,"column":4},"end":{"line":73,"column":59}}],"line":72},"11":{"loc":{"start":{"line":78,"column":9},"end":{"line":78,"column":70}},"type":"binary-expr","locations":[{"start":{"line":78,"column":9},"end":{"line":78,"column":34}},{"start":{"line":78,"column":38},"end":{"line":78,"column":70}}],"line":78},"12":{"loc":{"start":{"line":82,"column":2},"end":{"line":84,"column":3}},"type":"if","locations":[{"start":{"line":82,"column":2},"end":{"line":84,"column":3}},{"start":{},"end":{}}],"line":82},"13":{"loc":{"start":{"line":86,"column":2},"end":{"line":88,"column":3}},"type":"if","locations":[{"start":{"line":86,"column":2},"end":{"line":88,"column":3}},{"start":{},"end":{}}],"line":86},"14":{"loc":{"start":{"line":90,"column":2},"end":{"line":92,"column":3}},"type":"if","locations":[{"start":{"line":90,"column":2},"end":{"line":92,"column":3}},{"start":{},"end":{}}],"line":90},"15":{"loc":{"start":{"line":90,"column":6},"end":{"line":90,"column":70}},"type":"binary-expr","locations":[{"start":{"line":90,"column":6},"end":{"line":90,"column":38}},{"start":{"line":90,"column":42},"end":{"line":90,"column":70}}],"line":90}},"s":{"0":3,"1":3,"2":3,"3":3,"4":3,"5":0,"6":3,"7":1,"8":2,"9":2,"10":0,"11":2,"12":0,"13":2,"14":0,"15":2,"16":3,"17":0,"18":0,"19":0,"20":0,"21":0,"22":0,"23":0,"24":3},"f":{"0":3,"1":0},"b":{"0":[0,3],"1":[3,3],"2":[1,2],"3":[2,0],"4":[2,2],"5":[0,2],"6":[2,0],"7":[0,2],"8":[2,0],"9":[0,2],"10":[2,0],"11":[2,2],"12":[0,0],"13":[0,0],"14":[0,0],"15":[0,0]},"_coverageSchema":"1a1c01bbd47fc00a2c39e90264f33305004495a9","hash":"0c78e6c22581fef983e97d1536a845b6ac02e13c"}
,"D:\\College Event Management\\Server\\src\\controllers\\adminAuthController.js": {"path":"D:\\College Event Management\\Server\\src\\controllers\\adminAuthController.js","statementMap":{"0":{"start":{"line":1,"column":14},"end":{"line":1,"column":40}},"1":{"start":{"line":2,"column":22},"end":{"line":2,"column":55}},"2":{"start":{"line":6,"column":4},"end":{"line":6,"column":36}},"3":{"start":{"line":7,"column":26},"end":{"line":7,"column":57}},"4":{"start":{"line":9,"column":22},"end":{"line":16,"column":2}},"5":{"start":{"line":9,"column":34},"end":{"line":16,"column":1}},"6":{"start":{"line":18,"column":22},"end":{"line":84,"column":1}},"7":{"start":{"line":19,"column":2},"end":{"line":83,"column":3}},"8":{"start":{"line":20,"column":38},"end":{"line":20,"column":46}},"9":{"start":{"line":21,"column":28},"end":{"line":21,"column":68}},"10":{"start":{"line":23,"column":4},"end":{"line":35,"column":5}},"11":{"start":{"line":24,"column":6},"end":{"line":32,"column":9}},"12":{"start":{"line":33,"column":6},"end":{"line":33,"column":22}},"13":{"start":{"line":34,"column":6},"end":{"line":34,"column":63}},"14":{"start":{"line":37,"column":26},"end":{"line":37,"column":73}},"15":{"start":{"line":38,"column":4},"end":{"line":51,"column":5}},"16":{"start":{"line":39,"column":6},"end":{"line":48,"column":9}},"17":{"start":{"line":49,"column":6},"end":{"line":49,"column":22}},"18":{"start":{"line":50,"column":6},"end":{"line":50,"column":54}},"19":{"start":{"line":53,"column":18},"end":{"line":60,"column":6}},"20":{"start":{"line":62,"column":4},"end":{"line":75,"column":7}},"21":{"start":{"line":77,"column":4},"end":{"line":80,"column":7}},"22":{"start":{"line":82,"column":4},"end":{"line":82,"column":16}},"23":{"start":{"line":86,"column":19},"end":{"line":157,"column":1}},"24":{"start":{"line":87,"column":2},"end":{"line":156,"column":3}},"25":{"start":{"line":88,"column":32},"end":{"line":88,"column":40}},"26":{"start":{"line":89,"column":28},"end":{"line":89,"column":68}},"27":{"start":{"line":91,"column":4},"end":{"line":103,"column":5}},"28":{"start":{"line":92,"column":6},"end":{"line":100,"column":9}},"29":{"start":{"line":101,"column":6},"end":{"line":101,"column":22}},"30":{"start":{"line":102,"column":6},"end":{"line":102,"column":57}},"31":{"start":{"line":105,"column":18},"end":{"line":105,"column":65}},"32":{"start":{"line":107,"column":4},"end":{"line":119,"column":5}},"33":{"start":{"line":108,"column":6},"end":{"line":116,"column":9}},"34":{"start":{"line":117,"column":6},"end":{"line":117,"column":22}},"35":{"start":{"line":118,"column":6},"end":{"line":118,"column":51}},"36":{"start":{"line":121,"column":4},"end":{"line":134,"column":5}},"37":{"start":{"line":122,"column":6},"end":{"line":131,"column":9}},"38":{"start":{"line":132,"column":6},"end":{"line":132,"column":22}},"39":{"start":{"line":133,"column":6},"end":{"line":133,"column":59}},"40":{"start":{"line":136,"column":4},"end":{"line":147,"column":7}},"41":{"start":{"line":149,"column":4},"end":{"line":153,"column":7}},"42":{"start":{"line":155,"column":4},"end":{"line":155,"column":16}},"43":{"start":{"line":159,"column":24},"end":{"line":165,"column":1}},"44":{"start":{"line":160,"column":2},"end":{"line":164,"column":3}},"45":{"start":{"line":161,"column":4},"end":{"line":161,"column":50}},"46":{"start":{"line":163,"column":4},"end":{"line":163,"column":16}},"47":{"start":{"line":167,"column":0},"end":{"line":171,"column":2}}},"fnMap":{"0":{"name":"(anonymous_0)","decl":{"start":{"line":9,"column":22},"end":{"line":9,"column":23}},"loc":{"start":{"line":9,"column":34},"end":{"line":16,"column":1}},"line":9},"1":{"name":"(anonymous_1)","decl":{"start":{"line":18,"column":22},"end":{"line":18,"column":23}},"loc":{"start":{"line":18,"column":48},"end":{"line":84,"column":1}},"line":18},"2":{"name":"(anonymous_2)","decl":{"start":{"line":86,"column":19},"end":{"line":86,"column":20}},"loc":{"start":{"line":86,"column":45},"end":{"line":157,"column":1}},"line":86},"3":{"name":"(anonymous_3)","decl":{"start":{"line":159,"column":24},"end":{"line":159,"column":25}},"loc":{"start":{"line":159,"column":50},"end":{"line":165,"column":1}},"line":159}},"branchMap":{"0":{"loc":{"start":{"line":21,"column":35},"end":{"line":21,"column":46}},"type":"binary-expr","locations":[{"start":{"line":21,"column":35},"end":{"line":21,"column":40}},{"start":{"line":21,"column":44},"end":{"line":21,"column":46}}],"line":21},"1":{"loc":{"start":{"line":23,"column":4},"end":{"line":35,"column":5}},"type":"if","locations":[{"start":{"line":23,"column":4},"end":{"line":35,"column":5}},{"start":{},"end":{}}],"line":23},"2":{"loc":{"start":{"line":23,"column":8},"end":{"line":23,"column":36}},"type":"binary-expr","locations":[{"start":{"line":23,"column":8},"end":{"line":23,"column":13}},{"start":{"line":23,"column":17},"end":{"line":23,"column":23}},{"start":{"line":23,"column":27},"end":{"line":23,"column":36}}],"line":23},"3":{"loc":{"start":{"line":27,"column":17},"end":{"line":27,"column":40}},"type":"binary-expr","locations":[{"start":{"line":27,"column":17},"end":{"line":27,"column":32}},{"start":{"line":27,"column":36},"end":{"line":27,"column":40}}],"line":27},"4":{"loc":{"start":{"line":38,"column":4},"end":{"line":51,"column":5}},"type":"if","locations":[{"start":{"line":38,"column":4},"end":{"line":51,"column":5}},{"start":{},"end":{}}],"line":38},"5":{"loc":{"start":{"line":89,"column":35},"end":{"line":89,"column":46}},"type":"binary-expr","locations":[{"start":{"line":89,"column":35},"end":{"line":89,"column":40}},{"start":{"line":89,"column":44},"end":{"line":89,"column":46}}],"line":89},"6":{"loc":{"start":{"line":91,"column":4},"end":{"line":103,"column":5}},"type":"if","locations":[{"start":{"line":91,"column":4},"end":{"line":103,"column":5}},{"start":{},"end":{}}],"line":91},"7":{"loc":{"start":{"line":91,"column":8},"end":{"line":91,"column":27}},"type":"binary-expr","locations":[{"start":{"line":91,"column":8},"end":{"line":91,"column":14}},{"start":{"line":91,"column":18},"end":{"line":91,"column":27}}],"line":91},"8":{"loc":{"start":{"line":95,"column":17},"end":{"line":95,"column":40}},"type":"binary-expr","locations":[{"start":{"line":95,"column":17},"end":{"line":95,"column":32}},{"start":{"line":95,"column":36},"end":{"line":95,"column":40}}],"line":95},"9":{"loc":{"start":{"line":107,"column":4},"end":{"line":119,"column":5}},"type":"if","locations":[{"start":{"line":107,"column":4},"end":{"line":119,"column":5}},{"start":{},"end":{}}],"line":107},"10":{"loc":{"start":{"line":107,"column":8},"end":{"line":107,"column":56}},"type":"binary-expr","locations":[{"start":{"line":107,"column":8},"end":{"line":107,"column":14}},{"start":{"line":107,"column":18},"end":{"line":107,"column":56}}],"line":107},"11":{"loc":{"start":{"line":121,"column":4},"end":{"line":134,"column":5}},"type":"if","locations":[{"start":{"line":121,"column":4},"end":{"line":134,"column":5}},{"start":{},"end":{}}],"line":121}},"s":{"0":1,"1":1,"2":1,"3":1,"4":1,"5":0,"6":1,"7":0,"8":0,"9":0,"10":0,"11":0,"12":0,"13":0,"14":0,"15":0,"16":0,"17":0,"18":0,"19":0,"20":0,"21":0,"22":0,"23":1,"24":0,"25":0,"26":0,"27":0,"28":0,"29":0,"30":0,"31":0,"32":0,"33":0,"34":0,"35":0,"36":0,"37":0,"38":0,"39":0,"40":0,"41":0,"42":0,"43":1,"44":0,"45":0,"46":0,"47":1},"f":{"0":0,"1":0,"2":0,"3":0},"b":{"0":[0,0],"1":[0,0],"2":[0,0,0],"3":[0,0],"4":[0,0],"5":[0,0],"6":[0,0],"7":[0,0],"8":[0,0],"9":[0,0],"10":[0,0],"11":[0,0]},"_coverageSchema":"1a1c01bbd47fc00a2c39e90264f33305004495a9","hash":"a046b2c02b0579b648e7b6fd6d48ed4fb357a8b6"}
,"D:\\College Event Management\\Server\\src\\controllers\\adminController.js": {"path":"D:\\College Event Management\\Server\\src\\controllers\\adminController.js","statementMap":{"0":{"start":{"line":1,"column":14},"end":{"line":1,"column":40}},"1":{"start":{"line":2,"column":14},"end":{"line":2,"column":40}},"2":{"start":{"line":3,"column":21},"end":{"line":3,"column":54}},"3":{"start":{"line":4,"column":13},"end":{"line":4,"column":38}},"4":{"start":{"line":5,"column":42},"end":{"line":5,"column":77}},"5":{"start":{"line":6,"column":26},"end":{"line":6,"column":57}},"6":{"start":{"line":10,"column":4},"end":{"line":10,"column":47}},"7":{"start":{"line":12,"column":30},"end":{"line":21,"column":2}},"8":{"start":{"line":12,"column":49},"end":{"line":21,"column":1}},"9":{"start":{"line":23,"column":25},"end":{"line":37,"column":2}},"10":{"start":{"line":23,"column":44},"end":{"line":37,"column":1}},"11":{"start":{"line":39,"column":22},"end":{"line":56,"column":1}},"12":{"start":{"line":40,"column":16},"end":{"line":40,"column":48}},"13":{"start":{"line":42,"column":2},"end":{"line":44,"column":3}},"14":{"start":{"line":43,"column":4},"end":{"line":43,"column":14}},"15":{"start":{"line":46,"column":2},"end":{"line":53,"column":3}},"16":{"start":{"line":47,"column":19},"end":{"line":47,"column":36}},"17":{"start":{"line":48,"column":4},"end":{"line":50,"column":5}},"18":{"start":{"line":49,"column":6},"end":{"line":49,"column":34}},"19":{"start":{"line":55,"column":2},"end":{"line":55,"column":15}},"20":{"start":{"line":58,"column":26},"end":{"line":65,"column":1}},"21":{"start":{"line":59,"column":14},"end":{"line":59,"column":69}},"22":{"start":{"line":60,"column":2},"end":{"line":62,"column":3}},"23":{"start":{"line":61,"column":4},"end":{"line":61,"column":24}},"24":{"start":{"line":64,"column":2},"end":{"line":64,"column":27}},"25":{"start":{"line":67,"column":20},"end":{"line":120,"column":1}},"26":{"start":{"line":68,"column":2},"end":{"line":119,"column":3}},"27":{"start":{"line":69,"column":58},"end":{"line":69,"column":66}},"28":{"start":{"line":71,"column":4},"end":{"line":74,"column":5}},"29":{"start":{"line":72,"column":6},"end":{"line":72,"column":22}},"30":{"start":{"line":73,"column":6},"end":{"line":73,"column":55}},"31":{"start":{"line":76,"column":23},"end":{"line":76,"column":37}},"32":{"start":{"line":77,"column":4},"end":{"line":80,"column":5}},"33":{"start":{"line":78,"column":6},"end":{"line":78,"column":22}},"34":{"start":{"line":79,"column":6},"end":{"line":79,"column":44}},"35":{"start":{"line":82,"column":18},"end":{"line":89,"column":6}},"36":{"start":{"line":91,"column":4},"end":{"line":101,"column":7}},"37":{"start":{"line":103,"column":4},"end":{"line":106,"column":7}},"38":{"start":{"line":108,"column":4},"end":{"line":116,"column":7}},"39":{"start":{"line":118,"column":4},"end":{"line":118,"column":16}},"40":{"start":{"line":122,"column":23},"end":{"line":133,"column":1}},"41":{"start":{"line":123,"column":2},"end":{"line":132,"column":3}},"42":{"start":{"line":124,"column":19},"end":{"line":127,"column":13}},"43":{"start":{"line":129,"column":4},"end":{"line":129,"column":21}},"44":{"start":{"line":131,"column":4},"end":{"line":131,"column":16}},"45":{"start":{"line":135,"column":25},"end":{"line":147,"column":1}},"46":{"start":{"line":136,"column":2},"end":{"line":146,"column":3}},"47":{"start":{"line":137,"column":26},"end":{"line":141,"column":13}},"48":{"start":{"line":143,"column":4},"end":{"line":143,"column":28}},"49":{"start":{"line":145,"column":4},"end":{"line":145,"column":16}},"50":{"start":{"line":149,"column":25},"end":{"line":163,"column":1}},"51":{"start":{"line":150,"column":2},"end":{"line":162,"column":3}},"52":{"start":{"line":151,"column":26},"end":{"line":157,"column":13}},"53":{"start":{"line":159,"column":4},"end":{"line":159,"column":28}},"54":{"start":{"line":161,"column":4},"end":{"line":161,"column":16}},"55":{"start":{"line":165,"column":28},"end":{"line":214,"column":1}},"56":{"start":{"line":166,"column":2},"end":{"line":213,"column":3}},"57":{"start":{"line":167,"column":25},"end":{"line":167,"column":33}},"58":{"start":{"line":169,"column":4},"end":{"line":172,"column":5}},"59":{"start":{"line":170,"column":6},"end":{"line":170,"column":22}},"60":{"start":{"line":171,"column":6},"end":{"line":171,"column":56}},"61":{"start":{"line":174,"column":18},"end":{"line":174,"column":58}},"62":{"start":{"line":176,"column":4},"end":{"line":179,"column":5}},"63":{"start":{"line":177,"column":6},"end":{"line":177,"column":22}},"64":{"start":{"line":178,"column":6},"end":{"line":178,"column":41}},"65":{"start":{"line":181,"column":4},"end":{"line":184,"column":5}},"66":{"start":{"line":182,"column":6},"end":{"line":182,"column":22}},"67":{"start":{"line":183,"column":6},"end":{"line":183,"column":64}},"68":{"start":{"line":186,"column":4},"end":{"line":186,"column":30}},"69":{"start":{"line":187,"column":4},"end":{"line":187,"column":23}},"70":{"start":{"line":189,"column":4},"end":{"line":199,"column":7}},"71":{"start":{"line":201,"column":4},"end":{"line":210,"column":7}},"72":{"start":{"line":212,"column":4},"end":{"line":212,"column":16}},"73":{"start":{"line":216,"column":26},"end":{"line":268,"column":1}},"74":{"start":{"line":217,"column":2},"end":{"line":267,"column":3}},"75":{"start":{"line":225,"column":8},"end":{"line":244,"column":6}},"76":{"start":{"line":246,"column":4},"end":{"line":264,"column":7}},"77":{"start":{"line":254,"column":51},"end":{"line":263,"column":7}},"78":{"start":{"line":266,"column":4},"end":{"line":266,"column":16}},"79":{"start":{"line":270,"column":25},"end":{"line":389,"column":1}},"80":{"start":{"line":271,"column":2},"end":{"line":388,"column":3}},"81":{"start":{"line":272,"column":28},"end":{"line":272,"column":36}},"82":{"start":{"line":273,"column":19},"end":{"line":273,"column":45}},"83":{"start":{"line":275,"column":4},"end":{"line":287,"column":5}},"84":{"start":{"line":276,"column":6},"end":{"line":284,"column":9}},"85":{"start":{"line":285,"column":6},"end":{"line":285,"column":22}},"86":{"start":{"line":286,"column":6},"end":{"line":286,"column":69}},"87":{"start":{"line":289,"column":25},"end":{"line":289,"column":90}},"88":{"start":{"line":291,"column":4},"end":{"line":304,"column":5}},"89":{"start":{"line":292,"column":6},"end":{"line":301,"column":9}},"90":{"start":{"line":302,"column":6},"end":{"line":302,"column":22}},"91":{"start":{"line":303,"column":6},"end":{"line":303,"column":40}},"92":{"start":{"line":306,"column":4},"end":{"line":322,"column":5}},"93":{"start":{"line":307,"column":6},"end":{"line":317,"column":9}},"94":{"start":{"line":318,"column":6},"end":{"line":318,"column":22}},"95":{"start":{"line":319,"column":6},"end":{"line":321,"column":8}},"96":{"start":{"line":324,"column":4},"end":{"line":324,"column":45}},"97":{"start":{"line":325,"column":4},"end":{"line":325,"column":42}},"98":{"start":{"line":326,"column":4},"end":{"line":326,"column":45}},"99":{"start":{"line":327,"column":4},"end":{"line":327,"column":69}},"100":{"start":{"line":328,"column":4},"end":{"line":328,"column":30}},"101":{"start":{"line":330,"column":20},"end":{"line":332,"column":37}},"102":{"start":{"line":334,"column":20},"end":{"line":347,"column":5}},"103":{"start":{"line":349,"column":4},"end":{"line":349,"column":47}},"104":{"start":{"line":350,"column":4},"end":{"line":350,"column":65}},"105":{"start":{"line":352,"column":17},"end":{"line":354,"column":13}},"106":{"start":{"line":356,"column":4},"end":{"line":368,"column":5}},"107":{"start":{"line":357,"column":6},"end":{"line":367,"column":9}},"108":{"start":{"line":370,"column":4},"end":{"line":380,"column":7}},"109":{"start":{"line":382,"column":4},"end":{"line":385,"column":7}},"110":{"start":{"line":387,"column":4},"end":{"line":387,"column":16}},"111":{"start":{"line":391,"column":34},"end":{"line":484,"column":1}},"112":{"start":{"line":392,"column":2},"end":{"line":483,"column":3}},"113":{"start":{"line":393,"column":24},"end":{"line":393,"column":34}},"114":{"start":{"line":394,"column":50},"end":{"line":394,"column":58}},"115":{"start":{"line":396,"column":25},"end":{"line":396,"column":50}},"116":{"start":{"line":397,"column":30},"end":{"line":397,"column":56}},"117":{"start":{"line":399,"column":4},"end":{"line":402,"column":5}},"118":{"start":{"line":400,"column":6},"end":{"line":400,"column":22}},"119":{"start":{"line":401,"column":6},"end":{"line":401,"column":69}},"120":{"start":{"line":404,"column":4},"end":{"line":407,"column":5}},"121":{"start":{"line":405,"column":6},"end":{"line":405,"column":22}},"122":{"start":{"line":406,"column":6},"end":{"line":406,"column":75}},"123":{"start":{"line":409,"column":18},"end":{"line":409,"column":47}},"124":{"start":{"line":411,"column":4},"end":{"line":414,"column":5}},"125":{"start":{"line":412,"column":6},"end":{"line":412,"column":22}},"126":{"start":{"line":413,"column":6},"end":{"line":413,"column":41}},"127":{"start":{"line":416,"column":4},"end":{"line":423,"column":5}},"128":{"start":{"line":417,"column":6},"end":{"line":422,"column":8}},"129":{"start":{"line":425,"column":4},"end":{"line":427,"column":5}},"130":{"start":{"line":426,"column":6},"end":{"line":426,"column":51}},"131":{"start":{"line":429,"column":4},"end":{"line":431,"column":5}},"132":{"start":{"line":430,"column":6},"end":{"line":430,"column":61}},"133":{"start":{"line":433,"column":4},"end":{"line":435,"column":5}},"134":{"start":{"line":434,"column":6},"end":{"line":434,"column":46}},"135":{"start":{"line":437,"column":4},"end":{"line":437,"column":48}},"136":{"start":{"line":438,"column":4},"end":{"line":438,"column":23}},"137":{"start":{"line":440,"column":24},"end":{"line":449,"column":5}},"138":{"start":{"line":451,"column":4},"end":{"line":451,"column":56}},"139":{"start":{"line":452,"column":4},"end":{"line":452,"column":86}},"140":{"start":{"line":453,"column":4},"end":{"line":463,"column":7}},"141":{"start":{"line":465,"column":4},"end":{"line":475,"column":7}},"142":{"start":{"line":477,"column":4},"end":{"line":480,"column":7}},"143":{"start":{"line":482,"column":4},"end":{"line":482,"column":16}},"144":{"start":{"line":486,"column":27},"end":{"line":607,"column":1}},"145":{"start":{"line":487,"column":2},"end":{"line":606,"column":3}},"146":{"start":{"line":488,"column":24},"end":{"line":488,"column":34}},"147":{"start":{"line":489,"column":18},"end":{"line":489,"column":54}},"148":{"start":{"line":490,"column":20},"end":{"line":490,"column":58}},"149":{"start":{"line":491,"column":21},"end":{"line":491,"column":58}},"150":{"start":{"line":492,"column":17},"end":{"line":492,"column":88}},"151":{"start":{"line":494,"column":4},"end":{"line":497,"column":5}},"152":{"start":{"line":495,"column":6},"end":{"line":495,"column":22}},"153":{"start":{"line":496,"column":6},"end":{"line":496,"column":56}},"154":{"start":{"line":499,"column":4},"end":{"line":502,"column":5}},"155":{"start":{"line":500,"column":6},"end":{"line":500,"column":22}},"156":{"start":{"line":501,"column":6},"end":{"line":501,"column":68}},"157":{"start":{"line":504,"column":4},"end":{"line":507,"column":5}},"158":{"start":{"line":505,"column":6},"end":{"line":505,"column":22}},"159":{"start":{"line":506,"column":6},"end":{"line":506,"column":70}},"160":{"start":{"line":509,"column":18},"end":{"line":511,"column":13}},"161":{"start":{"line":513,"column":4},"end":{"line":516,"column":5}},"162":{"start":{"line":514,"column":6},"end":{"line":514,"column":22}},"163":{"start":{"line":515,"column":6},"end":{"line":515,"column":41}},"164":{"start":{"line":518,"column":31},"end":{"line":520,"column":5}},"165":{"start":{"line":522,"column":4},"end":{"line":524,"column":5}},"166":{"start":{"line":523,"column":6},"end":{"line":523,"column":53}},"167":{"start":{"line":526,"column":31},"end":{"line":526,"column":87}},"168":{"start":{"line":528,"column":18},"end":{"line":535,"column":10}},"169":{"start":{"line":537,"column":22},"end":{"line":537,"column":46}},"170":{"start":{"line":539,"column":4},"end":{"line":558,"column":6}},"171":{"start":{"line":541,"column":8},"end":{"line":556,"column":10}},"172":{"start":{"line":560,"column":4},"end":{"line":568,"column":7}},"173":{"start":{"line":570,"column":29},"end":{"line":582,"column":5}},"174":{"start":{"line":584,"column":4},"end":{"line":584,"column":67}},"175":{"start":{"line":585,"column":4},"end":{"line":585,"column":75}},"176":{"start":{"line":587,"column":4},"end":{"line":598,"column":7}},"177":{"start":{"line":600,"column":4},"end":{"line":603,"column":7}},"178":{"start":{"line":605,"column":4},"end":{"line":605,"column":16}},"179":{"start":{"line":609,"column":0},"end":{"line":619,"column":2}}},"fnMap":{"0":{"name":"(anonymous_0)","decl":{"start":{"line":12,"column":30},"end":{"line":12,"column":31}},"loc":{"start":{"line":12,"column":49},"end":{"line":21,"column":1}},"line":12},"1":{"name":"(anonymous_1)","decl":{"start":{"line":23,"column":25},"end":{"line":23,"column":26}},"loc":{"start":{"line":23,"column":44},"end":{"line":37,"column":1}},"line":23},"2":{"name":"(anonymous_2)","decl":{"start":{"line":39,"column":22},"end":{"line":39,"column":23}},"loc":{"start":{"line":39,"column":39},"end":{"line":56,"column":1}},"line":39},"3":{"name":"(anonymous_3)","decl":{"start":{"line":58,"column":26},"end":{"line":58,"column":27}},"loc":{"start":{"line":58,"column":37},"end":{"line":65,"column":1}},"line":58},"4":{"name":"(anonymous_4)","decl":{"start":{"line":67,"column":20},"end":{"line":67,"column":21}},"loc":{"start":{"line":67,"column":46},"end":{"line":120,"column":1}},"line":67},"5":{"name":"(anonymous_5)","decl":{"start":{"line":122,"column":23},"end":{"line":122,"column":24}},"loc":{"start":{"line":122,"column":49},"end":{"line":133,"column":1}},"line":122},"6":{"name":"(anonymous_6)","decl":{"start":{"line":135,"column":25},"end":{"line":135,"column":26}},"loc":{"start":{"line":135,"column":51},"end":{"line":147,"column":1}},"line":135},"7":{"name":"(anonymous_7)","decl":{"start":{"line":149,"column":25},"end":{"line":149,"column":26}},"loc":{"start":{"line":149,"column":51},"end":{"line":163,"column":1}},"line":149},"8":{"name":"(anonymous_8)","decl":{"start":{"line":165,"column":28},"end":{"line":165,"column":29}},"loc":{"start":{"line":165,"column":54},"end":{"line":214,"column":1}},"line":165},"9":{"name":"(anonymous_9)","decl":{"start":{"line":216,"column":26},"end":{"line":216,"column":27}},"loc":{"start":{"line":216,"column":52},"end":{"line":268,"column":1}},"line":216},"10":{"name":"(anonymous_10)","decl":{"start":{"line":254,"column":39},"end":{"line":254,"column":40}},"loc":{"start":{"line":254,"column":51},"end":{"line":263,"column":7}},"line":254},"11":{"name":"(anonymous_11)","decl":{"start":{"line":270,"column":25},"end":{"line":270,"column":26}},"loc":{"start":{"line":270,"column":51},"end":{"line":389,"column":1}},"line":270},"12":{"name":"(anonymous_12)","decl":{"start":{"line":391,"column":34},"end":{"line":391,"column":35}},"loc":{"start":{"line":391,"column":60},"end":{"line":484,"column":1}},"line":391},"13":{"name":"(anonymous_13)","decl":{"start":{"line":486,"column":27},"end":{"line":486,"column":28}},"loc":{"start":{"line":486,"column":53},"end":{"line":607,"column":1}},"line":486},"14":{"name":"(anonymous_14)","decl":{"start":{"line":540,"column":16},"end":{"line":540,"column":17}},"loc":{"start":{"line":541,"column":8},"end":{"line":556,"column":10}},"line":541}},"branchMap":{"0":{"loc":{"start":{"line":18,"column":11},"end":{"line":18,"column":56}},"type":"binary-expr","locations":[{"start":{"line":18,"column":11},"end":{"line":18,"column":34}},{"start":{"line":18,"column":38},"end":{"line":18,"column":56}}],"line":18},"1":{"loc":{"start":{"line":19,"column":14},"end":{"line":19,"column":76}},"type":"binary-expr","locations":[{"start":{"line":19,"column":14},"end":{"line":19,"column":39}},{"start":{"line":19,"column":43},"end":{"line":19,"column":76}}],"line":19},"2":{"loc":{"start":{"line":27,"column":11},"end":{"line":27,"column":56}},"type":"binary-expr","locations":[{"start":{"line":27,"column":11},"end":{"line":27,"column":34}},{"start":{"line":27,"column":38},"end":{"line":27,"column":56}}],"line":27},"3":{"loc":{"start":{"line":28,"column":14},"end":{"line":28,"column":76}},"type":"binary-expr","locations":[{"start":{"line":28,"column":14},"end":{"line":28,"column":39}},{"start":{"line":28,"column":43},"end":{"line":28,"column":76}}],"line":28},"4":{"loc":{"start":{"line":30,"column":15},"end":{"line":35,"column":10}},"type":"cond-expr","locations":[{"start":{"line":31,"column":6},"end":{"line":34,"column":7}},{"start":{"line":35,"column":6},"end":{"line":35,"column":10}}],"line":30},"5":{"loc":{"start":{"line":40,"column":23},"end":{"line":40,"column":40}},"type":"binary-expr","locations":[{"start":{"line":40,"column":23},"end":{"line":40,"column":34}},{"start":{"line":40,"column":38},"end":{"line":40,"column":40}}],"line":40},"6":{"loc":{"start":{"line":42,"column":2},"end":{"line":44,"column":3}},"type":"if","locations":[{"start":{"line":42,"column":2},"end":{"line":44,"column":3}},{"start":{},"end":{}}],"line":42},"7":{"loc":{"start":{"line":48,"column":4},"end":{"line":50,"column":5}},"type":"if","locations":[{"start":{"line":48,"column":4},"end":{"line":50,"column":5}},{"start":{},"end":{}}],"line":48},"8":{"loc":{"start":{"line":59,"column":21},"end":{"line":59,"column":47}},"type":"binary-expr","locations":[{"start":{"line":59,"column":21},"end":{"line":59,"column":26}},{"start":{"line":59,"column":30},"end":{"line":59,"column":47}}],"line":59},"9":{"loc":{"start":{"line":60,"column":2},"end":{"line":62,"column":3}},"type":"if","locations":[{"start":{"line":60,"column":2},"end":{"line":62,"column":3}},{"start":{},"end":{}}],"line":60},"10":{"loc":{"start":{"line":71,"column":4},"end":{"line":74,"column":5}},"type":"if","locations":[{"start":{"line":71,"column":4},"end":{"line":74,"column":5}},{"start":{},"end":{}}],"line":71},"11":{"loc":{"start":{"line":71,"column":8},"end":{"line":71,"column":62}},"type":"binary-expr","locations":[{"start":{"line":71,"column":8},"end":{"line":71,"column":14}},{"start":{"line":71,"column":18},"end":{"line":71,"column":23}},{"start":{"line":71,"column":27},"end":{"line":71,"column":33}},{"start":{"line":71,"column":37},"end":{"line":71,"column":49}},{"start":{"line":71,"column":53},"end":{"line":71,"column":62}}],"line":71},"12":{"loc":{"start":{"line":77,"column":4},"end":{"line":80,"column":5}},"type":"if","locations":[{"start":{"line":77,"column":4},"end":{"line":80,"column":5}},{"start":{},"end":{}}],"line":77},"13":{"loc":{"start":{"line":169,"column":4},"end":{"line":172,"column":5}},"type":"if","locations":[{"start":{"line":169,"column":4},"end":{"line":172,"column":5}},{"start":{},"end":{}}],"line":169},"14":{"loc":{"start":{"line":176,"column":4},"end":{"line":179,"column":5}},"type":"if","locations":[{"start":{"line":176,"column":4},"end":{"line":179,"column":5}},{"start":{},"end":{}}],"line":176},"15":{"loc":{"start":{"line":181,"column":4},"end":{"line":184,"column":5}},"type":"if","locations":[{"start":{"line":181,"column":4},"end":{"line":184,"column":5}},{"start":{},"end":{}}],"line":181},"16":{"loc":{"start":{"line":202,"column":15},"end":{"line":202,"column":61}},"type":"cond-expr","locations":[{"start":{"line":202,"column":26},"end":{"line":202,"column":42}},{"start":{"line":202,"column":45},"end":{"line":202,"column":61}}],"line":202},"17":{"loc":{"start":{"line":258,"column":22},"end":{"line":258,"column":66}},"type":"binary-expr","locations":[{"start":{"line":258,"column":22},"end":{"line":258,"column":54}},{"start":{"line":258,"column":58},"end":{"line":258,"column":66}}],"line":258},"18":{"loc":{"start":{"line":259,"column":27},"end":{"line":259,"column":74}},"type":"binary-expr","locations":[{"start":{"line":259,"column":27},"end":{"line":259,"column":64}},{"start":{"line":259,"column":68},"end":{"line":259,"column":74}}],"line":259},"19":{"loc":{"start":{"line":260,"column":16},"end":{"line":260,"column":48}},"type":"binary-expr","locations":[{"start":{"line":260,"column":16},"end":{"line":260,"column":42}},{"start":{"line":260,"column":46},"end":{"line":260,"column":48}}],"line":260},"20":{"loc":{"start":{"line":261,"column":21},"end":{"line":261,"column":71}},"type":"binary-expr","locations":[{"start":{"line":261,"column":21},"end":{"line":261,"column":52}},{"start":{"line":261,"column":56},"end":{"line":261,"column":71}}],"line":261},"21":{"loc":{"start":{"line":275,"column":4},"end":{"line":287,"column":5}},"type":"if","locations":[{"start":{"line":275,"column":4},"end":{"line":287,"column":5}},{"start":{},"end":{}}],"line":275},"22":{"loc":{"start":{"line":291,"column":4},"end":{"line":304,"column":5}},"type":"if","locations":[{"start":{"line":291,"column":4},"end":{"line":304,"column":5}},{"start":{},"end":{}}],"line":291},"23":{"loc":{"start":{"line":306,"column":4},"end":{"line":322,"column":5}},"type":"if","locations":[{"start":{"line":306,"column":4},"end":{"line":322,"column":5}},{"start":{},"end":{}}],"line":306},"24":{"loc":{"start":{"line":320,"column":38},"end":{"line":320,"column":95}},"type":"binary-expr","locations":[{"start":{"line":320,"column":38},"end":{"line":320,"column":77}},{"start":{"line":320,"column":81},"end":{"line":320,"column":95}}],"line":320},"25":{"loc":{"start":{"line":327,"column":33},"end":{"line":327,"column":63}},"type":"binary-expr","locations":[{"start":{"line":327,"column":33},"end":{"line":327,"column":58}},{"start":{"line":327,"column":62},"end":{"line":327,"column":63}}],"line":327},"26":{"loc":{"start":{"line":330,"column":20},"end":{"line":332,"column":37}},"type":"cond-expr","locations":[{"start":{"line":331,"column":8},"end":{"line":331,"column":41}},{"start":{"line":332,"column":8},"end":{"line":332,"column":37}}],"line":330},"27":{"loc":{"start":{"line":339,"column":18},"end":{"line":339,"column":80}},"type":"binary-expr","locations":[{"start":{"line":339,"column":18},"end":{"line":339,"column":43}},{"start":{"line":339,"column":47},"end":{"line":339,"column":80}}],"line":339},"28":{"loc":{"start":{"line":346,"column":26},"end":{"line":346,"column":43}},"type":"binary-expr","locations":[{"start":{"line":346,"column":26},"end":{"line":346,"column":37}},{"start":{"line":346,"column":41},"end":{"line":346,"column":43}}],"line":346},"29":{"loc":{"start":{"line":356,"column":4},"end":{"line":368,"column":5}},"type":"if","locations":[{"start":{"line":356,"column":4},"end":{"line":368,"column":5}},{"start":{},"end":{}}],"line":356},"30":{"loc":{"start":{"line":362,"column":71},"end":{"line":362,"column":107}},"type":"binary-expr","locations":[{"start":{"line":362,"column":71},"end":{"line":362,"column":96}},{"start":{"line":362,"column":100},"end":{"line":362,"column":107}}],"line":362},"31":{"loc":{"start":{"line":399,"column":4},"end":{"line":402,"column":5}},"type":"if","locations":[{"start":{"line":399,"column":4},"end":{"line":402,"column":5}},{"start":{},"end":{}}],"line":399},"32":{"loc":{"start":{"line":399,"column":8},"end":{"line":399,"column":56}},"type":"binary-expr","locations":[{"start":{"line":399,"column":8},"end":{"line":399,"column":18}},{"start":{"line":399,"column":22},"end":{"line":399,"column":56}}],"line":399},"33":{"loc":{"start":{"line":404,"column":4},"end":{"line":407,"column":5}},"type":"if","locations":[{"start":{"line":404,"column":4},"end":{"line":407,"column":5}},{"start":{},"end":{}}],"line":404},"34":{"loc":{"start":{"line":404,"column":8},"end":{"line":404,"column":71}},"type":"binary-expr","locations":[{"start":{"line":404,"column":8},"end":{"line":404,"column":23}},{"start":{"line":404,"column":27},"end":{"line":404,"column":71}}],"line":404},"35":{"loc":{"start":{"line":411,"column":4},"end":{"line":414,"column":5}},"type":"if","locations":[{"start":{"line":411,"column":4},"end":{"line":414,"column":5}},{"start":{},"end":{}}],"line":411},"36":{"loc":{"start":{"line":416,"column":4},"end":{"line":423,"column":5}},"type":"if","locations":[{"start":{"line":416,"column":4},"end":{"line":423,"column":5}},{"start":{},"end":{}}],"line":416},"37":{"loc":{"start":{"line":425,"column":4},"end":{"line":427,"column":5}},"type":"if","locations":[{"start":{"line":425,"column":4},"end":{"line":427,"column":5}},{"start":{},"end":{}}],"line":425},"38":{"loc":{"start":{"line":429,"column":4},"end":{"line":431,"column":5}},"type":"if","locations":[{"start":{"line":429,"column":4},"end":{"line":431,"column":5}},{"start":{},"end":{}}],"line":429},"39":{"loc":{"start":{"line":433,"column":4},"end":{"line":435,"column":5}},"type":"if","locations":[{"start":{"line":433,"column":4},"end":{"line":435,"column":5}},{"start":{},"end":{}}],"line":433},"40":{"loc":{"start":{"line":489,"column":25},"end":{"line":489,"column":46}},"type":"binary-expr","locations":[{"start":{"line":489,"column":25},"end":{"line":489,"column":40}},{"start":{"line":489,"column":44},"end":{"line":489,"column":46}}],"line":489},"41":{"loc":{"start":{"line":490,"column":27},"end":{"line":490,"column":50}},"type":"binary-expr","locations":[{"start":{"line":490,"column":27},"end":{"line":490,"column":44}},{"start":{"line":490,"column":48},"end":{"line":490,"column":50}}],"line":490},"42":{"loc":{"start":{"line":492,"column":17},"end":{"line":492,"column":88}},"type":"binary-expr","locations":[{"start":{"line":492,"column":17},"end":{"line":492,"column":67}},{"start":{"line":492,"column":71},"end":{"line":492,"column":88}}],"line":492},"43":{"loc":{"start":{"line":492,"column":24},"end":{"line":492,"column":59}},"type":"binary-expr","locations":[{"start":{"line":492,"column":24},"end":{"line":492,"column":38}},{"start":{"line":492,"column":42},"end":{"line":492,"column":59}}],"line":492},"44":{"loc":{"start":{"line":494,"column":4},"end":{"line":497,"column":5}},"type":"if","locations":[{"start":{"line":494,"column":4},"end":{"line":497,"column":5}},{"start":{},"end":{}}],"line":494},"45":{"loc":{"start":{"line":494,"column":8},"end":{"line":494,"column":26}},"type":"binary-expr","locations":[{"start":{"line":494,"column":8},"end":{"line":494,"column":14}},{"start":{"line":494,"column":18},"end":{"line":494,"column":26}}],"line":494},"46":{"loc":{"start":{"line":499,"column":4},"end":{"line":502,"column":5}},"type":"if","locations":[{"start":{"line":499,"column":4},"end":{"line":502,"column":5}},{"start":{},"end":{}}],"line":499},"47":{"loc":{"start":{"line":504,"column":4},"end":{"line":507,"column":5}},"type":"if","locations":[{"start":{"line":504,"column":4},"end":{"line":507,"column":5}},{"start":{},"end":{}}],"line":504},"48":{"loc":{"start":{"line":513,"column":4},"end":{"line":516,"column":5}},"type":"if","locations":[{"start":{"line":513,"column":4},"end":{"line":516,"column":5}},{"start":{},"end":{}}],"line":513},"49":{"loc":{"start":{"line":522,"column":4},"end":{"line":524,"column":5}},"type":"if","locations":[{"start":{"line":522,"column":4},"end":{"line":524,"column":5}},{"start":{},"end":{}}],"line":522},"50":{"loc":{"start":{"line":528,"column":18},"end":{"line":535,"column":10}},"type":"cond-expr","locations":[{"start":{"line":529,"column":8},"end":{"line":534,"column":17}},{"start":{"line":535,"column":8},"end":{"line":535,"column":10}}],"line":528}},"s":{"0":1,"1":1,"2":1,"3":1,"4":1,"5":1,"6":1,"7":1,"8":0,"9":1,"10":0,"11":1,"12":0,"13":0,"14":0,"15":0,"16":0,"17":0,"18":0,"19":0,"20":1,"21":0,"22":0,"23":0,"24":0,"25":1,"26":0,"27":0,"28":0,"29":0,"30":0,"31":0,"32":0,"33":0,"34":0,"35":0,"36":0,"37":0,"38":0,"39":0,"40":1,"41":0,"42":0,"43":0,"44":0,"45":1,"46":0,"47":0,"48":0,"49":0,"50":1,"51":0,"52":0,"53":0,"54":0,"55":1,"56":0,"57":0,"58":0,"59":0,"60":0,"61":0,"62":0,"63":0,"64":0,"65":0,"66":0,"67":0,"68":0,"69":0,"70":0,"71":0,"72":0,"73":1,"74":0,"75":0,"76":0,"77":0,"78":0,"79":1,"80":0,"81":0,"82":0,"83":0,"84":0,"85":0,"86":0,"87":0,"88":0,"89":0,"90":0,"91":0,"92":0,"93":0,"94":0,"95":0,"96":0,"97":0,"98":0,"99":0,"100":0,"101":0,"102":0,"103":0,"104":0,"105":0,"106":0,"107":0,"108":0,"109":0,"110":0,"111":1,"112":0,"113":0,"114":0,"115":0,"116":0,"117":0,"118":0,"119":0,"120":0,"121":0,"122":0,"123":0,"124":0,"125":0,"126":0,"127":0,"128":0,"129":0,"130":0,"131":0,"132":0,"133":0,"134":0,"135":0,"136":0,"137":0,"138":0,"139":0,"140":0,"141":0,"142":0,"143":0,"144":1,"145":0,"146":0,"147":0,"148":0,"149":0,"150":0,"151":0,"152":0,"153":0,"154":0,"155":0,"156":0,"157":0,"158":0,"159":0,"160":0,"161":0,"162":0,"163":0,"164":0,"165":0,"166":0,"167":0,"168":0,"169":0,"170":0,"171":0,"172":0,"173":0,"174":0,"175":0,"176":0,"177":0,"178":0,"179":1},"f":{"0":0,"1":0,"2":0,"3":0,"4":0,"5":0,"6":0,"7":0,"8":0,"9":0,"10":0,"11":0,"12":0,"13":0,"14":0},"b":{"0":[0,0],"1":[0,0],"2":[0,0],"3":[0,0],"4":[0,0],"5":[0,0],"6":[0,0],"7":[0,0],"8":[0,0],"9":[0,0],"10":[0,0],"11":[0,0,0,0,0],"12":[0,0],"13":[0,0],"14":[0,0],"15":[0,0],"16":[0,0],"17":[0,0],"18":[0,0],"19":[0,0],"20":[0,0],"21":[0,0],"22":[0,0],"23":[0,0],"24":[0,0],"25":[0,0],"26":[0,0],"27":[0,0],"28":[0,0],"29":[0,0],"30":[0,0],"31":[0,0],"32":[0,0],"33":[0,0],"34":[0,0],"35":[0,0],"36":[0,0],"37":[0,0],"38":[0,0],"39":[0,0],"40":[0,0],"41":[0,0],"42":[0,0],"43":[0,0],"44":[0,0],"45":[0,0],"46":[0,0],"47":[0,0],"48":[0,0],"49":[0,0],"50":[0,0]},"_coverageSchema":"1a1c01bbd47fc00a2c39e90264f33305004495a9","hash":"ac4118a3a81a8a3ebf5d9c83efd772159229a8cb"}
,"D:\\College Event Management\\Server\\src\\controllers\\emergencySocialController.js": {"path":"D:\\College Event Management\\Server\\src\\controllers\\emergencySocialController.js","statementMap":{"0":{"start":{"line":1,"column":14},"end":{"line":1,"column":40}},"1":{"start":{"line":2,"column":21},"end":{"line":2,"column":54}},"2":{"start":{"line":3,"column":13},"end":{"line":3,"column":38}},"3":{"start":{"line":4,"column":24},"end":{"line":4,"column":60}},"4":{"start":{"line":5,"column":26},"end":{"line":5,"column":64}},"5":{"start":{"line":6,"column":20},"end":{"line":6,"column":52}},"6":{"start":{"line":7,"column":26},"end":{"line":7,"column":63}},"7":{"start":{"line":8,"column":42},"end":{"line":8,"column":77}},"8":{"start":{"line":9,"column":42},"end":{"line":9,"column":73}},"9":{"start":{"line":13,"column":4},"end":{"line":13,"column":47}},"10":{"start":{"line":15,"column":26},"end":{"line":15,"column":75}},"11":{"start":{"line":16,"column":28},"end":{"line":16,"column":59}},"12":{"start":{"line":18,"column":19},"end":{"line":24,"column":1}},"13":{"start":{"line":19,"column":2},"end":{"line":21,"column":3}},"14":{"start":{"line":20,"column":4},"end":{"line":20,"column":14}},"15":{"start":{"line":23,"column":2},"end":{"line":23,"column":61}},"16":{"start":{"line":26,"column":24},"end":{"line":26,"column":75}},"17":{"start":{"line":26,"column":35},"end":{"line":26,"column":75}},"18":{"start":{"line":27,"column":26},"end":{"line":27,"column":77}},"19":{"start":{"line":27,"column":37},"end":{"line":27,"column":77}},"20":{"start":{"line":29,"column":24},"end":{"line":36,"column":1}},"21":{"start":{"line":30,"column":17},"end":{"line":30,"column":33}},"22":{"start":{"line":31,"column":2},"end":{"line":33,"column":3}},"23":{"start":{"line":32,"column":4},"end":{"line":32,"column":27}},"24":{"start":{"line":35,"column":2},"end":{"line":35,"column":74}},"25":{"start":{"line":38,"column":30},"end":{"line":47,"column":11}},"26":{"start":{"line":39,"column":2},"end":{"line":47,"column":11}},"27":{"start":{"line":49,"column":26},"end":{"line":79,"column":2}},"28":{"start":{"line":49,"column":58},"end":{"line":79,"column":1}},"29":{"start":{"line":66,"column":40},"end":{"line":71,"column":7}},"30":{"start":{"line":81,"column":19},"end":{"line":88,"column":1}},"31":{"start":{"line":82,"column":16},"end":{"line":82,"column":43}},"32":{"start":{"line":83,"column":2},"end":{"line":85,"column":3}},"33":{"start":{"line":84,"column":4},"end":{"line":84,"column":17}},"34":{"start":{"line":87,"column":2},"end":{"line":87,"column":61}},"35":{"start":{"line":90,"column":33},"end":{"line":123,"column":1}},"36":{"start":{"line":91,"column":20},"end":{"line":91,"column":62}},"37":{"start":{"line":92,"column":2},"end":{"line":94,"column":3}},"38":{"start":{"line":93,"column":4},"end":{"line":93,"column":50}},"39":{"start":{"line":96,"column":18},"end":{"line":96,"column":27}},"40":{"start":{"line":98,"column":2},"end":{"line":106,"column":5}},"41":{"start":{"line":99,"column":4},"end":{"line":101,"column":5}},"42":{"start":{"line":100,"column":6},"end":{"line":100,"column":13}},"43":{"start":{"line":103,"column":21},"end":{"line":103,"column":62}},"44":{"start":{"line":104,"column":25},"end":{"line":104,"column":51}},"45":{"start":{"line":105,"column":4},"end":{"line":105,"column":44}},"46":{"start":{"line":108,"column":22},"end":{"line":108,"column":24}},"47":{"start":{"line":109,"column":21},"end":{"line":109,"column":22}},"48":{"start":{"line":111,"column":2},"end":{"line":116,"column":5}},"49":{"start":{"line":112,"column":4},"end":{"line":115,"column":5}},"50":{"start":{"line":113,"column":6},"end":{"line":113,"column":27}},"51":{"start":{"line":114,"column":6},"end":{"line":114,"column":31}},"52":{"start":{"line":118,"column":2},"end":{"line":120,"column":3}},"53":{"start":{"line":119,"column":4},"end":{"line":119,"column":86}},"54":{"start":{"line":122,"column":2},"end":{"line":122,"column":100}},"55":{"start":{"line":125,"column":29},"end":{"line":157,"column":1}},"56":{"start":{"line":126,"column":27},"end":{"line":126,"column":56}},"57":{"start":{"line":128,"column":2},"end":{"line":156,"column":4}},"58":{"start":{"line":140,"column":29},"end":{"line":140,"column":80}},"59":{"start":{"line":141,"column":36},"end":{"line":141,"column":77}},"60":{"start":{"line":143,"column":10},"end":{"line":150,"column":12}},"61":{"start":{"line":159,"column":30},"end":{"line":173,"column":1}},"62":{"start":{"line":160,"column":18},"end":{"line":160,"column":20}},"63":{"start":{"line":161,"column":17},"end":{"line":161,"column":18}},"64":{"start":{"line":163,"column":2},"end":{"line":170,"column":3}},"65":{"start":{"line":164,"column":22},"end":{"line":164,"column":41}},"66":{"start":{"line":165,"column":19},"end":{"line":165,"column":85}},"67":{"start":{"line":166,"column":4},"end":{"line":168,"column":5}},"68":{"start":{"line":167,"column":6},"end":{"line":167,"column":28}},"69":{"start":{"line":169,"column":4},"end":{"line":169,"column":18}},"70":{"start":{"line":172,"column":2},"end":{"line":172,"column":19}},"71":{"start":{"line":175,"column":19},"end":{"line":279,"column":1}},"72":{"start":{"line":176,"column":2},"end":{"line":278,"column":3}},"73":{"start":{"line":177,"column":24},"end":{"line":177,"column":34}},"74":{"start":{"line":178,"column":19},"end":{"line":178,"column":52}},"75":{"start":{"line":179,"column":21},"end":{"line":179,"column":58}},"76":{"start":{"line":180,"column":20},"end":{"line":180,"column":72}},"77":{"start":{"line":182,"column":4},"end":{"line":185,"column":5}},"78":{"start":{"line":183,"column":6},"end":{"line":183,"column":22}},"79":{"start":{"line":184,"column":6},"end":{"line":184,"column":63}},"80":{"start":{"line":187,"column":4},"end":{"line":190,"column":5}},"81":{"start":{"line":188,"column":6},"end":{"line":188,"column":22}},"82":{"start":{"line":189,"column":6},"end":{"line":189,"column":44}},"83":{"start":{"line":192,"column":18},"end":{"line":192,"column":73}},"84":{"start":{"line":193,"column":4},"end":{"line":196,"column":5}},"85":{"start":{"line":194,"column":6},"end":{"line":194,"column":22}},"86":{"start":{"line":195,"column":6},"end":{"line":195,"column":41}},"87":{"start":{"line":198,"column":25},"end":{"line":198,"column":79}},"88":{"start":{"line":199,"column":4},"end":{"line":202,"column":5}},"89":{"start":{"line":200,"column":6},"end":{"line":200,"column":22}},"90":{"start":{"line":201,"column":6},"end":{"line":201,"column":84}},"91":{"start":{"line":204,"column":21},"end":{"line":220,"column":6}},"92":{"start":{"line":222,"column":20},"end":{"line":222,"column":71}},"93":{"start":{"line":224,"column":4},"end":{"line":227,"column":7}},"94":{"start":{"line":229,"column":4},"end":{"line":232,"column":7}},"95":{"start":{"line":234,"column":4},"end":{"line":244,"column":7}},"96":{"start":{"line":246,"column":4},"end":{"line":257,"column":7}},"97":{"start":{"line":259,"column":4},"end":{"line":270,"column":7}},"98":{"start":{"line":272,"column":4},"end":{"line":275,"column":7}},"99":{"start":{"line":277,"column":4},"end":{"line":277,"column":16}},"100":{"start":{"line":281,"column":23},"end":{"line":382,"column":1}},"101":{"start":{"line":282,"column":2},"end":{"line":381,"column":3}},"102":{"start":{"line":283,"column":24},"end":{"line":283,"column":34}},"103":{"start":{"line":284,"column":21},"end":{"line":284,"column":54}},"104":{"start":{"line":286,"column":4},"end":{"line":289,"column":5}},"105":{"start":{"line":287,"column":6},"end":{"line":287,"column":22}},"106":{"start":{"line":288,"column":6},"end":{"line":288,"column":58}},"107":{"start":{"line":291,"column":18},"end":{"line":291,"column":73}},"108":{"start":{"line":292,"column":4},"end":{"line":295,"column":5}},"109":{"start":{"line":293,"column":6},"end":{"line":293,"column":22}},"110":{"start":{"line":294,"column":6},"end":{"line":294,"column":41}},"111":{"start":{"line":297,"column":23},"end":{"line":297,"column":79}},"112":{"start":{"line":299,"column":4},"end":{"line":302,"column":5}},"113":{"start":{"line":300,"column":6},"end":{"line":300,"column":22}},"114":{"start":{"line":301,"column":6},"end":{"line":301,"column":72}},"115":{"start":{"line":304,"column":21},"end":{"line":304,"column":95}},"116":{"start":{"line":304,"column":53},"end":{"line":304,"column":94}},"117":{"start":{"line":305,"column":4},"end":{"line":308,"column":5}},"118":{"start":{"line":306,"column":6},"end":{"line":306,"column":22}},"119":{"start":{"line":307,"column":6},"end":{"line":307,"column":65}},"120":{"start":{"line":310,"column":22},"end":{"line":312,"column":5}},"121":{"start":{"line":311,"column":16},"end":{"line":311,"column":85}},"122":{"start":{"line":314,"column":4},"end":{"line":317,"column":5}},"123":{"start":{"line":315,"column":6},"end":{"line":315,"column":22}},"124":{"start":{"line":316,"column":6},"end":{"line":316,"column":68}},"125":{"start":{"line":319,"column":23},"end":{"line":322,"column":5}},"126":{"start":{"line":324,"column":24},"end":{"line":338,"column":63}},"127":{"start":{"line":326,"column":27},"end":{"line":329,"column":9}},"128":{"start":{"line":331,"column":25},"end":{"line":331,"column":93}},"129":{"start":{"line":333,"column":8},"end":{"line":336,"column":10}},"130":{"start":{"line":338,"column":29},"end":{"line":338,"column":59}},"131":{"start":{"line":340,"column":19},"end":{"line":340,"column":59}},"132":{"start":{"line":342,"column":25},"end":{"line":346,"column":12}},"133":{"start":{"line":344,"column":20},"end":{"line":344,"column":110}},"134":{"start":{"line":348,"column":26},"end":{"line":358,"column":5}},"135":{"start":{"line":360,"column":22},"end":{"line":360,"column":51}},"136":{"start":{"line":362,"column":4},"end":{"line":378,"column":7}},"137":{"start":{"line":380,"column":4},"end":{"line":380,"column":16}},"138":{"start":{"line":384,"column":30},"end":{"line":431,"column":1}},"139":{"start":{"line":385,"column":2},"end":{"line":430,"column":3}},"140":{"start":{"line":386,"column":24},"end":{"line":386,"column":34}},"141":{"start":{"line":387,"column":19},"end":{"line":387,"column":70}},"142":{"start":{"line":388,"column":18},"end":{"line":388,"column":76}},"143":{"start":{"line":390,"column":18},"end":{"line":390,"column":48}},"144":{"start":{"line":391,"column":4},"end":{"line":394,"column":5}},"145":{"start":{"line":392,"column":6},"end":{"line":392,"column":22}},"146":{"start":{"line":393,"column":6},"end":{"line":393,"column":41}},"147":{"start":{"line":396,"column":19},"end":{"line":396,"column":37}},"148":{"start":{"line":398,"column":4},"end":{"line":404,"column":5}},"149":{"start":{"line":399,"column":6},"end":{"line":402,"column":7}},"150":{"start":{"line":400,"column":8},"end":{"line":400,"column":24}},"151":{"start":{"line":401,"column":8},"end":{"line":401,"column":58}},"152":{"start":{"line":403,"column":6},"end":{"line":403,"column":29}},"153":{"start":{"line":406,"column":22},"end":{"line":409,"column":13}},"154":{"start":{"line":411,"column":20},"end":{"line":414,"column":5}},"155":{"start":{"line":413,"column":58},"end":{"line":413,"column":80}},"156":{"start":{"line":416,"column":4},"end":{"line":418,"column":7}},"157":{"start":{"line":417,"column":6},"end":{"line":417,"column":87}},"158":{"start":{"line":420,"column":4},"end":{"line":427,"column":7}},"159":{"start":{"line":426,"column":45},"end":{"line":426,"column":85}},"160":{"start":{"line":429,"column":4},"end":{"line":429,"column":16}},"161":{"start":{"line":433,"column":32},"end":{"line":526,"column":1}},"162":{"start":{"line":434,"column":2},"end":{"line":525,"column":3}},"163":{"start":{"line":435,"column":27},"end":{"line":435,"column":37}},"164":{"start":{"line":436,"column":23},"end":{"line":436,"column":74}},"165":{"start":{"line":437,"column":17},"end":{"line":437,"column":66}},"166":{"start":{"line":439,"column":4},"end":{"line":442,"column":5}},"167":{"start":{"line":440,"column":6},"end":{"line":440,"column":22}},"168":{"start":{"line":441,"column":6},"end":{"line":441,"column":88}},"169":{"start":{"line":444,"column":21},"end":{"line":444,"column":92}},"170":{"start":{"line":446,"column":4},"end":{"line":449,"column":5}},"171":{"start":{"line":447,"column":6},"end":{"line":447,"column":22}},"172":{"start":{"line":448,"column":6},"end":{"line":448,"column":54}},"173":{"start":{"line":451,"column":27},"end":{"line":451,"column":42}},"174":{"start":{"line":453,"column":4},"end":{"line":478,"column":5}},"175":{"start":{"line":454,"column":6},"end":{"line":454,"column":35}},"176":{"start":{"line":455,"column":6},"end":{"line":460,"column":9}},"177":{"start":{"line":462,"column":6},"end":{"line":465,"column":7}},"178":{"start":{"line":463,"column":8},"end":{"line":463,"column":45}},"179":{"start":{"line":464,"column":8},"end":{"line":464,"column":43}},"180":{"start":{"line":467,"column":6},"end":{"line":470,"column":7}},"181":{"start":{"line":468,"column":8},"end":{"line":468,"column":41}},"182":{"start":{"line":469,"column":8},"end":{"line":469,"column":43}},"183":{"start":{"line":472,"column":6},"end":{"line":475,"column":7}},"184":{"start":{"line":473,"column":8},"end":{"line":473,"column":42}},"185":{"start":{"line":474,"column":8},"end":{"line":474,"column":43}},"186":{"start":{"line":477,"column":6},"end":{"line":477,"column":28}},"187":{"start":{"line":480,"column":20},"end":{"line":480,"column":69}},"188":{"start":{"line":481,"column":23},"end":{"line":481,"column":55}},"189":{"start":{"line":483,"column":20},"end":{"line":483,"column":70}},"190":{"start":{"line":485,"column":4},"end":{"line":488,"column":7}},"191":{"start":{"line":490,"column":4},"end":{"line":493,"column":7}},"192":{"start":{"line":495,"column":4},"end":{"line":504,"column":7}},"193":{"start":{"line":506,"column":4},"end":{"line":517,"column":7}},"194":{"start":{"line":519,"column":4},"end":{"line":522,"column":7}},"195":{"start":{"line":524,"column":4},"end":{"line":524,"column":16}},"196":{"start":{"line":528,"column":31},"end":{"line":636,"column":1}},"197":{"start":{"line":529,"column":2},"end":{"line":635,"column":3}},"198":{"start":{"line":530,"column":24},"end":{"line":530,"column":34}},"199":{"start":{"line":531,"column":18},"end":{"line":531,"column":68}},"200":{"start":{"line":532,"column":20},"end":{"line":532,"column":72}},"201":{"start":{"line":533,"column":21},"end":{"line":533,"column":58}},"202":{"start":{"line":534,"column":21},"end":{"line":534,"column":81}},"203":{"start":{"line":536,"column":4},"end":{"line":539,"column":5}},"204":{"start":{"line":537,"column":6},"end":{"line":537,"column":22}},"205":{"start":{"line":538,"column":6},"end":{"line":538,"column":56}},"206":{"start":{"line":541,"column":4},"end":{"line":544,"column":5}},"207":{"start":{"line":542,"column":6},"end":{"line":542,"column":22}},"208":{"start":{"line":543,"column":6},"end":{"line":543,"column":74}},"209":{"start":{"line":546,"column":18},"end":{"line":546,"column":48}},"210":{"start":{"line":547,"column":4},"end":{"line":550,"column":5}},"211":{"start":{"line":548,"column":6},"end":{"line":548,"column":22}},"212":{"start":{"line":549,"column":6},"end":{"line":549,"column":41}},"213":{"start":{"line":552,"column":19},"end":{"line":552,"column":75}},"214":{"start":{"line":554,"column":18},"end":{"line":561,"column":10}},"215":{"start":{"line":563,"column":22},"end":{"line":563,"column":46}},"216":{"start":{"line":565,"column":4},"end":{"line":585,"column":6}},"217":{"start":{"line":567,"column":8},"end":{"line":583,"column":10}},"218":{"start":{"line":587,"column":4},"end":{"line":596,"column":7}},"219":{"start":{"line":598,"column":29},"end":{"line":611,"column":5}},"220":{"start":{"line":613,"column":4},"end":{"line":613,"column":67}},"221":{"start":{"line":614,"column":4},"end":{"line":614,"column":85}},"222":{"start":{"line":616,"column":4},"end":{"line":627,"column":7}},"223":{"start":{"line":629,"column":4},"end":{"line":632,"column":7}},"224":{"start":{"line":634,"column":4},"end":{"line":634,"column":16}},"225":{"start":{"line":638,"column":26},"end":{"line":735,"column":1}},"226":{"start":{"line":639,"column":2},"end":{"line":734,"column":3}},"227":{"start":{"line":640,"column":24},"end":{"line":640,"column":34}},"228":{"start":{"line":641,"column":25},"end":{"line":641,"column":64}},"229":{"start":{"line":642,"column":22},"end":{"line":642,"column":62}},"230":{"start":{"line":643,"column":30},"end":{"line":643,"column":76}},"231":{"start":{"line":644,"column":28},"end":{"line":644,"column":88}},"232":{"start":{"line":645,"column":33},"end":{"line":645,"column":72}},"233":{"start":{"line":646,"column":18},"end":{"line":646,"column":67}},"234":{"start":{"line":648,"column":4},"end":{"line":651,"column":5}},"235":{"start":{"line":649,"column":6},"end":{"line":649,"column":22}},"236":{"start":{"line":650,"column":6},"end":{"line":650,"column":71}},"237":{"start":{"line":653,"column":4},"end":{"line":656,"column":5}},"238":{"start":{"line":654,"column":6},"end":{"line":654,"column":22}},"239":{"start":{"line":655,"column":6},"end":{"line":655,"column":50}},"240":{"start":{"line":658,"column":18},"end":{"line":658,"column":73}},"241":{"start":{"line":659,"column":4},"end":{"line":662,"column":5}},"242":{"start":{"line":660,"column":6},"end":{"line":660,"column":22}},"243":{"start":{"line":661,"column":6},"end":{"line":661,"column":41}},"244":{"start":{"line":664,"column":31},"end":{"line":664,"column":91}},"245":{"start":{"line":665,"column":4},"end":{"line":668,"column":5}},"246":{"start":{"line":666,"column":6},"end":{"line":666,"column":22}},"247":{"start":{"line":667,"column":6},"end":{"line":667,"column":86}},"248":{"start":{"line":670,"column":26},"end":{"line":670,"column":62}},"249":{"start":{"line":671,"column":4},"end":{"line":674,"column":5}},"250":{"start":{"line":672,"column":6},"end":{"line":672,"column":22}},"251":{"start":{"line":673,"column":6},"end":{"line":673,"column":71}},"252":{"start":{"line":676,"column":32},"end":{"line":676,"column":81}},"253":{"start":{"line":678,"column":18},"end":{"line":701,"column":6}},"254":{"start":{"line":703,"column":20},"end":{"line":703,"column":90}},"255":{"start":{"line":705,"column":4},"end":{"line":708,"column":7}},"256":{"start":{"line":710,"column":4},"end":{"line":721,"column":7}},"257":{"start":{"line":723,"column":4},"end":{"line":726,"column":7}},"258":{"start":{"line":728,"column":4},"end":{"line":731,"column":5}},"259":{"start":{"line":729,"column":6},"end":{"line":729,"column":22}},"260":{"start":{"line":730,"column":6},"end":{"line":730,"column":66}},"261":{"start":{"line":733,"column":4},"end":{"line":733,"column":23}},"262":{"start":{"line":737,"column":24},"end":{"line":835,"column":1}},"263":{"start":{"line":738,"column":2},"end":{"line":834,"column":3}},"264":{"start":{"line":739,"column":24},"end":{"line":739,"column":34}},"265":{"start":{"line":740,"column":22},"end":{"line":740,"column":77}},"266":{"start":{"line":741,"column":19},"end":{"line":741,"column":52}},"267":{"start":{"line":742,"column":33},"end":{"line":742,"column":72}},"268":{"start":{"line":743,"column":18},"end":{"line":743,"column":67}},"269":{"start":{"line":745,"column":4},"end":{"line":748,"column":5}},"270":{"start":{"line":746,"column":6},"end":{"line":746,"column":22}},"271":{"start":{"line":747,"column":6},"end":{"line":747,"column":69}},"272":{"start":{"line":750,"column":4},"end":{"line":753,"column":5}},"273":{"start":{"line":751,"column":6},"end":{"line":751,"column":22}},"274":{"start":{"line":752,"column":6},"end":{"line":752,"column":59}},"275":{"start":{"line":755,"column":18},"end":{"line":755,"column":73}},"276":{"start":{"line":756,"column":4},"end":{"line":759,"column":5}},"277":{"start":{"line":757,"column":6},"end":{"line":757,"column":22}},"278":{"start":{"line":758,"column":6},"end":{"line":758,"column":41}},"279":{"start":{"line":761,"column":25},"end":{"line":761,"column":79}},"280":{"start":{"line":762,"column":4},"end":{"line":765,"column":5}},"281":{"start":{"line":763,"column":6},"end":{"line":763,"column":22}},"282":{"start":{"line":764,"column":6},"end":{"line":764,"column":84}},"283":{"start":{"line":767,"column":18},"end":{"line":771,"column":6}},"284":{"start":{"line":773,"column":4},"end":{"line":776,"column":5}},"285":{"start":{"line":774,"column":6},"end":{"line":774,"column":22}},"286":{"start":{"line":775,"column":6},"end":{"line":775,"column":48}},"287":{"start":{"line":778,"column":27},"end":{"line":782,"column":5}},"288":{"start":{"line":780,"column":8},"end":{"line":781,"column":77}},"289":{"start":{"line":784,"column":4},"end":{"line":787,"column":5}},"290":{"start":{"line":785,"column":6},"end":{"line":785,"column":22}},"291":{"start":{"line":786,"column":6},"end":{"line":786,"column":56}},"292":{"start":{"line":789,"column":4},"end":{"line":792,"column":5}},"293":{"start":{"line":790,"column":6},"end":{"line":790,"column":22}},"294":{"start":{"line":791,"column":6},"end":{"line":791,"column":67}},"295":{"start":{"line":794,"column":4},"end":{"line":804,"column":7}},"296":{"start":{"line":806,"column":4},"end":{"line":806,"column":23}},"297":{"start":{"line":808,"column":20},"end":{"line":808,"column":84}},"298":{"start":{"line":810,"column":4},"end":{"line":813,"column":7}},"299":{"start":{"line":815,"column":4},"end":{"line":826,"column":7}},"300":{"start":{"line":828,"column":4},"end":{"line":831,"column":7}},"301":{"start":{"line":833,"column":4},"end":{"line":833,"column":16}},"302":{"start":{"line":837,"column":34},"end":{"line":932,"column":1}},"303":{"start":{"line":838,"column":2},"end":{"line":931,"column":3}},"304":{"start":{"line":839,"column":24},"end":{"line":839,"column":34}},"305":{"start":{"line":840,"column":22},"end":{"line":840,"column":77}},"306":{"start":{"line":841,"column":19},"end":{"line":841,"column":52}},"307":{"start":{"line":842,"column":21},"end":{"line":842,"column":58}},"308":{"start":{"line":843,"column":36},"end":{"line":843,"column":66}},"309":{"start":{"line":845,"column":4},"end":{"line":848,"column":5}},"310":{"start":{"line":846,"column":6},"end":{"line":846,"column":22}},"311":{"start":{"line":847,"column":6},"end":{"line":847,"column":73}},"312":{"start":{"line":850,"column":4},"end":{"line":853,"column":5}},"313":{"start":{"line":851,"column":6},"end":{"line":851,"column":22}},"314":{"start":{"line":852,"column":6},"end":{"line":852,"column":59}},"315":{"start":{"line":855,"column":4},"end":{"line":858,"column":5}},"316":{"start":{"line":856,"column":6},"end":{"line":856,"column":22}},"317":{"start":{"line":857,"column":6},"end":{"line":857,"column":66}},"318":{"start":{"line":860,"column":25},"end":{"line":860,"column":79}},"319":{"start":{"line":861,"column":4},"end":{"line":864,"column":5}},"320":{"start":{"line":862,"column":6},"end":{"line":862,"column":22}},"321":{"start":{"line":863,"column":6},"end":{"line":863,"column":84}},"322":{"start":{"line":866,"column":18},"end":{"line":870,"column":6}},"323":{"start":{"line":872,"column":4},"end":{"line":875,"column":5}},"324":{"start":{"line":873,"column":6},"end":{"line":873,"column":22}},"325":{"start":{"line":874,"column":6},"end":{"line":874,"column":48}},"326":{"start":{"line":877,"column":19},"end":{"line":881,"column":5}},"327":{"start":{"line":879,"column":8},"end":{"line":880,"column":74}},"328":{"start":{"line":883,"column":4},"end":{"line":886,"column":5}},"329":{"start":{"line":884,"column":6},"end":{"line":884,"column":22}},"330":{"start":{"line":885,"column":6},"end":{"line":885,"column":56}},"331":{"start":{"line":888,"column":4},"end":{"line":894,"column":5}},"332":{"start":{"line":889,"column":6},"end":{"line":889,"column":60}},"333":{"start":{"line":890,"column":6},"end":{"line":893,"column":7}},"334":{"start":{"line":891,"column":8},"end":{"line":891,"column":36}},"335":{"start":{"line":892,"column":8},"end":{"line":892,"column":37}},"336":{"start":{"line":896,"column":4},"end":{"line":899,"column":5}},"337":{"start":{"line":897,"column":6},"end":{"line":897,"column":40}},"338":{"start":{"line":898,"column":6},"end":{"line":898,"column":41}},"339":{"start":{"line":901,"column":4},"end":{"line":901,"column":23}},"340":{"start":{"line":903,"column":20},"end":{"line":903,"column":84}},"341":{"start":{"line":905,"column":4},"end":{"line":908,"column":7}},"342":{"start":{"line":910,"column":4},"end":{"line":923,"column":7}},"343":{"start":{"line":925,"column":4},"end":{"line":928,"column":7}},"344":{"start":{"line":930,"column":4},"end":{"line":930,"column":16}},"345":{"start":{"line":934,"column":23},"end":{"line":984,"column":1}},"346":{"start":{"line":935,"column":2},"end":{"line":983,"column":3}},"347":{"start":{"line":936,"column":24},"end":{"line":936,"column":34}},"348":{"start":{"line":937,"column":22},"end":{"line":937,"column":77}},"349":{"start":{"line":938,"column":19},"end":{"line":938,"column":72}},"350":{"start":{"line":940,"column":4},"end":{"line":943,"column":5}},"351":{"start":{"line":941,"column":6},"end":{"line":941,"column":22}},"352":{"start":{"line":942,"column":6},"end":{"line":942,"column":69}},"353":{"start":{"line":945,"column":4},"end":{"line":948,"column":5}},"354":{"start":{"line":946,"column":6},"end":{"line":946,"column":22}},"355":{"start":{"line":947,"column":6},"end":{"line":947,"column":59}},"356":{"start":{"line":950,"column":25},"end":{"line":950,"column":79}},"357":{"start":{"line":951,"column":4},"end":{"line":954,"column":5}},"358":{"start":{"line":952,"column":6},"end":{"line":952,"column":22}},"359":{"start":{"line":953,"column":6},"end":{"line":953,"column":84}},"360":{"start":{"line":956,"column":18},"end":{"line":960,"column":13}},"361":{"start":{"line":962,"column":4},"end":{"line":965,"column":5}},"362":{"start":{"line":963,"column":6},"end":{"line":963,"column":22}},"363":{"start":{"line":964,"column":6},"end":{"line":964,"column":48}},"364":{"start":{"line":967,"column":21},"end":{"line":971,"column":5}},"365":{"start":{"line":969,"column":8},"end":{"line":970,"column":78}},"366":{"start":{"line":973,"column":4},"end":{"line":976,"column":5}},"367":{"start":{"line":974,"column":6},"end":{"line":974,"column":22}},"368":{"start":{"line":975,"column":6},"end":{"line":975,"column":67}},"369":{"start":{"line":978,"column":4},"end":{"line":980,"column":7}},"370":{"start":{"line":982,"column":4},"end":{"line":982,"column":16}},"371":{"start":{"line":986,"column":29},"end":{"line":1024,"column":1}},"372":{"start":{"line":987,"column":2},"end":{"line":1023,"column":3}},"373":{"start":{"line":988,"column":24},"end":{"line":988,"column":34}},"374":{"start":{"line":989,"column":23},"end":{"line":989,"column":94}},"375":{"start":{"line":990,"column":18},"end":{"line":990,"column":76}},"376":{"start":{"line":992,"column":18},"end":{"line":992,"column":48}},"377":{"start":{"line":993,"column":4},"end":{"line":996,"column":5}},"378":{"start":{"line":994,"column":6},"end":{"line":994,"column":22}},"379":{"start":{"line":995,"column":6},"end":{"line":995,"column":41}},"380":{"start":{"line":998,"column":19},"end":{"line":998,"column":37}},"381":{"start":{"line":999,"column":4},"end":{"line":1001,"column":5}},"382":{"start":{"line":1000,"column":6},"end":{"line":1000,"column":29}},"383":{"start":{"line":1003,"column":19},"end":{"line":1006,"column":13}},"384":{"start":{"line":1008,"column":20},"end":{"line":1008,"column":70}},"385":{"start":{"line":1008,"column":42},"end":{"line":1008,"column":69}},"386":{"start":{"line":1010,"column":4},"end":{"line":1020,"column":7}},"387":{"start":{"line":1017,"column":48},"end":{"line":1017,"column":62}},"388":{"start":{"line":1022,"column":4},"en
[...]
,"D:\\College Event Management\\Server\\src\\routes\\authRoutes.js": {"path":"D:\\College Event Management\\Server\\src\\routes\\authRoutes.js","statementMap":{"0":{"start":{"line":1,"column":16},"end":{"line":1,"column":34}},"1":{"start":{"line":6,"column":4},"end":{"line":6,"column":49}},"2":{"start":{"line":7,"column":25},"end":{"line":7,"column":64}},"3":{"start":{"line":8,"column":24},"end":{"line":8,"column":68}},"4":{"start":{"line":10,"column":15},"end":{"line":10,"column":31}},"5":{"start":{"line":12,"column":0},"end":{"line":12,"column":59}},"6":{"start":{"line":13,"column":0},"end":{"line":13,"column":53}},"7":{"start":{"line":14,"column":0},"end":{"line":14,"column":55}},"8":{"start":{"line":16,"column":0},"end":{"line":16,"column":24}}},"fnMap":{},"branchMap":{},"s":{"0":1,"1":1,"2":1,"3":1,"4":1,"5":1,"6":1,"7":1,"8":1},"f":{},"b":{},"_coverageSchema":"1a1c01bbd47fc00a2c39e90264f33305004495a9","hash":"24fa4cb99a0179364e219c2f8864cd1a639b3a40"}
,"D:\\College Event Management\\Server\\src\\routes\\publicRoutes.js": {"path":"D:\\College Event Management\\Server\\src\\routes\\publicRoutes.js","statementMap":{"0":{"start":{"line":1,"column":16},"end":{"line":1,"column":34}},"1":{"start":{"line":7,"column":4},"end":{"line":7,"column":46}},"2":{"start":{"line":12,"column":4},"end":{"line":12,"column":45}},"3":{"start":{"line":16,"column":4},"end":{"line":16,"column":50}},"4":{"start":{"line":21,"column":4},"end":{"line":21,"column":44}},"5":{"start":{"line":29,"column":4},"end":{"line":29,"column":55}},"6":{"start":{"line":32,"column":4},"end":{"line":32,"column":52}},"7":{"start":{"line":39,"column":4},"end":{"line":39,"column":48}},"8":{"start":{"line":40,"column":24},"end":{"line":40,"column":67}},"9":{"start":{"line":42,"column":15},"end":{"line":42,"column":31}},"10":{"start":{"line":44,"column":0},"end":{"line":44,"column":39}},"11":{"start":{"line":45,"column":0},"end":{"line":45,"column":46}},"12":{"start":{"line":46,"column":0},"end":{"line":46,"column":99}},"13":{"start":{"line":47,"column":0},"end":{"line":47,"column":67}},"14":{"start":{"line":48,"column":0},"end":{"line":53,"column":2}},"15":{"start":{"line":54,"column":0},"end":{"line":54,"column":75}},"16":{"start":{"line":55,"column":0},"end":{"line":55,"column":75}},"17":{"start":{"line":56,"column":0},"end":{"line":60,"column":2}},"18":{"start":{"line":61,"column":0},"end":{"line":61,"column":83}},"19":{"start":{"line":62,"column":0},"end":{"line":62,"column":89}},"20":{"start":{"line":63,"column":0},"end":{"line":63,"column":79}},"21":{"start":{"line":64,"column":0},"end":{"line":69,"column":2}},"22":{"start":{"line":70,"column":0},"end":{"line":70,"column":99}},"23":{"start":{"line":71,"column":0},"end":{"line":76,"column":2}},"24":{"start":{"line":77,"column":0},"end":{"line":82,"column":2}},"25":{"start":{"line":83,"column":0},"end":{"line":83,"column":85}},"26":{"start":{"line":84,"column":0},"end":{"line":84,"column":69}},"27":{"start":{"line":85,"column":0},"end":{"line":85,"column":75}},"28":{"start":{"line":86,"column":0},"end":{"line":86,"column":56}},"29":{"start":{"line":88,"column":0},"end":{"line":88,"column":24}}},"fnMap":{},"branchMap":{},"s":{"0":1,"1":1,"2":1,"3":1,"4":1,"5":1,"6":1,"7":1,"8":1,"9":1,"10":1,"11":1,"12":1,"13":1,"14":1,"15":1,"16":1,"17":1,"18":1,"19":1,"20":1,"21":1,"22":1,"23":1,"24":1,"25":1,"26":1,"27":1,"28":1,"29":1},"f":{},"b":{},"_coverageSchema":"1a1c01bbd47fc00a2c39e90264f33305004495a9","hash":"87b4909032cc59ef28a6e158cc5d0fbd1c962de9"}
,"D:\\College Event Management\\Server\\src\\routes\\userRoutes.js": {"path":"D:\\College Event Management\\Server\\src\\routes\\userRoutes.js","statementMap":{"0":{"start":{"line":1,"column":16},"end":{"line":1,"column":34}},"1":{"start":{"line":2,"column":28},"end":{"line":2,"column":72}},"2":{"start":{"line":9,"column":4},"end":{"line":9,"column":44}},"3":{"start":{"line":10,"column":24},"end":{"line":10,"column":67}},"4":{"start":{"line":12,"column":15},"end":{"line":12,"column":31}},"5":{"start":{"line":14,"column":0},"end":{"line":14,"column":45}},"6":{"start":{"line":15,"column":0},"end":{"line":15,"column":47}},"7":{"start":{"line":16,"column":0},"end":{"line":16,"column":50}},"8":{"start":{"line":17,"column":0},"end":{"line":17,"column":58}},"9":{"start":{"line":18,"column":0},"end":{"line":18,"column":62}},"10":{"start":{"line":19,"column":0},"end":{"line":19,"column":87}},"11":{"start":{"line":21,"column":0},"end":{"line":21,"column":24}}},"fnMap":{},"branchMap":{},"s":{"0":1,"1":1,"2":1,"3":1,"4":1,"5":1,"6":1,"7":1,"8":1,"9":1,"10":1,"11":1},"f":{},"b":{},"_coverageSchema":"1a1c01bbd47fc00a2c39e90264f33305004495a9","hash":"c0829574381348be0c451c325406ee3593496773"}
,"D:\\College Event Management\\Server\\src\\utils\\auditLogger.js": {"path":"D:\\College Event Management\\Server\\src\\utils\\auditLogger.js","statementMap":{"0":{"start":{"line":1,"column":17},"end":{"line":1,"column":46}},"1":{"start":{"line":3,"column":25},"end":{"line":10,"column":1}},"2":{"start":{"line":4,"column":20},"end":{"line":4,"column":50}},"3":{"start":{"line":5,"column":2},"end":{"line":7,"column":3}},"4":{"start":{"line":6,"column":4},"end":{"line":6,"column":42}},"5":{"start":{"line":9,"column":2},"end":{"line":9,"column":53}},"6":{"start":{"line":12,"column":25},"end":{"line":15,"column":1}},"7":{"start":{"line":13,"column":20},"end":{"line":13,"column":45}},"8":{"start":{"line":14,"column":2},"end":{"line":14,"column":85}},"9":{"start":{"line":17,"column":22},"end":{"line":49,"column":1}},"10":{"start":{"line":27,"column":2},"end":{"line":29,"column":3}},"11":{"start":{"line":28,"column":4},"end":{"line":28,"column":16}},"12":{"start":{"line":31,"column":2},"end":{"line":48,"column":3}},"13":{"start":{"line":32,"column":20},"end":{"line":42,"column":5}},"14":{"start":{"line":44,"column":4},"end":{"line":44,"column":42}},"15":{"start":{"line":46,"column":4},"end":{"line":46,"column":60}},"16":{"start":{"line":47,"column":4},"end":{"line":47,"column":16}},"17":{"start":{"line":51,"column":22},"end":{"line":61,"column":4}},"18":{"start":{"line":52,"column":2},"end":{"line":61,"column":4}},"19":{"start":{"line":63,"column":23},"end":{"line":73,"column":4}},"20":{"start":{"line":64,"column":2},"end":{"line":73,"column":4}},"21":{"start":{"line":75,"column":0},"end":{"line":79,"column":2}}},"fnMap":{"0":{"name":"(anonymous_0)","decl":{"start":{"line":3,"column":25},"end":{"line":3,"column":26}},"loc":{"start":{"line":3,"column":34},"end":{"line":10,"column":1}},"line":3},"1":{"name":"(anonymous_1)","decl":{"start":{"line":12,"column":25},"end":{"line":12,"column":26}},"loc":{"start":{"line":12,"column":34},"end":{"line":15,"column":1}},"line":12},"2":{"name":"(anonymous_2)","decl":{"start":{"line":17,"column":22},"end":{"line":17,"column":23}},"loc":{"start":{"line":26,"column":6},"end":{"line":49,"column":1}},"line":26},"3":{"name":"(anonymous_3)","decl":{"start":{"line":51,"column":22},"end":{"line":51,"column":23}},"loc":{"start":{"line":52,"column":2},"end":{"line":61,"column":4}},"line":52},"4":{"name":"(anonymous_4)","decl":{"start":{"line":63,"column":23},"end":{"line":63,"column":24}},"loc":{"start":{"line":64,"column":2},"end":{"line":73,"column":4}},"line":64}},"branchMap":{"0":{"loc":{"start":{"line":5,"column":2},"end":{"line":7,"column":3}},"type":"if","locations":[{"start":{"line":5,"column":2},"end":{"line":7,"column":3}},{"start":{},"end":{}}],"line":5},"1":{"loc":{"start":{"line":5,"column":6},"end":{"line":5,"column":55}},"type":"binary-expr","locations":[{"start":{"line":5,"column":6},"end":{"line":5,"column":35}},{"start":{"line":5,"column":39},"end":{"line":5,"column":55}}],"line":5},"2":{"loc":{"start":{"line":9,"column":9},"end":{"line":9,"column":52}},"type":"binary-expr","locations":[{"start":{"line":9,"column":9},"end":{"line":9,"column":15}},{"start":{"line":9,"column":19},"end":{"line":9,"column":44}},{"start":{"line":9,"column":48},"end":{"line":9,"column":52}}],"line":9},"3":{"loc":{"start":{"line":14,"column":9},"end":{"line":14,"column":84}},"type":"cond-expr","locations":[{"start":{"line":14,"column":61},"end":{"line":14,"column":77}},{"start":{"line":14,"column":80},"end":{"line":14,"column":84}}],"line":14},"4":{"loc":{"start":{"line":14,"column":9},"end":{"line":14,"column":58}},"type":"binary-expr","locations":[{"start":{"line":14,"column":9},"end":{"line":14,"column":38}},{"start":{"line":14,"column":42},"end":{"line":14,"column":58}}],"line":14},"5":{"loc":{"start":{"line":19,"column":2},"end":{"line":19,"column":22}},"type":"default-arg","locations":[{"start":{"line":19,"column":14},"end":{"line":19,"column":22}}],"line":19},"6":{"loc":{"start":{"line":20,"column":2},"end":{"line":20,"column":16}},"type":"default-arg","locations":[{"start":{"line":20,"column":12},"end":{"line":20,"column":16}}],"line":20},"7":{"loc":{"start":{"line":22,"column":2},"end":{"line":22,"column":25}},"type":"default-arg","locations":[{"start":{"line":22,"column":17},"end":{"line":22,"column":25}}],"line":22},"8":{"loc":{"start":{"line":23,"column":2},"end":{"line":23,"column":19}},"type":"default-arg","locations":[{"start":{"line":23,"column":15},"end":{"line":23,"column":19}}],"line":23},"9":{"loc":{"start":{"line":24,"column":2},"end":{"line":24,"column":17}},"type":"default-arg","locations":[{"start":{"line":24,"column":11},"end":{"line":24,"column":17}}],"line":24},"10":{"loc":{"start":{"line":25,"column":2},"end":{"line":25,"column":14}},"type":"default-arg","locations":[{"start":{"line":25,"column":12},"end":{"line":25,"column":14}}],"line":25},"11":{"loc":{"start":{"line":27,"column":2},"end":{"line":29,"column":3}},"type":"if","locations":[{"start":{"line":27,"column":2},"end":{"line":29,"column":3}},{"start":{},"end":{}}],"line":27},"12":{"loc":{"start":{"line":34,"column":15},"end":{"line":34,"column":47}},"type":"cond-expr","locations":[{"start":{"line":34,"column":25},"end":{"line":34,"column":40}},{"start":{"line":34,"column":43},"end":{"line":34,"column":47}}],"line":34},"13":{"loc":{"start":{"line":37,"column":18},"end":{"line":37,"column":56}},"type":"cond-expr","locations":[{"start":{"line":37,"column":31},"end":{"line":37,"column":49}},{"start":{"line":37,"column":52},"end":{"line":37,"column":56}}],"line":37},"14":{"loc":{"start":{"line":40,"column":17},"end":{"line":40,"column":51}},"type":"cond-expr","locations":[{"start":{"line":40,"column":23},"end":{"line":40,"column":44}},{"start":{"line":40,"column":47},"end":{"line":40,"column":51}}],"line":40},"15":{"loc":{"start":{"line":41,"column":17},"end":{"line":41,"column":51}},"type":"cond-expr","locations":[{"start":{"line":41,"column":23},"end":{"line":41,"column":44}},{"start":{"line":41,"column":47},"end":{"line":41,"column":51}}],"line":41},"16":{"loc":{"start":{"line":55,"column":13},"end":{"line":55,"column":54}},"type":"binary-expr","locations":[{"start":{"line":55,"column":13},"end":{"line":55,"column":28}},{"start":{"line":55,"column":32},"end":{"line":55,"column":46}},{"start":{"line":55,"column":50},"end":{"line":55,"column":54}}],"line":55},"17":{"loc":{"start":{"line":63,"column":37},"end":{"line":63,"column":51}},"type":"default-arg","locations":[{"start":{"line":63,"column":47},"end":{"line":63,"column":51}}],"line":63}},"s":{"0":2,"1":2,"2":2,"3":0,"4":0,"5":0,"6":2,"7":0,"8":0,"9":2,"10":2,"11":0,"12":2,"13":2,"14":0,"15":2,"16":2,"17":2,"18":0,"19":2,"20":2,"21":2},"f":{"0":2,"1":0,"2":2,"3":0,"4":2},"b":{"0":[0,0],"1":[0,0],"2":[0,0,0],"3":[0,0],"4":[0,0],"5":[0],"6":[0],"7":[0],"8":[1],"9":[0],"10":[1],"11":[0,2],"12":[1,1],"13":[1,1],"14":[2,0],"15":[0,0],"16":[0,0,0],"17":[1]},"_coverageSchema":"1a1c01bbd47fc00a2c39e90264f33305004495a9","hash":"8319a713149bcc56af4edeafe95af074690f1a6b"}
,"D:\\College Event Management\\Server\\src\\utils\\generateFoodOrderNumber.js": {"path":"D:\\College Event Management\\Server\\src\\utils\\generateFoodOrderNumber.js","statementMap":{"0":{"start":{"line":1,"column":32},"end":{"line":4,"column":1}},"1":{"start":{"line":2,"column":23},"end":{"line":2,"column":66}},"2":{"start":{"line":3,"column":2},"end":{"line":3,"column":32}},"3":{"start":{"line":6,"column":0},"end":{"line":6,"column":41}}},"fnMap":{"0":{"name":"(anonymous_0)","decl":{"start":{"line":1,"column":32},"end":{"line":1,"column":33}},"loc":{"start":{"line":1,"column":38},"end":{"line":4,"column":1}},"line":1}},"branchMap":{},"s":{"0":2,"1":1,"2":1,"3":2},"f":{"0":1},"b":{},"_coverageSchema":"1a1c01bbd47fc00a2c39e90264f33305004495a9","hash":"d15e1d6a2f3294e3e89d27751905a41e614619ce"}
,"D:\\College Event Management\\Server\\src\\utils\\generateGroupCode.js": {"path":"D:\\College Event Management\\Server\\src\\utils\\generateGroupCode.js","statementMap":{"0":{"start":{"line":1,"column":26},"end":{"line":11,"column":1}},"1":{"start":{"line":2,"column":19},"end":{"line":2,"column":53}},"2":{"start":{"line":3,"column":15},"end":{"line":3,"column":17}},"3":{"start":{"line":5,"column":2},"end":{"line":8,"column":3}},"4":{"start":{"line":5,"column":19},"end":{"line":5,"column":20}},"5":{"start":{"line":6,"column":24},"end":{"line":6,"column":67}},"6":{"start":{"line":7,"column":4},"end":{"line":7,"column":36}},"7":{"start":{"line":10,"column":2},"end":{"line":10,"column":25}},"8":{"start":{"line":13,"column":0},"end":{"line":13,"column":35}}},"fnMap":{"0":{"name":"(anonymous_0)","decl":{"start":{"line":1,"column":26},"end":{"line":1,"column":27}},"loc":{"start":{"line":1,"column":32},"end":{"line":11,"column":1}},"line":1}},"branchMap":{},"s":{"0":2,"1":1,"2":1,"3":1,"4":1,"5":6,"6":6,"7":1,"8":2},"f":{"0":1},"b":{},"_coverageSchema":"1a1c01bbd47fc00a2c39e90264f33305004495a9","hash":"2ca3e559be2a719f298e49eff77d4d439acb33c0"}
,"D:\\College Event Management\\Server\\src\\utils\\generatePassId.js": {"path":"D:\\College Event Management\\Server\\src\\utils\\generatePassId.js","statementMap":{"0":{"start":{"line":1,"column":23},"end":{"line":5,"column":1}},"1":{"start":{"line":2,"column":16},"end":{"line":2,"column":53}},"2":{"start":{"line":3,"column":21},"end":{"line":3,"column":73}},"3":{"start":{"line":4,"column":2},"end":{"line":4,"column":39}},"4":{"start":{"line":7,"column":0},"end":{"line":7,"column":32}}},"fnMap":{"0":{"name":"(anonymous_0)","decl":{"start":{"line":1,"column":23},"end":{"line":1,"column":24}},"loc":{"start":{"line":1,"column":29},"end":{"line":5,"column":1}},"line":1}},"branchMap":{},"s":{"0":2,"1":201,"2":201,"3":201,"4":2},"f":{"0":201},"b":{},"_coverageSchema":"1a1c01bbd47fc00a2c39e90264f33305004495a9","hash":"913ae1d363461006dc53e62b50d1a19cabf999b1"}
,"D:\\College Event Management\\Server\\src\\utils\\generateToken.js": {"path":"D:\\College Event Management\\Server\\src\\utils\\generateToken.js","statementMap":{"0":{"start":{"line":1,"column":12},"end":{"line":1,"column":35}},"1":{"start":{"line":3,"column":22},"end":{"line":12,"column":1}},"2":{"start":{"line":4,"column":2},"end":{"line":11,"column":4}},"3":{"start":{"line":14,"column":0},"end":{"line":14,"column":31}}},"fnMap":{"0":{"name":"(anonymous_0)","decl":{"start":{"line":3,"column":22},"end":{"line":3,"column":23}},"loc":{"start":{"line":3,"column":33},"end":{"line":12,"column":1}},"line":3}},"branchMap":{},"s":{"0":2,"1":2,"2":1,"3":2},"f":{"0":1},"b":{},"_coverageSchema":"1a1c01bbd47fc00a2c39e90264f33305004495a9","hash":"c085d26607930273a144c3eed42733ce599d2e25"}
,"D:\\College Event Management\\Server\\src\\utils\\generateUserToken.js": {"path":"D:\\College Event Management\\Server\\src\\utils\\generateUserToken.js","statementMap":{"0":{"start":{"line":1,"column":12},"end":{"line":1,"column":35}},"1":{"start":{"line":3,"column":26},"end":{"line":11,"column":3}},"2":{"start":{"line":4,"column":2},"end":{"line":11,"column":3}},"3":{"start":{"line":13,"column":0},"end":{"line":13,"column":35}}},"fnMap":{"0":{"name":"(anonymous_0)","decl":{"start":{"line":3,"column":26},"end":{"line":3,"column":27}},"loc":{"start":{"line":4,"column":2},"end":{"line":11,"column":3}},"line":4}},"branchMap":{},"s":{"0":2,"1":2,"2":1,"3":2},"f":{"0":1},"b":{},"_coverageSchema":"1a1c01bbd47fc00a2c39e90264f33305004495a9","hash":"17982b24d6521ec4bc6edabb2e8410b1c929adb9"}
,"D:\\College Event Management\\Server\\src\\utils\\userNotificationService.js": {"path":"D:\\College Event Management\\Server\\src\\utils\\userNotificationService.js","statementMap":{"0":{"start":{"line":1,"column":25},"end":{"line":1,"column":62}},"1":{"start":{"line":2,"column":44},"end":{"line":2,"column":79}},"2":{"start":{"line":4,"column":34},"end":{"line":15,"column":2}},"3":{"start":{"line":4,"column":53},"end":{"line":15,"column":1}},"4":{"start":{"line":17,"column":31},"end":{"line":38,"column":1}},"5":{"start":{"line":25,"column":23},"end":{"line":32,"column":4}},"6":{"start":{"line":34,"column":21},"end":{"line":34,"column":71}},"7":{"start":{"line":35,"column":2},"end":{"line":35,"column":54}},"8":{"start":{"line":37,"column":2},"end":{"line":37,"column":20}},"9":{"start":{"line":40,"column":28},"end":{"line":59,"column":1}},"10":{"start":{"line":47,"column":2},"end":{"line":49,"column":3}},"11":{"start":{"line":48,"column":4},"end":{"line":48,"column":11}},"12":{"start":{"line":51,"column":2},"end":{"line":58,"column":5}},"13":{"start":{"line":61,"column":0},"end":{"line":65,"column":2}}},"fnMap":{"0":{"name":"(anonymous_0)","decl":{"start":{"line":4,"column":34},"end":{"line":4,"column":35}},"loc":{"start":{"line":4,"column":53},"end":{"line":15,"column":1}},"line":4},"1":{"name":"(anonymous_1)","decl":{"start":{"line":17,"column":31},"end":{"line":17,"column":32}},"loc":{"start":{"line":24,"column":6},"end":{"line":38,"column":1}},"line":24},"2":{"name":"(anonymous_2)","decl":{"start":{"line":40,"column":28},"end":{"line":40,"column":29}},"loc":{"start":{"line":46,"column":6},"end":{"line":59,"column":1}},"line":46}},"branchMap":{"0":{"loc":{"start":{"line":6,"column":10},"end":{"line":6,"column":62}},"type":"binary-expr","locations":[{"start":{"line":6,"column":10},"end":{"line":6,"column":41}},{"start":{"line":6,"column":45},"end":{"line":6,"column":62}}],"line":6},"1":{"loc":{"start":{"line":7,"column":11},"end":{"line":7,"column":73}},"type":"binary-expr","locations":[{"start":{"line":7,"column":11},"end":{"line":7,"column":43}},{"start":{"line":7,"column":47},"end":{"line":7,"column":65}},{"start":{"line":7,"column":69},"end":{"line":7,"column":73}}],"line":7},"2":{"loc":{"start":{"line":11,"column":11},"end":{"line":11,"column":37}},"type":"binary-expr","locations":[{"start":{"line":11,"column":11},"end":{"line":11,"column":31}},{"start":{"line":11,"column":35},"end":{"line":11,"column":37}}],"line":11},"3":{"loc":{"start":{"line":19,"column":2},"end":{"line":19,"column":16}},"type":"default-arg","locations":[{"start":{"line":19,"column":12},"end":{"line":19,"column":16}}],"line":19},"4":{"loc":{"start":{"line":23,"column":2},"end":{"line":23,"column":14}},"type":"default-arg","locations":[{"start":{"line":23,"column":12},"end":{"line":23,"column":14}}],"line":23},"5":{"loc":{"start":{"line":45,"column":2},"end":{"line":45,"column":14}},"type":"default-arg","locations":[{"start":{"line":45,"column":12},"end":{"line":45,"column":14}}],"line":45},"6":{"loc":{"start":{"line":47,"column":2},"end":{"line":49,"column":3}},"type":"if","locations":[{"start":{"line":47,"column":2},"end":{"line":49,"column":3}},{"start":{},"end":{}}],"line":47}},"s":{"0":1,"1":1,"2":1,"3":0,"4":1,"5":0,"6":0,"7":0,"8":0,"9":1,"10":0,"11":0,"12":0,"13":1},"f":{"0":0,"1":0,"2":0},"b":{"0":[0,0],"1":[0,0,0],"2":[0,0],"3":[0],"4":[0],"5":[0],"6":[0,0]},"_coverageSchema":"1a1c01bbd47fc00a2c39e90264f33305004495a9","hash":"6ea645a248738bf383a248ddefa7e586df77c8cf"}
}
