TN:
SF:src\app.js
FN:23,(anonymous_0)
FNF:1
FNH:1
FNDA:1,(anonymous_0)
DA:1,1
DA:2,1
DA:3,1
DA:5,1
DA:6,1
DA:7,1
DA:8,1
DA:9,1
DA:11,1
DA:13,1
DA:15,1
DA:21,1
DA:23,1
DA:24,1
DA:27,1
DA:28,1
DA:29,1
DA:30,1
DA:32,1
DA:33,1
DA:35,1
LF:21
LH:21
BRF:0
BRH:0
end_of_record
TN:
SF:src\config\cors.js
FN:1,(anonymous_0)
FN:3,(anonymous_1)
FN:6,(anonymous_2)
FN:9,(anonymous_3)
FN:19,(anonymous_4)
FN:37,(anonymous_5)
FNF:6
FNH:6
FNDA:15,(anonymous_0)
FNDA:12,(anonymous_1)
FNDA:12,(anonymous_2)
FNDA:6,(anonymous_3)
FNDA:5,(anonymous_4)
FNDA:3,(anonymous_5)
DA:1,15
DA:3,2
DA:4,12
DA:6,12
DA:9,2
DA:10,6
DA:11,6
DA:16,6
DA:19,2
DA:20,5
DA:21,2
DA:24,3
DA:26,3
DA:27,0
DA:30,3
DA:31,0
DA:34,3
DA:37,2
DA:38,3
DA:40,3
DA:41,2
DA:44,1
DA:47,2
LF:23
LH:21
BRDA:1,0,0,15
BRDA:1,0,1,6
BRDA:4,1,0,12
BRDA:4,1,1,6
BRDA:19,2,0,2
BRDA:20,3,0,2
BRDA:20,3,1,3
BRDA:26,4,0,0
BRDA:26,4,1,3
BRDA:30,5,0,0
BRDA:30,5,1,3
BRDA:40,6,0,2
BRDA:40,6,1,1
BRDA:44,7,0,1
BRDA:44,7,1,0
BRF:15
BRH:12
end_of_record
TN:
SF:src\config\featureFlags.js
FN:1,(anonymous_0)
FN:24,(anonymous_1)
FNF:2
FNH:1
FNDA:2,(anonymous_0)
FNDA:0,(anonymous_1)
DA:1,1
DA:2,2
DA:3,0
DA:6,2
DA:7,2
DA:10,0
DA:11,0
DA:14,1
DA:16,1
DA:24,1
DA:26,1
LF:11
LH:8
BRDA:1,0,0,0
BRDA:2,1,0,0
BRDA:2,1,1,2
BRDA:6,2,0,2
BRDA:6,2,1,0
BRF:5
BRH:2
end_of_record
TN:
SF:src\config\permissions.js
FN:43,(anonymous_0)
FN:81,(anonymous_1)
FNF:2
FNH:1
FNDA:3,(anonymous_0)
FNDA:0,(anonymous_1)
DA:1,3
DA:20,3
DA:38,3
DA:43,3
DA:44,3
DA:45,0
DA:48,3
DA:49,1
DA:53,2
DA:57,2
DA:61,0
DA:64,2
DA:68,0
DA:71,2
DA:75,0
DA:78,2
DA:81,3
DA:82,0
DA:83,0
DA:86,0
DA:87,0
DA:90,0
DA:91,0
DA:94,0
DA:97,3
LF:25
LH:14
BRDA:44,0,0,0
BRDA:44,0,1,3
BRDA:44,1,0,3
BRDA:44,1,1,3
BRDA:48,2,0,1
BRDA:48,2,1,2
BRDA:53,3,0,2
BRDA:53,3,1,0
BRDA:53,4,0,2
BRDA:53,4,1,2
BRDA:57,5,0,0
BRDA:57,5,1,2
BRDA:58,6,0,2
BRDA:58,6,1,0
BRDA:64,7,0,0
BRDA:64,7,1,2
BRDA:65,8,0,2
BRDA:65,8,1,0
BRDA:71,9,0,0
BRDA:71,9,1,2
BRDA:72,10,0,2
BRDA:72,10,1,0
BRDA:78,11,0,2
BRDA:78,11,1,2
BRDA:82,12,0,0
BRDA:82,12,1,0
BRDA:86,13,0,0
BRDA:86,13,1,0
BRDA:90,14,0,0
BRDA:90,14,1,0
BRDA:90,15,0,0
BRDA:90,15,1,0
BRF:32
BRH:16
end_of_record
TN:
SF:src\controllers\adminAuthController.js
FN:9,(anonymous_0)
FN:18,(anonymous_1)
FN:86,(anonymous_2)
FN:159,(anonymous_3)
FNF:4
FNH:0
FNDA:0,(anonymous_0)
FNDA:0,(anonymous_1)
FNDA:0,(anonymous_2)
FNDA:0,(anonymous_3)
DA:1,1
DA:2,1
DA:6,1
DA:7,1
DA:9,1
DA:18,1
DA:19,0
DA:20,0
DA:21,0
DA:23,0
DA:24,0
DA:33,0
DA:34,0
DA:37,0
DA:38,0
DA:39,0
DA:49,0
DA:50,0
DA:53,0
DA:62,0
DA:77,0
DA:82,0
DA:86,1
DA:87,0
DA:88,0
DA:89,0
DA:91,0
DA:92,0
DA:101,0
DA:102,0
DA:105,0
DA:107,0
DA:108,0
DA:117,0
DA:118,0
DA:121,0
DA:122,0
DA:132,0
DA:133,0
DA:136,0
DA:149,0
DA:155,0
DA:159,1
DA:160,0
DA:161,0
DA:163,0
DA:167,1
LF:47
LH:9
BRDA:21,0,0,0
BRDA:21,0,1,0
BRDA:23,1,0,0
BRDA:23,1,1,0
BRDA:23,2,0,0
BRDA:23,2,1,0
BRDA:23,2,2,0
BRDA:27,3,0,0
BRDA:27,3,1,0
BRDA:38,4,0,0
BRDA:38,4,1,0
BRDA:89,5,0,0
BRDA:89,5,1,0
BRDA:91,6,0,0
BRDA:91,6,1,0
BRDA:91,7,0,0
BRDA:91,7,1,0
BRDA:95,8,0,0
BRDA:95,8,1,0
BRDA:107,9,0,0
BRDA:107,9,1,0
BRDA:107,10,0,0
BRDA:107,10,1,0
BRDA:121,11,0,0
BRDA:121,11,1,0
BRF:25
BRH:0
end_of_record
TN:
SF:src\controllers\adminController.js
FN:12,(anonymous_0)
FN:23,(anonymous_1)
FN:39,(anonymous_2)
FN:58,(anonymous_3)
FN:67,(anonymous_4)
FN:122,(anonymous_5)
FN:135,(anonymous_6)
FN:149,(anonymous_7)
FN:165,(anonymous_8)
FN:216,(anonymous_9)
FN:254,(anonymous_10)
FN:270,(anonymous_11)
FN:391,(anonymous_12)
FN:486,(anonymous_13)
FN:540,(anonymous_14)
FNF:15
FNH:0
FNDA:0,(anonymous_0)
FNDA:0,(anonymous_1)
FNDA:0,(anonymous_2)
FNDA:0,(anonymous_3)
FNDA:0,(anonymous_4)
FNDA:0,(anonymous_5)
FNDA:0,(anonymous_6)
FNDA:0,(anonymous_7)
FNDA:0,(anonymous_8)
FNDA:0,(anonymous_9)
FNDA:0,(anonymous_10)
FNDA:0,(anonymous_11)
FNDA:0,(anonymous_12)
FNDA:0,(anonymous_13)
FNDA:0,(anonymous_14)
DA:1,1
DA:2,1
DA:3,1
DA:4,1
DA:5,1
DA:6,1
DA:10,1
DA:12,1
DA:23,1
DA:39,1
DA:40,0
DA:42,0
DA:43,0
DA:46,0
DA:47,0
DA:48,0
DA:49,0
DA:55,0
DA:58,1
DA:59,0
DA:60,0
DA:61,0
DA:64,0
DA:67,1
DA:68,0
DA:69,0
DA:71,0
DA:72,0
DA:73,0
DA:76,0
DA:77,0
DA:78,0
DA:79,0
DA:82,0
DA:91,0
DA:103,0
DA:108,0
DA:118,0
DA:122,1
DA:123,0
DA:124,0
DA:129,0
DA:131,0
DA:135,1
DA:136,0
DA:137,0
DA:143,0
DA:145,0
DA:149,1
DA:150,0
DA:151,0
DA:159,0
DA:161,0
DA:165,1
DA:166,0
DA:167,0
DA:169,0
DA:170,0
DA:171,0
DA:174,0
DA:176,0
DA:177,0
DA:178,0
DA:181,0
DA:182,0
DA:183,0
DA:186,0
DA:187,0
DA:189,0
DA:201,0
DA:212,0
DA:216,1
DA:217,0
DA:225,0
DA:246,0
DA:254,0
DA:266,0
DA:270,1
DA:271,0
DA:272,0
DA:273,0
DA:275,0
DA:276,0
DA:285,0
DA:286,0
DA:289,0
DA:291,0
DA:292,0
DA:302,0
DA:303,0
DA:306,0
DA:307,0
DA:318,0
DA:319,0
DA:324,0
DA:325,0
DA:326,0
DA:327,0
DA:328,0
DA:330,0
DA:334,0
DA:349,0
DA:350,0
DA:352,0
DA:356,0
DA:357,0
DA:370,0
DA:382,0
DA:387,0
DA:391,1
DA:392,0
DA:393,0
DA:394,0
DA:396,0
DA:397,0
DA:399,0
DA:400,0
DA:401,0
DA:404,0
DA:405,0
DA:406,0
DA:409,0
DA:411,0
DA:412,0
DA:413,0
DA:416,0
DA:417,0
DA:425,0
DA:426,0
DA:429,0
DA:430,0
DA:433,0
DA:434,0
DA:437,0
DA:438,0
DA:440,0
DA:451,0
DA:452,0
DA:453,0
DA:465,0
DA:477,0
DA:482,0
DA:486,1
DA:487,0
DA:488,0
DA:489,0
DA:490,0
DA:491,0
DA:492,0
DA:494,0
DA:495,0
DA:496,0
DA:499,0
DA:500,0
DA:501,0
DA:504,0
DA:505,0
DA:506,0
DA:509,0
DA:513,0
DA:514,0
DA:515,0
DA:518,0
DA:522,0
DA:523,0
DA:526,0
DA:528,0
DA:537,0
DA:539,0
DA:541,0
DA:560,0
DA:570,0
DA:584,0
DA:585,0
DA:587,0
DA:600,0
DA:605,0
DA:609,1
LF:178
LH:21
BRDA:18,0,0,0
BRDA:18,0,1,0
BRDA:19,1,0,0
BRDA:19,1,1,0
BRDA:27,2,0,0
BRDA:27,2,1,0
BRDA:28,3,0,0
BRDA:28,3,1,0
BRDA:30,4,0,0
BRDA:30,4,1,0
BRDA:40,5,0,0
BRDA:40,5,1,0
BRDA:42,6,0,0
BRDA:42,6,1,0
BRDA:48,7,0,0
BRDA:48,7,1,0
BRDA:59,8,0,0
BRDA:59,8,1,0
BRDA:60,9,0,0
BRDA:60,9,1,0
BRDA:71,10,0,0
BRDA:71,10,1,0
BRDA:71,11,0,0
BRDA:71,11,1,0
BRDA:71,11,2,0
BRDA:71,11,3,0
BRDA:71,11,4,0
BRDA:77,12,0,0
BRDA:77,12,1,0
BRDA:169,13,0,0
BRDA:169,13,1,0
BRDA:176,14,0,0
BRDA:176,14,1,0
BRDA:181,15,0,0
BRDA:181,15,1,0
BRDA:202,16,0,0
BRDA:202,16,1,0
BRDA:258,17,0,0
BRDA:258,17,1,0
BRDA:259,18,0,0
BRDA:259,18,1,0
BRDA:260,19,0,0
BRDA:260,19,1,0
BRDA:261,20,0,0
BRDA:261,20,1,0
BRDA:275,21,0,0
BRDA:275,21,1,0
BRDA:291,22,0,0
BRDA:291,22,1,0
BRDA:306,23,0,0
BRDA:306,23,1,0
BRDA:320,24,0,0
BRDA:320,24,1,0
BRDA:327,25,0,0
BRDA:327,25,1,0
BRDA:330,26,0,0
BRDA:330,26,1,0
BRDA:339,27,0,0
BRDA:339,27,1,0
BRDA:346,28,0,0
BRDA:346,28,1,0
BRDA:356,29,0,0
BRDA:356,29,1,0
BRDA:362,30,0,0
BRDA:362,30,1,0
BRDA:399,31,0,0
BRDA:399,31,1,0
BRDA:399,32,0,0
BRDA:399,32,1,0
BRDA:404,33,0,0
BRDA:404,33,1,0
BRDA:404,34,0,0
BRDA:404,34,1,0
BRDA:411,35,0,0
BRDA:411,35,1,0
BRDA:416,36,0,0
BRDA:416,36,1,0
BRDA:425,37,0,0
BRDA:425,37,1,0
BRDA:429,38,0,0
BRDA:429,38,1,0
BRDA:433,39,0,0
BRDA:433,39,1,0
BRDA:489,40,0,0
BRDA:489,40,1,0
BRDA:490,41,0,0
BRDA:490,41,1,0
BRDA:492,42,0,0
BRDA:492,42,1,0
BRDA:492,43,0,0
BRDA:492,43,1,0
BRDA:494,44,0,0
BRDA:494,44,1,0
BRDA:494,45,0,0
BRDA:494,45,1,0
BRDA:499,46,0,0
BRDA:499,46,1,0
BRDA:504,47,0,0
BRDA:504,47,1,0
BRDA:513,48,0,0
BRDA:513,48,1,0
BRDA:522,49,0,0
BRDA:522,49,1,0
BRDA:528,50,0,0
BRDA:528,50,1,0
BRF:105
BRH:0
end_of_record
TN:
SF:src\controllers\emergencySocialController.js
FN:18,(anonymous_0)
FN:26,(anonymous_1)
FN:27,(anonymous_2)
FN:29,(anonymous_3)
FN:38,(anonymous_4)
FN:49,(anonymous_5)
FN:66,(anonymous_6)
FN:81,(anonymous_7)
FN:90,(anonymous_8)
FN:98,(anonymous_9)
FN:111,(anonymous_10)
FN:125,(anonymous_11)
FN:139,(anonymous_12)
FN:159,(anonymous_13)
FN:175,(anonymous_14)
FN:281,(anonymous_15)
FN:304,(anonymous_16)
FN:311,(anonymous_17)
FN:325,(anonymous_18)
FN:338,(anonymous_19)
FN:344,(anonymous_20)
FN:384,(anonymous_21)
FN:413,(anonymous_22)
FN:416,(anonymous_23)
FN:426,(anonymous_24)
FN:433,(anonymous_25)
FN:528,(anonymous_26)
FN:566,(anonymous_27)
FN:638,(anonymous_28)
FN:737,(anonymous_29)
FN:779,(anonymous_30)
FN:837,(anonymous_31)
FN:878,(anonymous_32)
FN:934,(anonymous_33)
FN:968,(anonymous_34)
FN:986,(anonymous_35)
FN:1008,(anonymous_36)
FN:1017,(anonymous_37)
FNF:38
FNH:0
FNDA:0,(anonymous_0)
FNDA:0,(anonymous_1)
FNDA:0,(anonymous_2)
FNDA:0,(anonymous_3)
FNDA:0,(anonymous_4)
FNDA:0,(anonymous_5)
FNDA:0,(anonymous_6)
FNDA:0,(anonymous_7)
FNDA:0,(anonymous_8)
FNDA:0,(anonymous_9)
FNDA:0,(anonymous_10)
FNDA:0,(anonymous_11)
FNDA:0,(anonymous_12)
FNDA:0,(anonymous_13)
FNDA:0,(anonymous_14)
FNDA:0,(anonymous_15)
FNDA:0,(anonymous_16)
FNDA:0,(anonymous_17)
FNDA:0,(anonymous_18)
FNDA:0,(anonymous_19)
FNDA:0,(anonymous_20)
FNDA:0,(anonymous_21)
FNDA:0,(anonymous_22)
FNDA:0,(anonymous_23)
FNDA:0,(anonymous_24)
FNDA:0,(anonymous_25)
FNDA:0,(anonymous_26)
FNDA:0,(anonymous_27)
FNDA:0,(anonymous_28)
FNDA:0,(anonymous_29)
FNDA:0,(anonymous_30)
FNDA:0,(anonymous_31)
FNDA:0,(anonymous_32)
FNDA:0,(anonymous_33)
FNDA:0,(anonymous_34)
FNDA:0,(anonymous_35)
FNDA:0,(anonymous_36)
FNDA:0,(anonymous_37)
DA:1,1
DA:2,1
DA:3,1
DA:4,1
DA:5,1
DA:6,1
DA:7,1
DA:8,1
DA:9,1
DA:13,1
DA:15,1
DA:16,1
DA:18,1
DA:19,0
DA:20,0
DA:23,0
DA:26,1
DA:27,1
DA:29,1
DA:30,0
DA:31,0
DA:32,0
DA:35,0
DA:38,1
DA:39,0
DA:49,1
DA:66,0
DA:81,1
DA:82,0
DA:83,0
DA:84,0
DA:87,0
DA:90,1
DA:91,0
DA:92,0
DA:93,0
DA:96,0
DA:98,0
DA:99,0
DA:100,0
DA:103,0
DA:104,0
DA:105,0
DA:108,0
DA:109,0
DA:111,0
DA:112,0
DA:113,0
DA:114,0
DA:118,0
DA:119,0
DA:122,0
DA:125,1
DA:126,0
DA:128,0
DA:140,0
DA:141,0
DA:143,0
DA:159,1
DA:160,0
DA:161,0
DA:163,0
DA:164,0
DA:165,0
DA:166,0
DA:167,0
DA:169,0
DA:172,0
DA:175,1
DA:176,0
DA:177,0
DA:178,0
DA:179,0
DA:180,0
DA:182,0
DA:183,0
DA:184,0
DA:187,0
DA:188,0
DA:189,0
DA:192,0
DA:193,0
DA:194,0
DA:195,0
DA:198,0
DA:199,0
DA:200,0
DA:201,0
DA:204,0
DA:222,0
DA:224,0
DA:229,0
DA:234,0
DA:246,0
DA:259,0
DA:272,0
DA:277,0
DA:281,1
DA:282,0
DA:283,0
DA:284,0
DA:286,0
DA:287,0
DA:288,0
DA:291,0
DA:292,0
DA:293,0
DA:294,0
DA:297,0
DA:299,0
DA:300,0
DA:301,0
DA:304,0
DA:305,0
DA:306,0
DA:307,0
DA:310,0
DA:311,0
DA:314,0
DA:315,0
DA:316,0
DA:319,0
DA:324,0
DA:326,0
DA:331,0
DA:333,0
DA:338,0
DA:340,0
DA:342,0
DA:344,0
DA:348,0
DA:360,0
DA:362,0
DA:380,0
DA:384,1
DA:385,0
DA:386,0
DA:387,0
DA:388,0
DA:390,0
DA:391,0
DA:392,0
DA:393,0
DA:396,0
DA:398,0
DA:399,0
DA:400,0
DA:401,0
DA:403,0
DA:406,0
DA:411,0
DA:413,0
DA:416,0
DA:417,0
DA:420,0
DA:426,0
DA:429,0
DA:433,1
DA:434,0
DA:435,0
DA:436,0
DA:437,0
DA:439,0
DA:440,0
DA:441,0
DA:444,0
DA:446,0
DA:447,0
DA:448,0
DA:451,0
DA:453,0
DA:454,0
DA:455,0
DA:462,0
DA:463,0
DA:464,0
DA:467,0
DA:468,0
DA:469,0
DA:472,0
DA:473,0
DA:474,0
DA:477,0
DA:480,0
DA:481,0
DA:483,0
DA:485,0
DA:490,0
DA:495,0
DA:506,0
DA:519,0
DA:524,0
DA:528,1
DA:529,0
DA:530,0
DA:531,0
DA:532,0
DA:533,0
DA:534,0
DA:536,0
DA:537,0
DA:538,0
DA:541,0
DA:542,0
DA:543,0
DA:546,0
DA:547,0
DA:548,0
DA:549,0
DA:552,0
DA:554,0
DA:563,0
DA:565,0
DA:567,0
DA:587,0
DA:598,0
DA:613,0
DA:614,0
DA:616,0
DA:629,0
DA:634,0
DA:638,1
DA:639,0
DA:640,0
DA:641,0
DA:642,0
DA:643,0
DA:644,0
DA:645,0
DA:646,0
DA:648,0
DA:649,0
DA:650,0
DA:653,0
DA:654,0
DA:655,0
DA:658,0
DA:659,0
DA:660,0
DA:661,0
DA:664,0
DA:665,0
DA:666,0
DA:667,0
DA:670,0
DA:671,0
DA:672,0
DA:673,0
DA:676,0
DA:678,0
DA:703,0
DA:705,0
DA:710,0
DA:723,0
DA:728,0
DA:729,0
DA:730,0
DA:733,0
DA:737,1
DA:738,0
DA:739,0
DA:740,0
DA:741,0
DA:742,0
DA:743,0
DA:745,0
DA:746,0
DA:747,0
DA:750,0
DA:751,0
DA:752,0
DA:755,0
DA:756,0
DA:757,0
DA:758,0
DA:761,0
DA:762,0
DA:763,0
DA:764,0
DA:767,0
DA:773,0
DA:774,0
DA:775,0
DA:778,0
DA:780,0
DA:784,0
DA:785,0
DA:786,0
DA:789,0
DA:790,0
DA:791,0
DA:794,0
DA:806,0
DA:808,0
DA:810,0
DA:815,0
DA:828,0
DA:833,0
DA:837,1
DA:838,0
DA:839,0
DA:840,0
DA:841,0
DA:842,0
DA:843,0
DA:845,0
DA:846,0
DA:847,0
DA:850,0
DA:851,0
DA:852,0
DA:855,0
DA:856,0
DA:857,0
DA:860,0
DA:861,0
DA:862,0
DA:863,0
DA:866,0
DA:872,0
DA:873,0
DA:874,0
DA:877,0
DA:879,0
DA:883,0
DA:884,0
DA:885,0
DA:888,0
DA:889,0
DA:890,0
DA:891,0
DA:892,0
DA:896,0
DA:897,0
DA:898,0
DA:901,0
DA:903,0
DA:905,0
DA:910,0
DA:925,0
DA:930,0
DA:934,1
DA:935,0
DA:936,0
DA:937,0
DA:938,0
DA:940,0
DA:941,0
DA:942,0
DA:945,0
DA:946,0
DA:947,0
DA:950,0
DA:951,0
DA:952,0
DA:953,0
DA:956,0
DA:962,0
DA:963,0
DA:964,0
DA:967,0
DA:969,0
DA:973,0
DA:974,0
DA:975,0
DA:978,0
DA:982,0
DA:986,1
DA:987,0
DA:988,0
DA:989,0
DA:990,0
DA:992,0
DA:993,0
DA:994,0
DA:995,0
DA:998,0
DA:999,0
DA:1000,0
DA:1003,0
DA:1008,0
DA:1010,0
DA:1017,0
DA:1022,0
DA:1026,1
LF:385
LH:33
BRDA:19,0,0,0
BRDA:19,0,1,0
BRDA:23,1,0,0
BRDA:23,1,1,0
BRDA:26,2,0,0
BRDA:26,2,1,0
BRDA:27,3,0,0
BRDA:27,3,1,0
BRDA:29,4,0,0
BRDA:29,5,0,0
BRDA:31,6,0,0
BRDA:31,6,1,0
BRDA:38,7,0,0
BRDA:42,8,0,0
BRDA:42,8,1,0
BRDA:49,9,0,0
BRDA:50,10,0,0
BRDA:50,10,1,0
BRDA:57,11,0,0
BRDA:57,11,1,0
BRDA:58,12,0,0
BRDA:58,12,1,0
BRDA:61,13,0,0
BRDA:61,13,1,0
BRDA:62,14,0,0
BRDA:62,14,1,0
BRDA:63,15,0,0
BRDA:63,15,1,0
BRDA:65,16,0,0
BRDA:65,16,1,0
BRDA:70,17,0,0
BRDA:70,17,1,0
BRDA:82,18,0,0
BRDA:82,18,1,0
BRDA:83,19,0,0
BRDA:83,19,1,0
BRDA:92,20,0,0
BRDA:92,20,1,0
BRDA:98,21,0,0
BRDA:98,21,1,0
BRDA:99,22,0,0
BRDA:99,22,1,0
BRDA:99,23,0,0
BRDA:99,23,1,0
BRDA:104,24,0,0
BRDA:104,24,1,0
BRDA:112,25,0,0
BRDA:112,25,1,0
BRDA:118,26,0,0
BRDA:118,26,1,0
BRDA:118,27,0,0
BRDA:118,27,1,0
BRDA:125,28,0,0
BRDA:125,29,0,0
BRDA:129,30,0,0
BRDA:129,30,1,0
BRDA:134,31,0,0
BRDA:134,31,1,0
BRDA:135,32,0,0
BRDA:135,32,1,0
BRDA:137,33,0,0
BRDA:137,33,1,0
BRDA:138,34,0,0
BRDA:138,34,1,0
BRDA:141,35,0,0
BRDA:141,35,1,0
BRDA:144,36,0,0
BRDA:144,36,1,0
BRDA:145,37,0,0
BRDA:145,37,1,0
BRDA:147,38,0,0
BRDA:147,38,1,0
BRDA:147,39,0,0
BRDA:147,39,1,0
BRDA:148,40,0,0
BRDA:148,40,1,0
BRDA:163,41,0,0
BRDA:163,41,1,0
BRDA:166,42,0,0
BRDA:166,42,1,0
BRDA:180,43,0,0
BRDA:180,43,1,0
BRDA:182,44,0,0
BRDA:182,44,1,0
BRDA:187,45,0,0
BRDA:187,45,1,0
BRDA:193,46,0,0
BRDA:193,46,1,0
BRDA:199,47,0,0
BRDA:199,47,1,0
BRDA:286,48,0,0
BRDA:286,48,1,0
BRDA:292,49,0,0
BRDA:292,49,1,0
BRDA:299,50,0,0
BRDA:299,50,1,0
BRDA:299,51,0,0
BRDA:299,51,1,0
BRDA:299,51,2,0
BRDA:305,52,0,0
BRDA:305,52,1,0
BRDA:311,53,0,0
BRDA:311,53,1,0
BRDA:314,54,0,0
BRDA:314,54,1,0
BRDA:342,55,0,0
BRDA:342,55,1,0
BRDA:344,56,0,0
BRDA:344,56,1,0
BRDA:360,57,0,0
BRDA:360,57,1,0
BRDA:387,58,0,0
BRDA:387,58,1,0
BRDA:388,59,0,0
BRDA:388,59,1,0
BRDA:391,60,0,0
BRDA:391,60,1,0
BRDA:398,61,0,0
BRDA:398,61,1,0
BRDA:399,62,0,0
BRDA:399,62,1,0
BRDA:417,63,0,0
BRDA:417,63,1,0
BRDA:436,64,0,0
BRDA:436,64,1,0
BRDA:437,65,0,0
BRDA:437,65,1,0
BRDA:439,66,0,0
BRDA:439,66,1,0
BRDA:446,67,0,0
BRDA:446,67,1,0
BRDA:453,68,0,0
BRDA:453,68,1,0
BRDA:462,69,0,0
BRDA:462,69,1,0
BRDA:467,70,0,0
BRDA:467,70,1,0
BRDA:472,71,0,0
BRDA:472,71,1,0
BRDA:480,72,0,0
BRDA:480,72,1,0
BRDA:481,73,0,0
BRDA:481,73,1,0
BRDA:531,74,0,0
BRDA:531,74,1,0
BRDA:532,75,0,0
BRDA:532,75,1,0
BRDA:534,76,0,0
BRDA:534,76,1,0
BRDA:536,77,0,0
BRDA:536,77,1,0
BRDA:536,78,0,0
BRDA:536,78,1,0
BRDA:541,79,0,0
BRDA:541,79,1,0
BRDA:547,80,0,0
BRDA:547,80,1,0
BRDA:554,81,0,0
BRDA:554,81,1,0
BRDA:642,82,0,0
BRDA:642,82,1,0
BRDA:644,83,0,0
BRDA:644,83,1,0
BRDA:646,84,0,0
BRDA:646,84,1,0
BRDA:648,85,0,0
BRDA:648,85,1,0
BRDA:653,86,0,0
BRDA:653,86,1,0
BRDA:659,87,0,0
BRDA:659,87,1,0
BRDA:665,88,0,0
BRDA:665,88,1,0
BRDA:671,89,0,0
BRDA:671,89,1,0
BRDA:676,90,0,0
BRDA:676,90,1,0
BRDA:728,91,0,0
BRDA:728,91,1,0
BRDA:740,92,0,0
BRDA:740,92,1,0
BRDA:743,93,0,0
BRDA:743,93,1,0
BRDA:745,94,0,0
BRDA:745,94,1,0
BRDA:750,95,0,0
BRDA:750,95,1,0
BRDA:750,96,0,0
BRDA:750,96,1,0
BRDA:756,97,0,0
BRDA:756,97,1,0
BRDA:762,98,0,0
BRDA:762,98,1,0
BRDA:773,99,0,0
BRDA:773,99,1,0
BRDA:780,100,0,0
BRDA:780,100,1,0
BRDA:780,100,2,0
BRDA:784,101,0,0
BRDA:784,101,1,0
BRDA:789,102,0,0
BRDA:789,102,1,0
BRDA:840,103,0,0
BRDA:840,103,1,0
BRDA:845,104,0,0
BRDA:845,104,1,0
BRDA:850,105,0,0
BRDA:850,105,1,0
BRDA:850,106,0,0
BRDA:850,106,1,0
BRDA:855,107,0,0
BRDA:855,107,1,0
BRDA:855,108,0,0
BRDA:855,108,1,0
BRDA:861,109,0,0
BRDA:861,109,1,0
BRDA:872,110,0,0
BRDA:872,110,1,0
BRDA:879,111,0,0
BRDA:879,111,1,0
BRDA:879,111,2,0
BRDA:883,112,0,0
BRDA:883,112,1,0
BRDA:888,113,0,0
BRDA:888,113,1,0
BRDA:890,114,0,0
BRDA:890,114,1,0
BRDA:896,115,0,0
BRDA:896,115,1,0
BRDA:896,116,0,0
BRDA:896,116,1,0
BRDA:937,117,0,0
BRDA:937,117,1,0
BRDA:938,118,0,0
BRDA:938,118,1,0
BRDA:940,119,0,0
BRDA:940,119,1,0
BRDA:945,120,0,0
BRDA:945,120,1,0
BRDA:945,121,0,0
BRDA:945,121,1,0
BRDA:951,122,0,0
BRDA:951,122,1,0
BRDA:962,123,0,0
BRDA:962,123,1,0
BRDA:967,124,0,0
BRDA:967,124,1,0
BRDA:969,125,0,0
BRDA:969,125,1,0
BRDA:969,125,2,0
BRDA:973,126,0,0
BRDA:973,126,1,0
BRDA:989,127,0,0
BRDA:989,127,1,0
BRDA:990,128,0,0
BRDA:990,128,1,0
BRDA:993,129,0,0
BRDA:993,129,1,0
BRDA:999,130,0,0
BRDA:999,130,1,0
BRF:260
BRH:0
end_of_record
TN:
SF:src\controllers\foodController.js
FN:28,(anonymous_0)
FN:36,(anonymous_1)
FN:38,(anonymous_2)
FN:44,(anonymous_3)
FN:46,(anonymous_4)
FN:51,(anonymous_5)
FN:53,(anonymous_6)
FN:71,(anonymous_7)
FN:88,(anonymous_8)
FN:106,(anonymous_9)
FN:121,(anonymous_10)
FN:137,(anonymous_11)
FN:157,(anonymous_12)
FN:177,(anonymous_13)
FN:186,(anonymous_14)
FN:202,(anonymous_15)
FN:212,(anonymous_16)
FN:304,(anonymous_17)
FN:318,(anonymous_18)
FN:330,(anonymous_19)
FN:337,(anonymous_20)
FN:356,(anonymous_21)
FN:486,(anonymous_22)
FN:583,(anonymous_23)
FN:707,(anonymous_24)
FN:724,(anonymous_25)
FN:738,(anonymous_26)
FN:745,(anonymous_27)
FN:763,(anonymous_28)
FN:819,(anonymous_29)
FN:855,(anonymous_30)
FN:989,(anonymous_31)
FN:1031,(anonymous_32)
FN:1072,(anonymous_33)
FN:1082,(anonymous_34)
FN:1092,(anonymous_35)
FN:1099,(anonymous_36)
FNF:37
FNH:0
FNDA:0,(anonymous_0)
FNDA:0,(anonymous_1)
FNDA:0,(anonymous_2)
FNDA:0,(anonymous_3)
FNDA:0,(anonymous_4)
FNDA:0,(anonymous_5)
FNDA:0,(anonymous_6)
FNDA:0,(anonymous_7)
FNDA:0,(anonymous_8)
FNDA:0,(anonymous_9)
FNDA:0,(anonymous_10)
FNDA:0,(anonymous_11)
FNDA:0,(anonymous_12)
FNDA:0,(anonymous_13)
FNDA:0,(anonymous_14)
FNDA:0,(anonymous_15)
FNDA:0,(anonymous_16)
FNDA:0,(anonymous_17)
FNDA:0,(anonymous_18)
FNDA:0,(anonymous_19)
FNDA:0,(anonymous_20)
FNDA:0,(anonymous_21)
FNDA:0,(anonymous_22)
FNDA:0,(anonymous_23)
FNDA:0,(anonymous_24)
FNDA:0,(anonymous_25)
FNDA:0,(anonymous_26)
FNDA:0,(anonymous_27)
FNDA:0,(anonymous_28)
FNDA:0,(anonymous_29)
FNDA:0,(anonymous_30)
FNDA:0,(anonymous_31)
FNDA:0,(anonymous_32)
FNDA:0,(anonymous_33)
FNDA:0,(anonymous_34)
FNDA:0,(anonymous_35)
FNDA:0,(anonymous_36)
DA:1,1
DA:2,1
DA:3,1
DA:4,1
DA:5,1
DA:6,1
DA:7,1
DA:8,1
DA:9,1
DA:10,1
DA:14,1
DA:16,1
DA:17,1
DA:19,1
DA:28,1
DA:29,0
DA:30,0
DA:33,0
DA:36,1
DA:38,1
DA:39,0
DA:40,0
DA:41,0
DA:44,1
DA:46,1
DA:47,0
DA:48,0
DA:51,1
DA:53,1
DA:71,1
DA:88,1
DA:106,0
DA:121,0
DA:137,1
DA:138,0
DA:139,0
DA:141,0
DA:142,0
DA:144,0
DA:145,0
DA:147,0
DA:148,0
DA:150,0
DA:151,0
DA:154,0
DA:157,1
DA:158,0
DA:159,0
DA:161,0
DA:162,0
DA:164,0
DA:165,0
DA:167,0
DA:168,0
DA:170,0
DA:171,0
DA:174,0
DA:177,1
DA:178,0
DA:179,0
DA:182,0
DA:183,0
DA:186,1
DA:187,0
DA:188,0
DA:190,0
DA:191,0
DA:192,0
DA:193,0
DA:194,0
DA:196,0
DA:199,0
DA:202,1
DA:203,0
DA:205,0
DA:206,0
DA:209,0
DA:212,1
DA:213,0
DA:214,0
DA:224,0
DA:226,0
DA:227,0
DA:228,0
DA:229,0
DA:232,0
DA:233,0
DA:234,0
DA:237,0
DA:238,0
DA:239,0
DA:240,0
DA:243,0
DA:244,0
DA:245,0
DA:246,0
DA:249,0
DA:262,0
DA:264,0
DA:271,0
DA:277,0
DA:290,0
DA:295,0
DA:296,0
DA:297,0
DA:300,0
DA:304,1
DA:305,0
DA:306,0
DA:308,0
DA:309,0
DA:310,0
DA:311,0
DA:314,0
DA:318,0
DA:320,0
DA:329,0
DA:330,0
DA:331,0
DA:332,0
DA:333,0
DA:334,0
DA:337,0
DA:338,0
DA:341,0
DA:352,0
DA:356,1
DA:357,0
DA:358,0
DA:369,0
DA:371,0
DA:372,0
DA:373,0
DA:374,0
DA:377,0
DA:378,0
DA:379,0
DA:380,0
DA:381,0
DA:383,0
DA:386,0
DA:387,0
DA:388,0
DA:389,0
DA:390,0
DA:392,0
DA:395,0
DA:396,0
DA:399,0
DA:400,0
DA:403,0
DA:404,0
DA:407,0
DA:408,0
DA:409,0
DA:410,0
DA:411,0
DA:413,0
DA:416,0
DA:417,0
DA:418,0
DA:419,0
DA:420,0
DA:422,0
DA:425,0
DA:426,0
DA:429,0
DA:430,0
DA:433,0
DA:434,0
DA:436,0
DA:444,0
DA:445,0
DA:447,0
DA:453,0
DA:459,0
DA:472,0
DA:477,0
DA:478,0
DA:479,0
DA:482,0
DA:486,1
DA:487,0
DA:488,0
DA:501,0
DA:503,0
DA:504,0
DA:505,0
DA:506,0
DA:509,0
DA:510,0
DA:511,0
DA:512,0
DA:515,0
DA:516,0
DA:517,0
DA:518,0
DA:521,0
DA:522,0
DA:523,0
DA:524,0
DA:527,0
DA:544,0
DA:545,0
DA:547,0
DA:554,0
DA:561,0
DA:574,0
DA:579,0
DA:583,1
DA:584,0
DA:585,0
DA:598,0
DA:600,0
DA:601,0
DA:602,0
DA:603,0
DA:606,0
DA:607,0
DA:608,0
DA:609,0
DA:610,0
DA:612,0
DA:615,0
DA:616,0
DA:619,0
DA:620,0
DA:623,0
DA:624,0
DA:625,0
DA:626,0
DA:627,0
DA:629,0
DA:632,0
DA:633,0
DA:636,0
DA:637,0
DA:640,0
DA:641,0
DA:642,0
DA:643,0
DA:644,0
DA:646,0
DA:649,0
DA:650,0
DA:653,0
DA:654,0
DA:657,0
DA:658,0
DA:661,0
DA:662,0
DA:665,0
DA:666,0
DA:668,0
DA:669,0
DA:671,0
DA:678,0
DA:685,0
DA:698,0
DA:703,0
DA:707,1
DA:708,0
DA:709,0
DA:711,0
DA:712,0
DA:713,0
DA:714,0
DA:717,0
DA:724,0
DA:726,0
DA:737,0
DA:738,0
DA:739,0
DA:740,0
DA:741,0
DA:742,0
DA:745,0
DA:746,0
DA:749,0
DA:759,0
DA:763,1
DA:764,0
DA:765,0
DA:766,0
DA:768,0
DA:769,0
DA:770,0
DA:773,0
DA:774,0
DA:775,0
DA:776,0
DA:779,0
DA:780,0
DA:781,0
DA:784,0
DA:785,0
DA:786,0
DA:787,0
DA:790,0
DA:796,0
DA:797,0
DA:798,0
DA:801,0
DA:807,0
DA:808,0
DA:809,0
DA:812,0
DA:813,0
DA:814,0
DA:817,0
DA:819,0
DA:820,0
DA:821,0
DA:823,0
DA:824,0
DA:827,0
DA:828,0
DA:831,0
DA:833,0
DA:834,0
DA:835,0
DA:838,0
DA:846,0
DA:847,0
DA:848,0
DA:851,0
DA:852,0
DA:853,0
DA:855,0
DA:856,0
DA:857,0
DA:858,0
DA:859,0
DA:861,0
DA:862,0
DA:863,0
DA:865,0
DA:874,0
DA:879,0
DA:880,0
DA:881,0
DA:882,0
DA:885,0
DA:887,0
DA:891,0
DA:915,0
DA:926,0
DA:932,0
DA:938,0
DA:951,0
DA:966,0
DA:980,0
DA:985,0
DA:989,1
DA:990,0
DA:991,0
DA:992,0
DA:994,0
DA:995,0
DA:996,0
DA:999,0
DA:1003,0
DA:1004,0
DA:1005,0
DA:1008,0
DA:1010,0
DA:1013,0
DA:1014,0
DA:1015,0
DA:1018,0
DA:1019,0
DA:1020,0
DA:1023,0
DA:1027,0
DA:1031,1
DA:1032,0
DA:1033,0
DA:1034,0
DA:1036,0
DA:1037,0
DA:1038,0
DA:1039,0
DA:1042,0
DA:1046,0
DA:1047,0
DA:1048,0
DA:1049,0
DA:1050,0
DA:1052,0
DA:1055,0
DA:1056,0
DA:1057,0
DA:1058,0
DA:1060,0
DA:1063,0
DA:1065,0
DA:1071,0
DA:1073,0
DA:1074,0
DA:1082,0
DA:1083,0
DA:1086,0
DA:1092,0
DA:1095,0
DA:1099,1
DA:1100,0
DA:1101,0
DA:1102,0
DA:1103,0
DA:1105,0
DA:1106,0
DA:1107,0
DA:1110,0
DA:1111,0
DA:1112,0
DA:1113,0
DA:1116,0
DA:1117,0
DA:1118,0
DA:1119,0
DA:1126,0
DA:1128,0
DA:1129,0
DA:1130,0
DA:1137,0
DA:1138,0
DA:1141,0
DA:1142,0
DA:1145,0
DA:1146,0
DA:1149,0
DA:1150,0
DA:1153,0
DA:1156,0
DA:1157,0
DA:1159,0
DA:1165,0
DA:1171,0
DA:1172,0
DA:1174,0
DA:1187,0
DA:1188,0
DA:1189,0
DA:1192,0
DA:1195,0
DA:1196,0
DA:1211,0
DA:1225,0
DA:1230,0
DA:1234,1
LF:450
LH:39
BRDA:29,0,0,0
BRDA:29,0,1,0
BRDA:33,1,0,0
BRDA:33,1,1,0
BRDA:36,2,0,0
BRDA:36,2,1,0
BRDA:39,3,0,0
BRDA:39,3,1,0
BRDA:44,4,0,0
BRDA:44,4,1,0
BRDA:46,5,0,0
BRDA:48,6,0,0
BRDA:48,6,1,0
BRDA:54,7,0,0
BRDA:54,7,1,0
BRDA:54,7,2,0
BRDA:58,8,0,0
BRDA:58,8,1,0
BRDA:59,9,0,0
BRDA:59,9,1,0
BRDA:61,10,0,0
BRDA:61,10,1,0
BRDA:64,11,0,0
BRDA:64,11,1,0
BRDA:71,12,0,0
BRDA:72,13,0,0
BRDA:72,13,1,0
BRDA:76,14,0,0
BRDA:76,14,1,0
BRDA:77,15,0,0
BRDA:77,15,1,0
BRDA:78,16,0,0
BRDA:78,16,1,0
BRDA:83,17,0,0
BRDA:83,17,1,0
BRDA:84,18,0,0
BRDA:84,18,1,0
BRDA:88,19,0,0
BRDA:88,20,0,0
BRDA:89,21,0,0
BRDA:89,21,1,0
BRDA:93,22,0,0
BRDA:93,22,1,0
BRDA:94,23,0,0
BRDA:94,23,1,0
BRDA:98,24,0,0
BRDA:98,24,1,0
BRDA:100,25,0,0
BRDA:100,25,1,0
BRDA:101,26,0,0
BRDA:101,26,1,0
BRDA:102,27,0,0
BRDA:102,27,1,0
BRDA:105,28,0,0
BRDA:105,28,1,0
BRDA:117,29,0,0
BRDA:117,29,1,0
BRDA:118,30,0,0
BRDA:118,30,1,0
BRDA:120,31,0,0
BRDA:120,31,1,0
BRDA:125,32,0,0
BRDA:125,32,1,0
BRDA:138,33,0,0
BRDA:138,33,1,0
BRDA:141,34,0,0
BRDA:141,34,1,0
BRDA:144,35,0,0
BRDA:144,35,1,0
BRDA:147,36,0,0
BRDA:147,36,1,0
BRDA:150,37,0,0
BRDA:150,37,1,0
BRDA:158,38,0,0
BRDA:158,38,1,0
BRDA:161,39,0,0
BRDA:161,39,1,0
BRDA:164,40,0,0
BRDA:164,40,1,0
BRDA:167,41,0,0
BRDA:167,41,1,0
BRDA:170,42,0,0
BRDA:170,42,1,0
BRDA:178,43,0,0
BRDA:178,43,1,0
BRDA:182,44,0,0
BRDA:182,44,1,0
BRDA:190,45,0,0
BRDA:190,45,1,0
BRDA:193,46,0,0
BRDA:193,46,1,0
BRDA:202,47,0,0
BRDA:205,48,0,0
BRDA:205,48,1,0
BRDA:218,49,0,0
BRDA:219,50,0,0
BRDA:220,51,0,0
BRDA:221,52,0,0
BRDA:222,53,0,0
BRDA:223,54,0,0
BRDA:226,55,0,0
BRDA:226,55,1,0
BRDA:227,56,0,0
BRDA:227,56,1,0
BRDA:232,57,0,0
BRDA:232,57,1,0
BRDA:232,58,0,0
BRDA:232,58,1,0
BRDA:237,59,0,0
BRDA:237,59,1,0
BRDA:238,60,0,0
BRDA:238,60,1,0
BRDA:244,61,0,0
BRDA:244,61,1,0
BRDA:253,62,0,0
BRDA:253,62,1,0
BRDA:254,63,0,0
BRDA:254,63,1,0
BRDA:255,64,0,0
BRDA:255,64,1,0
BRDA:256,65,0,0
BRDA:256,65,1,0
BRDA:295,66,0,0
BRDA:295,66,1,0
BRDA:309,67,0,0
BRDA:309,67,1,0
BRDA:320,68,0,0
BRDA:320,68,1,0
BRDA:332,69,0,0
BRDA:332,69,1,0
BRDA:338,70,0,0
BRDA:338,70,1,0
BRDA:372,71,0,0
BRDA:372,71,1,0
BRDA:377,72,0,0
BRDA:377,72,1,0
BRDA:379,73,0,0
BRDA:379,73,1,0
BRDA:386,74,0,0
BRDA:386,74,1,0
BRDA:388,75,0,0
BRDA:388,75,1,0
BRDA:395,76,0,0
BRDA:395,76,1,0
BRDA:399,77,0,0
BRDA:399,77,1,0
BRDA:403,78,0,0
BRDA:403,78,1,0
BRDA:407,79,0,0
BRDA:407,79,1,0
BRDA:409,80,0,0
BRDA:409,80,1,0
BRDA:416,81,0,0
BRDA:416,81,1,0
BRDA:418,82,0,0
BRDA:418,82,1,0
BRDA:425,83,0,0
BRDA:425,83,1,0
BRDA:429,84,0,0
BRDA:429,84,1,0
BRDA:477,85,0,0
BRDA:477,85,1,0
BRDA:491,86,0,0
BRDA:492,87,0,0
BRDA:494,88,0,0
BRDA:495,89,0,0
BRDA:496,90,0,0
BRDA:497,91,0,0
BRDA:498,92,0,0
BRDA:499,93,0,0
BRDA:500,94,0,0
BRDA:503,95,0,0
BRDA:503,95,1,0
BRDA:504,96,0,0
BRDA:504,96,1,0
BRDA:510,97,0,0
BRDA:510,97,1,0
BRDA:516,98,0,0
BRDA:516,98,1,0
BRDA:522,99,0,0
BRDA:522,99,1,0
BRDA:531,100,0,0
BRDA:531,100,1,0
BRDA:532,101,0,0
BRDA:532,101,1,0
BRDA:532,102,0,0
BRDA:532,102,1,0
BRDA:534,103,0,0
BRDA:534,103,1,0
BRDA:534,104,0,0
BRDA:534,104,1,0
BRDA:537,105,0,0
BRDA:537,105,1,0
BRDA:601,106,0,0
BRDA:601,106,1,0
BRDA:606,107,0,0
BRDA:606,107,1,0
BRDA:608,108,0,0
BRDA:608,108,1,0
BRDA:615,109,0,0
BRDA:615,109,1,0
BRDA:619,110,0,0
BRDA:619,110,1,0
BRDA:620,111,0,0
BRDA:620,111,1,0
BRDA:623,112,0,0
BRDA:623,112,1,0
BRDA:625,113,0,0
BRDA:625,113,1,0
BRDA:632,114,0,0
BRDA:632,114,1,0
BRDA:633,115,0,0
BRDA:633,115,1,0
BRDA:636,116,0,0
BRDA:636,116,1,0
BRDA:640,117,0,0
BRDA:640,117,1,0
BRDA:642,118,0,0
BRDA:642,118,1,0
BRDA:649,119,0,0
BRDA:649,119,1,0
BRDA:653,120,0,0
BRDA:653,120,1,0
BRDA:657,121,0,0
BRDA:657,121,1,0
BRDA:661,122,0,0
BRDA:661,122,1,0
BRDA:712,123,0,0
BRDA:712,123,1,0
BRDA:726,124,0,0
BRDA:726,124,1,0
BRDA:740,125,0,0
BRDA:740,125,1,0
BRDA:746,126,0,0
BRDA:746,126,1,0
BRDA:766,127,0,0
BRDA:768,128,0,0
BRDA:768,128,1,0
BRDA:774,129,0,0
BRDA:774,129,1,0
BRDA:774,130,0,0
BRDA:774,130,1,0
BRDA:774,130,2,0
BRDA:774,130,3,0
BRDA:779,131,0,0
BRDA:779,131,1,0
BRDA:785,132,0,0
BRDA:785,132,1,0
BRDA:796,133,0,0
BRDA:796,133,1,0
BRDA:807,134,0,0
BRDA:807,134,1,0
BRDA:812,135,0,0
BRDA:812,135,1,0
BRDA:820,136,0,0
BRDA:820,136,1,0
BRDA:823,137,0,0
BRDA:823,137,1,0
BRDA:823,138,0,0
BRDA:823,138,1,0
BRDA:823,138,2,0
BRDA:827,139,0,0
BRDA:827,139,1,0
BRDA:833,140,0,0
BRDA:833,140,1,0
BRDA:846,141,0,0
BRDA:846,141,1,0
BRDA:857,142,0,0
BRDA:857,142,1,0
BRDA:880,143,0,0
BRDA:880,143,1,0
BRDA:887,144,0,0
BRDA:887,144,1,0
BRDA:908,145,0,0
BRDA:908,145,1,0
BRDA:992,146,0,0
BRDA:992,146,1,0
BRDA:994,147,0,0
BRDA:994,147,1,0
BRDA:1003,148,0,0
BRDA:1003,148,1,0
BRDA:1008,149,0,0
BRDA:1008,149,1,0
BRDA:1010,150,0,0
BRDA:1010,150,1,0
BRDA:1011,151,0,0
BRDA:1011,151,1,0
BRDA:1013,152,0,0
BRDA:1013,152,1,0
BRDA:1013,153,0,0
BRDA:1013,153,1,0
BRDA:1018,154,0,0
BRDA:1018,154,1,0
BRDA:1018,155,0,0
BRDA:1018,155,1,0
BRDA:1034,156,0,0
BRDA:1034,157,0,0
BRDA:1034,158,0,0
BRDA:1037,159,0,0
BRDA:1037,159,1,0
BRDA:1046,160,0,0
BRDA:1046,160,1,0
BRDA:1047,161,0,0
BRDA:1047,161,1,0
BRDA:1048,162,0,0
BRDA:1048,162,1,0
BRDA:1055,163,0,0
BRDA:1055,163,1,0
BRDA:1056,164,0,0
BRDA:1056,164,1,0
BRDA:1083,165,0,0
BRDA:1083,165,1,0
BRDA:1102,166,0,0
BRDA:1102,166,1,0
BRDA:1103,167,0,0
BRDA:1103,167,1,0
BRDA:1105,168,0,0
BRDA:1105,168,1,0
BRDA:1111,169,0,0
BRDA:1111,169,1,0
BRDA:1116,170,0,0
BRDA:1116,170,1,0
BRDA:1117,171,0,0
BRDA:1117,171,1,0
BRDA:1120,172,0,0
BRDA:1120,172,1,0
BRDA:1128,173,0,0
BRDA:1128,173,1,0
BRDA:1137,174,0,0
BRDA:1137,174,1,0
BRDA:1137,175,0,0
BRDA:1137,175,1,0
BRDA:1137,175,2,0
BRDA:1141,176,0,0
BRDA:1141,176,1,0
BRDA:1145,177,0,0
BRDA:1145,177,1,0
BRDA:1149,178,0,0
BRDA:1149,178,1,0
BRDA:1172,179,0,0
BRDA:1172,179,1,0
BRDA:1183,180,0,0
BRDA:1183,180,1,0
BRDA:1187,181,0,0
BRDA:1187,181,1,0
BRDA:1188,182,0,0
BRDA:1188,182,1,0
BRDA:1192,183,0,0
BRDA:1192,183,1,0
BRDA:1195,184,0,0
BRDA:1195,184,1,0
BRDA:1206,185,0,0
BRDA:1206,185,1,0
BRF:353
BRH:0
end_of_record
TN:
SF:src\controllers\intelligenceController.js
FN:7,(anonymous_0)
FN:9,(anonymous_1)
FN:17,(anonymous_2)
FN:38,(anonymous_3)
FN:45,(anonymous_4)
FN:57,(anonymous_5)
FN:63,(anonymous_6)
FN:65,(anonymous_7)
FN:86,(anonymous_8)
FN:98,(anonymous_9)
FN:123,(anonymous_10)
FN:147,(anonymous_11)
FN:171,(anonymous_12)
FN:275,(anonymous_13)
FN:351,(anonymous_14)
FN:373,(anonymous_15)
FN:376,(anonymous_16)
FN:377,(anonymous_17)
FN:433,(anonymous_18)
FN:438,(anonymous_19)
FN:499,(anonymous_20)
FN:557,(anonymous_21)
FNF:22
FNH:0
FNDA:0,(anonymous_0)
FNDA:0,(anonymous_1)
FNDA:0,(anonymous_2)
FNDA:0,(anonymous_3)
FNDA:0,(anonymous_4)
FNDA:0,(anonymous_5)
FNDA:0,(anonymous_6)
FNDA:0,(anonymous_7)
FNDA:0,(anonymous_8)
FNDA:0,(anonymous_9)
FNDA:0,(anonymous_10)
FNDA:0,(anonymous_11)
FNDA:0,(anonymous_12)
FNDA:0,(anonymous_13)
FNDA:0,(anonymous_14)
FNDA:0,(anonymous_15)
FNDA:0,(anonymous_16)
FNDA:0,(anonymous_17)
FNDA:0,(anonymous_18)
FNDA:0,(anonymous_19)
FNDA:0,(anonymous_20)
FNDA:0,(anonymous_21)
DA:1,1
DA:2,1
DA:3,1
DA:4,1
DA:5,1
DA:7,1
DA:9,1
DA:10,0
DA:11,0
DA:14,0
DA:17,1
DA:18,0
DA:19,0
DA:22,0
DA:37,0
DA:38,0
DA:39,0
DA:42,0
DA:45,1
DA:46,0
DA:47,0
DA:50,0
DA:51,0
DA:54,0
DA:57,1
DA:58,0
DA:59,0
DA:60,0
DA:61,0
DA:63,0
DA:65,0
DA:66,0
DA:67,0
DA:68,0
DA:71,0
DA:72,0
DA:73,0
DA:76,0
DA:81,0
DA:82,0
DA:86,0
DA:87,0
DA:88,0
DA:90,0
DA:98,1
DA:104,0
DA:110,0
DA:116,0
DA:122,0
DA:124,0
DA:125,0
DA:126,0
DA:128,0
DA:133,0
DA:147,0
DA:149,0
DA:150,0
DA:159,0
DA:160,0
DA:162,0
DA:171,1
DA:181,0
DA:187,0
DA:188,0
DA:189,0
DA:194,0
DA:200,0
DA:201,0
DA:202,0
DA:203,0
DA:204,0
DA:205,0
DA:206,0
DA:207,0
DA:208,0
DA:211,0
DA:221,0
DA:222,0
DA:228,0
DA:236,0
DA:242,0
DA:243,0
DA:244,0
DA:246,0
DA:247,0
DA:248,0
DA:249,0
DA:250,0
DA:251,0
DA:254,0
DA:260,0
DA:275,1
DA:286,0
DA:287,0
DA:289,0
DA:291,0
DA:292,0
DA:293,0
DA:294,0
DA:295,0
DA:296,0
DA:299,0
DA:300,0
DA:301,0
DA:302,0
DA:305,0
DA:306,0
DA:309,0
DA:310,0
DA:313,0
DA:314,0
DA:317,0
DA:318,0
DA:321,0
DA:323,0
DA:324,0
DA:328,0
DA:329,0
DA:331,0
DA:332,0
DA:333,0
DA:334,0
DA:335,0
DA:336,0
DA:339,0
DA:351,1
DA:352,0
DA:353,0
DA:354,0
DA:356,0
DA:357,0
DA:358,0
DA:361,0
DA:365,0
DA:366,0
DA:369,0
DA:373,0
DA:374,0
DA:376,0
DA:377,0
DA:388,0
DA:432,0
DA:433,0
DA:437,0
DA:438,0
DA:442,0
DA:443,0
DA:445,0
DA:452,0
DA:463,0
DA:475,0
DA:499,1
DA:500,0
DA:501,0
DA:503,0
DA:508,0
DA:509,0
DA:510,0
DA:513,0
DA:525,0
DA:553,0
DA:557,1
DA:558,0
DA:559,0
DA:561,0
DA:566,0
DA:567,0
DA:568,0
DA:571,0
DA:584,0
DA:618,0
DA:622,1
LF:172
LH:17
BRDA:10,0,0,0
BRDA:10,0,1,0
BRDA:14,1,0,0
BRDA:14,1,1,0
BRDA:18,2,0,0
BRDA:18,2,1,0
BRDA:46,3,0,0
BRDA:46,3,1,0
BRDA:50,4,0,0
BRDA:50,4,1,0
BRDA:57,5,0,0
BRDA:58,6,0,0
BRDA:58,6,1,0
BRDA:59,7,0,0
BRDA:59,7,1,0
BRDA:67,8,0,0
BRDA:67,8,1,0
BRDA:72,9,0,0
BRDA:72,9,1,0
BRDA:72,10,0,0
BRDA:72,10,1,0
BRDA:72,10,2,0
BRDA:81,11,0,0
BRDA:81,11,1,0
BRDA:124,12,0,0
BRDA:124,12,1,0
BRDA:125,13,0,0
BRDA:125,13,1,0
BRDA:126,14,0,0
BRDA:126,14,1,0
BRDA:129,15,0,0
BRDA:129,15,1,0
BRDA:130,16,0,0
BRDA:130,16,1,0
BRDA:131,17,0,0
BRDA:131,17,1,0
BRDA:142,18,0,0
BRDA:142,18,1,0
BRDA:147,19,0,0
BRDA:147,19,1,0
BRDA:149,20,0,0
BRDA:149,20,1,0
BRDA:187,21,0,0
BRDA:187,21,1,0
BRDA:201,22,0,0
BRDA:201,22,1,0
BRDA:201,23,0,0
BRDA:201,23,1,0
BRDA:203,24,0,0
BRDA:203,24,1,0
BRDA:203,25,0,0
BRDA:203,25,1,0
BRDA:205,26,0,0
BRDA:205,26,1,0
BRDA:205,27,0,0
BRDA:205,27,1,0
BRDA:207,28,0,0
BRDA:207,28,1,0
BRDA:231,29,0,0
BRDA:231,29,1,0
BRDA:231,30,0,0
BRDA:231,30,1,0
BRDA:237,31,0,0
BRDA:237,31,1,0
BRDA:237,32,0,0
BRDA:237,32,1,0
BRDA:248,33,0,0
BRDA:248,33,1,0
BRDA:250,34,0,0
BRDA:250,34,1,0
BRDA:255,35,0,0
BRDA:255,35,1,0
BRDA:257,36,0,0
BRDA:257,36,1,0
BRDA:265,37,0,0
BRDA:265,37,1,0
BRDA:265,38,0,0
BRDA:265,38,1,0
BRDA:286,39,0,0
BRDA:286,39,1,0
BRDA:291,40,0,0
BRDA:291,40,1,0
BRDA:293,41,0,0
BRDA:293,41,1,0
BRDA:295,42,0,0
BRDA:295,42,1,0
BRDA:299,43,0,0
BRDA:299,43,1,0
BRDA:301,44,0,0
BRDA:301,44,1,0
BRDA:305,45,0,0
BRDA:305,45,1,0
BRDA:309,46,0,0
BRDA:309,46,1,0
BRDA:313,47,0,0
BRDA:313,47,1,0
BRDA:317,48,0,0
BRDA:317,48,1,0
BRDA:317,49,0,0
BRDA:317,49,1,0
BRDA:331,50,0,0
BRDA:331,50,1,0
BRDA:331,51,0,0
BRDA:331,51,1,0
BRDA:334,52,0,0
BRDA:334,52,1,0
BRDA:351,53,0,0
BRDA:357,54,0,0
BRDA:357,54,1,0
BRDA:365,55,0,0
BRDA:365,55,1,0
BRDA:397,56,0,0
BRDA:397,56,1,0
BRDA:404,57,0,0
BRDA:404,57,1,0
BRDA:412,58,0,0
BRDA:412,58,1,0
BRDA:421,59,0,0
BRDA:421,59,1,0
BRDA:433,60,0,0
BRDA:433,60,1,0
BRDA:438,61,0,0
BRDA:438,61,1,0
BRDA:448,62,0,0
BRDA:448,62,1,0
BRDA:449,63,0,0
BRDA:449,63,1,0
BRDA:472,64,0,0
BRDA:472,64,1,0
BRDA:490,65,0,0
BRDA:490,65,1,0
BRDA:493,66,0,0
BRDA:493,66,1,0
BRDA:508,67,0,0
BRDA:508,67,1,0
BRDA:537,68,0,0
BRDA:537,68,1,0
BRDA:543,69,0,0
BRDA:543,69,1,0
BRDA:544,70,0,0
BRDA:544,70,1,0
BRDA:566,71,0,0
BRDA:566,71,1,0
BRDA:604,72,0,0
BRDA:604,72,1,0
BRDA:605,73,0,0
BRDA:605,73,1,0
BRF:147
BRH:0
end_of_record
TN:
SF:src\controllers\navigationController.js
FN:4,(anonymous_0)
FN:129,(anonymous_1)
FN:153,(anonymous_2)
FN:165,(anonymous_3)
FN:178,(anonymous_4)
FN:208,(anonymous_5)
FN:248,(anonymous_6)
FNF:7
FNH:0
FNDA:0,(anonymous_0)
FNDA:0,(anonymous_1)
FNDA:0,(anonymous_2)
FNDA:0,(anonymous_3)
FNDA:0,(anonymous_4)
FNDA:0,(anonymous_5)
FNDA:0,(anonymous_6)
DA:1,1
DA:2,1
DA:4,1
DA:129,1
DA:130,0
DA:132,0
DA:133,0
DA:134,0
DA:135,0
DA:138,0
DA:139,0
DA:140,0
DA:143,0
DA:145,0
DA:150,0
DA:153,1
DA:154,0
DA:155,0
DA:156,0
DA:158,0
DA:159,0
DA:161,0
DA:165,1
DA:166,0
DA:167,0
DA:168,0
DA:170,0
DA:171,0
DA:172,0
DA:175,0
DA:177,0
DA:178,0
DA:181,0
DA:193,0
DA:201,0
DA:202,0
DA:204,0
DA:208,1
DA:209,0
DA:210,0
DA:211,0
DA:213,0
DA:215,0
DA:216,0
DA:217,0
DA:220,0
DA:222,0
DA:233,0
DA:239,0
DA:244,0
DA:248,1
DA:249,0
DA:250,0
DA:251,0
DA:253,0
DA:254,0
DA:255,0
DA:258,0
DA:260,0
DA:269,0
DA:274,0
DA:278,1
LF:62
LH:9
BRDA:132,0,0,0
BRDA:132,0,1,0
BRDA:139,1,0,0
BRDA:139,1,1,0
BRDA:158,2,0,0
BRDA:158,2,1,0
BRDA:167,3,0,0
BRDA:167,3,1,0
BRDA:168,4,0,0
BRDA:168,4,1,0
BRDA:170,5,0,0
BRDA:170,5,1,0
BRDA:170,6,0,0
BRDA:170,6,1,0
BRDA:178,7,0,0
BRDA:178,7,1,0
BRDA:194,8,0,0
BRDA:194,8,1,0
BRDA:201,9,0,0
BRDA:201,9,1,0
BRDA:215,10,0,0
BRDA:215,10,1,0
BRDA:223,11,0,0
BRDA:223,11,1,0
BRDA:224,12,0,0
BRDA:224,12,1,0
BRDA:225,13,0,0
BRDA:225,13,1,0
BRDA:225,14,0,0
BRDA:225,14,1,0
BRDA:227,15,0,0
BRDA:227,15,1,0
BRDA:227,16,0,0
BRDA:227,16,1,0
BRDA:253,17,0,0
BRDA:253,17,1,0
BRF:36
BRH:0
end_of_record
TN:
SF:src\controllers\publicController.js
FN:8,(anonymous_0)
FN:21,(anonymous_1)
FN:41,(anonymous_2)
FN:59,(anonymous_3)
FN:195,(anonymous_4)
FNF:5
FNH:0
FNDA:0,(anonymous_0)
FNDA:0,(anonymous_1)
FNDA:0,(anonymous_2)
FNDA:0,(anonymous_3)
FNDA:0,(anonymous_4)
DA:1,1
DA:2,1
DA:3,1
DA:4,1
DA:5,1
DA:6,1
DA:8,1
DA:9,0
DA:10,0
DA:15,0
DA:17,0
DA:21,1
DA:22,0
DA:23,0
DA:30,0
DA:31,0
DA:32,0
DA:35,0
DA:37,0
DA:41,1
DA:42,0
DA:52,0
DA:59,1
DA:60,0
DA:61,0
DA:63,0
DA:64,0
DA:65,0
DA:68,0
DA:69,0
DA:71,0
DA:72,0
DA:73,0
DA:76,0
DA:77,0
DA:78,0
DA:81,0
DA:86,0
DA:87,0
DA:88,0
DA:91,0
DA:92,0
DA:94,0
DA:95,0
DA:96,0
DA:97,0
DA:98,0
DA:100,0
DA:103,0
DA:104,0
DA:105,0
DA:108,0
DA:109,0
DA:110,0
DA:111,0
DA:114,0
DA:129,0
DA:141,0
DA:142,0
DA:148,0
DA:162,0
DA:175,0
DA:177,0
DA:191,0
DA:195,1
DA:196,0
DA:197,0
DA:198,0
DA:199,0
DA:202,0
DA:207,0
DA:208,0
DA:217,0
DA:218,0
DA:221,0
DA:223,0
DA:235,0
DA:239,1
LF:78
LH:12
BRDA:30,0,0,0
BRDA:30,0,1,0
BRDA:63,1,0,0
BRDA:63,1,1,0
BRDA:68,2,0,0
BRDA:68,2,1,0
BRDA:69,3,0,0
BRDA:69,3,1,0
BRDA:71,4,0,0
BRDA:71,4,1,0
BRDA:71,5,0,0
BRDA:71,5,1,0
BRDA:76,6,0,0
BRDA:76,6,1,0
BRDA:76,7,0,0
BRDA:76,7,1,0
BRDA:86,8,0,0
BRDA:86,8,1,0
BRDA:94,9,0,0
BRDA:94,9,1,0
BRDA:97,10,0,0
BRDA:97,10,1,0
BRDA:103,11,0,0
BRDA:103,11,1,0
BRDA:108,12,0,0
BRDA:108,12,1,0
BRDA:108,12,2,0
BRDA:109,13,0,0
BRDA:109,13,1,0
BRDA:197,14,0,0
BRDA:197,14,1,0
BRDA:207,15,0,0
BRDA:207,15,1,0
BRF:33
BRH:0
end_of_record
TN:
SF:src\controllers\queueController.js
FN:9,(anonymous_0)
FN:9,(anonymous_1)
FN:10,(anonymous_2)
FN:18,(anonymous_3)
FN:39,(anonymous_4)
FN:46,(anonymous_5)
FN:67,(anonymous_6)
FN:79,(anonymous_7)
FN:94,(anonymous_8)
FN:100,(anonymous_9)
FN:116,(anonymous_10)
FN:152,(anonymous_11)
FN:161,(anonymous_12)
FN:191,(anonymous_13)
FN:224,(anonymous_14)
FN:244,(anonymous_15)
FN:332,(anonymous_16)
FN:412,(anonymous_17)
FN:510,(anonymous_18)
FN:529,(anonymous_19)
FN:549,(anonymous_20)
FN:665,(anonymous_21)
FNF:22
FNH:0
FNDA:0,(anonymous_0)
FNDA:0,(anonymous_1)
FNDA:0,(anonymous_2)
FNDA:0,(anonymous_3)
FNDA:0,(anonymous_4)
FNDA:0,(anonymous_5)
FNDA:0,(anonymous_6)
FNDA:0,(anonymous_7)
FNDA:0,(anonymous_8)
FNDA:0,(anonymous_9)
FNDA:0,(anonymous_10)
FNDA:0,(anonymous_11)
FNDA:0,(anonymous_12)
FNDA:0,(anonymous_13)
FNDA:0,(anonymous_14)
FNDA:0,(anonymous_15)
FNDA:0,(anonymous_16)
FNDA:0,(anonymous_17)
FNDA:0,(anonymous_18)
FNDA:0,(anonymous_19)
FNDA:0,(anonymous_20)
FNDA:0,(anonymous_21)
DA:1,1
DA:2,1
DA:3,1
DA:4,1
DA:5,1
DA:6,1
DA:7,1
DA:9,1
DA:10,1
DA:11,0
DA:12,0
DA:15,0
DA:18,1
DA:19,0
DA:20,0
DA:23,0
DA:38,0
DA:39,0
DA:40,0
DA:43,0
DA:46,1
DA:47,0
DA:48,0
DA:50,0
DA:67,1
DA:79,1
DA:80,0
DA:81,0
DA:83,0
DA:84,0
DA:87,0
DA:92,0
DA:94,0
DA:95,0
DA:96,0
DA:99,0
DA:100,0
DA:104,0
DA:112,0
DA:116,1
DA:117,0
DA:118,0
DA:120,0
DA:121,0
DA:124,0
DA:129,0
DA:130,0
DA:142,0
DA:143,0
DA:150,0
DA:152,0
DA:153,0
DA:161,0
DA:162,0
DA:163,0
DA:164,0
DA:165,0
DA:168,0
DA:169,0
DA:172,0
DA:173,0
DA:175,0
DA:176,0
DA:177,0
DA:178,0
DA:184,0
DA:185,0
DA:186,0
DA:187,0
DA:188,0
DA:189,0
DA:191,0
DA:193,0
DA:197,0
DA:199,0
DA:200,0
DA:201,0
DA:203,0
DA:204,0
DA:205,0
DA:208,0
DA:224,0
DA:227,0
DA:229,0
DA:240,0
DA:244,1
DA:245,0
DA:246,0
DA:253,0
DA:255,0
DA:256,0
DA:257,0
DA:260,0
DA:262,0
DA:263,0
DA:264,0
DA:267,0
DA:277,0
DA:285,0
DA:290,0
DA:291,0
DA:292,0
DA:300,0
DA:313,0
DA:318,0
DA:319,0
DA:320,0
DA:323,0
DA:324,0
DA:325,0
DA:328,0
DA:332,1
DA:333,0
DA:334,0
DA:335,0
DA:337,0
DA:339,0
DA:340,0
DA:341,0
DA:344,0
DA:346,0
DA:347,0
DA:348,0
DA:349,0
DA:351,0
DA:354,0
DA:355,0
DA:358,0
DA:359,0
DA:362,0
DA:363,0
DA:366,0
DA:367,0
DA:369,0
DA:374,0
DA:376,0
DA:381,0
DA:382,0
DA:383,0
DA:391,0
DA:403,0
DA:408,0
DA:412,1
DA:413,0
DA:414,0
DA:416,0
DA:418,0
DA:419,0
DA:420,0
DA:423,0
DA:430,0
DA:431,0
DA:432,0
DA:435,0
DA:446,0
DA:448,0
DA:453,0
DA:455,0
DA:461,0
DA:466,0
DA:472,0
DA:477,0
DA:488,0
DA:500,0
DA:506,0
DA:510,1
DA:511,0
DA:512,0
DA:514,0
DA:518,0
DA:519,0
DA:520,0
DA:523,0
DA:527,0
DA:529,0
DA:530,0
DA:531,0
DA:540,0
DA:545,0
DA:549,1
DA:550,0
DA:551,0
DA:552,0
DA:554,0
DA:555,0
DA:556,0
DA:559,0
DA:560,0
DA:561,0
DA:564,0
DA:566,0
DA:572,0
DA:573,0
DA:574,0
DA:577,0
DA:583,0
DA:584,0
DA:585,0
DA:588,0
DA:594,0
DA:595,0
DA:596,0
DA:599,0
DA:604,0
DA:613,0
DA:614,0
DA:616,0
DA:622,0
DA:628,0
DA:629,0
DA:630,0
DA:641,0
DA:655,0
DA:661,0
DA:665,1
DA:666,0
DA:667,0
DA:669,0
DA:670,0
DA:671,0
DA:674,0
DA:680,0
DA:681,0
DA:682,0
DA:685,0
DA:687,0
DA:689,0
DA:692,0
DA:693,0
DA:694,0
DA:697,0
DA:702,0
DA:704,0
DA:705,0
DA:712,0
DA:720,0
DA:726,0
DA:731,0
DA:735,1
LF:239
LH:21
BRDA:11,0,0,0
BRDA:11,0,1,0
BRDA:15,1,0,0
BRDA:15,1,1,0
BRDA:19,2,0,0
BRDA:19,2,1,0
BRDA:47,3,0,0
BRDA:47,3,1,0
BRDA:48,4,0,0
BRDA:48,4,1,0
BRDA:52,5,0,0
BRDA:52,5,1,0
BRDA:62,6,0,0
BRDA:62,6,1,0
BRDA:83,7,0,0
BRDA:83,7,1,0
BRDA:95,8,0,0
BRDA:95,8,1,0
BRDA:120,9,0,0
BRDA:120,9,1,0
BRDA:129,10,0,0
BRDA:129,10,1,0
BRDA:164,11,0,0
BRDA:164,11,1,0
BRDA:168,12,0,0
BRDA:168,12,1,0
BRDA:172,13,0,0
BRDA:172,13,1,0
BRDA:175,14,0,0
BRDA:175,14,1,0
BRDA:175,15,0,0
BRDA:175,15,1,0
BRDA:177,16,0,0
BRDA:177,16,1,0
BRDA:193,17,0,0
BRDA:193,17,1,0
BRDA:203,18,0,0
BRDA:203,18,1,0
BRDA:210,19,0,0
BRDA:210,19,1,0
BRDA:224,20,0,0
BRDA:224,20,1,0
BRDA:227,21,0,0
BRDA:227,21,1,0
BRDA:250,22,0,0
BRDA:251,23,0,0
BRDA:252,24,0,0
BRDA:255,25,0,0
BRDA:255,25,1,0
BRDA:255,26,0,0
BRDA:255,26,1,0
BRDA:262,27,0,0
BRDA:262,27,1,0
BRDA:318,28,0,0
BRDA:318,28,1,0
BRDA:323,29,0,0
BRDA:323,29,1,0
BRDA:339,30,0,0
BRDA:339,30,1,0
BRDA:346,31,0,0
BRDA:346,31,1,0
BRDA:347,32,0,0
BRDA:347,32,1,0
BRDA:354,33,0,0
BRDA:354,33,1,0
BRDA:358,34,0,0
BRDA:358,34,1,0
BRDA:362,35,0,0
BRDA:362,35,1,0
BRDA:418,36,0,0
BRDA:418,36,1,0
BRDA:430,37,0,0
BRDA:430,37,1,0
BRDA:518,38,0,0
BRDA:518,38,1,0
BRDA:530,39,0,0
BRDA:530,39,1,0
BRDA:554,40,0,0
BRDA:554,40,1,0
BRDA:559,41,0,0
BRDA:559,41,1,0
BRDA:572,42,0,0
BRDA:572,42,1,0
BRDA:583,43,0,0
BRDA:583,43,1,0
BRDA:594,44,0,0
BRDA:594,44,1,0
BRDA:669,45,0,0
BRDA:669,45,1,0
BRDA:680,46,0,0
BRDA:680,46,1,0
BRDA:685,47,0,0
BRDA:685,47,1,0
BRDA:687,48,0,0
BRDA:687,48,1,0
BRDA:689,49,0,0
BRDA:689,49,1,0
BRDA:690,50,0,0
BRDA:690,50,1,0
BRDA:692,51,0,0
BRDA:692,51,1,0
BRDA:692,52,0,0
BRDA:692,52,1,0
BRDA:692,52,2,0
BRDA:704,53,0,0
BRDA:704,53,1,0
BRF:106
BRH:0
end_of_record
TN:
SF:src\controllers\simulatorController.js
FN:8,(anonymous_0)
FN:16,(anonymous_1)
FN:41,(anonymous_2)
FNF:3
FNH:0
FNDA:0,(anonymous_0)
FNDA:0,(anonymous_1)
FNDA:0,(anonymous_2)
DA:5,1
DA:6,1
DA:8,1
DA:9,0
DA:10,0
DA:12,0
DA:16,1
DA:17,0
DA:18,0
DA:19,0
DA:21,0
DA:32,0
DA:37,0
DA:41,1
DA:42,0
DA:43,0
DA:45,0
DA:55,0
DA:60,0
DA:64,1
LF:20
LH:6
BRDA:33,0,0,0
BRDA:33,0,1,0
BRF:2
BRH:0
end_of_record
TN:
SF:src\controllers\userAuthController.js
FN:8,(anonymous_0)
FN:15,(anonymous_1)
FN:24,(anonymous_2)
FNF:3
FNH:0
FNDA:0,(anonymous_0)
FNDA:0,(anonymous_1)
FNDA:0,(anonymous_2)
DA:1,1
DA:2,1
DA:3,1
DA:4,1
DA:6,1
DA:8,1
DA:9,0
DA:10,0
DA:12,0
DA:15,1
DA:24,1
DA:25,0
DA:27,0
DA:28,0
DA:29,0
DA:37,0
DA:38,0
DA:41,0
DA:42,0
DA:43,0
DA:46,0
DA:51,0
DA:53,0
DA:54,0
DA:62,0
DA:63,0
DA:66,0
DA:67,0
DA:76,0
DA:77,0
DA:80,0
DA:82,0
DA:86,0
DA:87,0
DA:95,0
DA:96,0
DA:97,0
DA:98,0
DA:99,0
DA:100,0
DA:101,0
DA:104,0
DA:114,0
DA:120,0
DA:121,0
DA:124,0
DA:125,0
DA:128,0
DA:129,0
DA:132,0
DA:133,0
DA:136,0
DA:137,0
DA:140,0
DA:144,1
LF:55
LH:9
BRDA:9,0,0,0
BRDA:9,0,1,0
BRDA:28,1,0,0
BRDA:28,1,1,0
BRDA:41,2,0,0
BRDA:41,2,1,0
BRDA:53,3,0,0
BRDA:53,3,1,0
BRDA:53,4,0,0
BRDA:53,4,1,0
BRDA:66,5,0,0
BRDA:66,5,1,0
BRDA:86,6,0,0
BRDA:86,6,1,0
BRDA:90,7,0,0
BRDA:90,7,1,0
BRDA:91,8,0,0
BRDA:91,8,1,0
BRDA:97,9,0,0
BRDA:97,9,1,0
BRDA:98,10,0,0
BRDA:98,10,1,0
BRDA:98,10,2,0
BRDA:120,11,0,0
BRDA:120,11,1,0
BRDA:124,12,0,0
BRDA:124,12,1,0
BRDA:128,13,0,0
BRDA:128,13,1,0
BRDA:132,14,0,0
BRDA:132,14,1,0
BRDA:136,15,0,0
BRDA:136,15,1,0
BRF:33
BRH:0
end_of_record
TN:
SF:src\controllers\userController.js
FN:10,(anonymous_0)
FN:18,(anonymous_1)
FN:26,(anonymous_2)
FN:44,(anonymous_3)
FN:45,(anonymous_4)
FN:61,(anonymous_5)
FN:73,(anonymous_6)
FN:121,(anonymous_7)
FN:140,(anonymous_8)
FN:160,(anonymous_9)
FN:177,(anonymous_10)
FN:213,(anonymous_11)
FN:225,(anonymous_12)
FN:228,(anonymous_13)
FN:236,(anonymous_14)
FNF:15
FNH:0
FNDA:0,(anonymous_0)
FNDA:0,(anonymous_1)
FNDA:0,(anonymous_2)
FNDA:0,(anonymous_3)
FNDA:0,(anonymous_4)
FNDA:0,(anonymous_5)
FNDA:0,(anonymous_6)
FNDA:0,(anonymous_7)
FNDA:0,(anonymous_8)
FNDA:0,(anonymous_9)
FNDA:0,(anonymous_10)
FNDA:0,(anonymous_11)
FNDA:0,(anonymous_12)
FNDA:0,(anonymous_13)
FNDA:0,(anonymous_14)
DA:1,1
DA:2,1
DA:3,1
DA:4,1
DA:5,1
DA:6,1
DA:7,1
DA:8,1
DA:10,1
DA:11,0
DA:12,0
DA:14,0
DA:18,1
DA:19,0
DA:20,0
DA:26,0
DA:40,0
DA:42,0
DA:44,0
DA:46,0
DA:47,0
DA:51,0
DA:57,0
DA:61,1
DA:62,0
DA:63,0
DA:64,0
DA:66,0
DA:72,0
DA:73,0
DA:76,0
DA:121,0
DA:140,0
DA:160,0
DA:177,0
DA:192,0
DA:209,0
DA:213,1
DA:214,0
DA:215,0
DA:216,0
DA:218,0
DA:225,0
DA:227,0
DA:228,0
DA:232,0
DA:236,1
DA:237,0
DA:238,0
DA:252,0
DA:253,0
DA:254,0
DA:257,0
DA:262,0
DA:266,1
LF:55
LH:14
BRDA:33,0,0,0
BRDA:33,0,1,0
BRDA:34,1,0,0
BRDA:34,1,1,0
BRDA:35,2,0,0
BRDA:35,2,1,0
BRDA:36,3,0,0
BRDA:36,3,1,0
BRDA:47,4,0,0
BRDA:47,4,1,0
BRDA:63,5,0,0
BRDA:63,5,1,0
BRDA:73,6,0,0
BRDA:73,6,1,0
BRDA:128,7,0,0
BRDA:128,7,1,0
BRDA:128,7,2,0
BRDA:129,8,0,0
BRDA:129,8,1,0
BRDA:130,9,0,0
BRDA:130,9,1,0
BRDA:131,10,0,0
BRDA:131,10,1,0
BRDA:134,11,0,0
BRDA:134,11,1,0
BRDA:134,11,2,0
BRDA:135,12,0,0
BRDA:135,12,1,0
BRDA:136,13,0,0
BRDA:136,13,1,0
BRDA:149,14,0,0
BRDA:149,14,1,0
BRDA:149,14,2,0
BRDA:150,15,0,0
BRDA:150,15,1,0
BRDA:151,16,0,0
BRDA:151,16,1,0
BRDA:152,17,0,0
BRDA:152,17,1,0
BRDA:155,18,0,0
BRDA:155,18,1,0
BRDA:155,18,2,0
BRDA:156,19,0,0
BRDA:156,19,1,0
BRDA:165,20,0,0
BRDA:165,20,1,0
BRDA:166,21,0,0
BRDA:166,21,1,0
BRDA:170,22,0,0
BRDA:170,22,1,0
BRDA:170,22,2,0
BRDA:171,23,0,0
BRDA:171,23,1,0
BRDA:172,24,0,0
BRDA:172,24,1,0
BRDA:173,25,0,0
BRDA:173,25,1,0
BRDA:182,26,0,0
BRDA:182,26,1,0
BRDA:185,27,0,0
BRDA:185,27,1,0
BRDA:185,27,2,0
BRDA:186,28,0,0
BRDA:186,28,1,0
BRDA:187,29,0,0
BRDA:187,29,1,0
BRDA:188,30,0,0
BRDA:188,30,1,0
BRDA:215,31,0,0
BRDA:215,31,1,0
BRDA:252,32,0,0
BRDA:252,32,1,0
BRF:72
BRH:0
end_of_record
TN:
SF:src\middleware\authMiddleware.js
FN:5,(anonymous_0)
FN:39,(anonymous_1)
FN:47,(anonymous_2)
FN:47,(anonymous_3)
FNF:4
FNH:4
FNDA:4,(anonymous_0)
FNDA:2,(anonymous_1)
FNDA:35,(anonymous_2)
FNDA:3,(anonymous_3)
DA:1,2
DA:2,2
DA:3,2
DA:5,2
DA:6,4
DA:7,4
DA:9,4
DA:10,2
DA:11,2
DA:14,2
DA:15,2
DA:17,1
DA:19,1
DA:20,0
DA:21,0
DA:24,1
DA:25,1
DA:26,1
DA:29,0
DA:30,0
DA:32,4
DA:33,0
DA:35,4
DA:39,2
DA:40,2
DA:41,1
DA:42,1
DA:44,1
DA:47,35
DA:48,3
DA:49,1
DA:50,1
DA:53,2
DA:56,2
LF:34
LH:29
BRDA:9,0,0,2
BRDA:9,0,1,2
BRDA:9,1,0,4
BRDA:9,1,1,3
BRDA:19,2,0,0
BRDA:19,2,1,1
BRDA:24,3,0,1
BRDA:24,3,1,0
BRDA:32,4,0,0
BRDA:32,4,1,4
BRDA:40,5,0,1
BRDA:40,5,1,1
BRDA:40,6,0,2
BRDA:40,6,1,2
BRDA:48,7,0,1
BRDA:48,7,1,2
BRDA:48,8,0,3
BRDA:48,8,1,3
BRF:18
BRH:15
end_of_record
TN:
SF:src\middleware\errorMiddleware.js
FN:1,(anonymous_0)
FN:7,(anonymous_1)
FNF:2
FNH:2
FNDA:2,(anonymous_0)
FNDA:4,(anonymous_1)
DA:1,2
DA:2,2
DA:3,2
DA:4,2
DA:7,2
DA:8,4
DA:9,4
DA:15,2
LF:8
LH:8
BRDA:8,0,0,1
BRDA:8,0,1,3
BRDA:11,1,0,1
BRDA:11,1,1,3
BRF:4
BRH:4
end_of_record
TN:
SF:src\middleware\rateLimitMiddleware.js
FN:3,(anonymous_0)
FNF:1
FNH:1
FNDA:8,(anonymous_0)
DA:1,1
DA:3,1
DA:4,8
DA:14,1
DA:20,1
DA:26,1
DA:32,1
DA:38,1
DA:44,1
DA:50,1
DA:56,1
DA:62,1
LF:12
LH:12
BRF:0
BRH:0
end_of_record
TN:
SF:src\middleware\userAuthMiddleware.js
FN:4,(anonymous_0)
FNF:1
FNH:1
FNDA:4,(anonymous_0)
DA:1,2
DA:2,2
DA:4,2
DA:5,4
DA:6,4
DA:8,4
DA:9,2
DA:10,2
DA:13,2
DA:14,2
DA:16,1
DA:17,1
DA:18,1
DA:21,0
DA:23,0
DA:24,0
DA:25,0
DA:28,0
DA:29,0
DA:31,4
DA:32,0
DA:35,4
DA:39,2
LF:23
LH:16
BRDA:8,0,0,2
BRDA:8,0,1,2
BRDA:8,1,0,4
BRDA:8,1,1,3
BRDA:16,2,0,1
BRDA:16,2,1,0
BRDA:23,3,0,0
BRDA:23,3,1,0
BRDA:23,4,0,0
BRDA:23,4,1,0
BRDA:31,5,0,0
BRDA:31,5,1,4
BRF:12
BRH:6
end_of_record
TN:
SF:src\models\Admin.js
FN:35,(anonymous_0)
FN:45,onSave
FN:55,matchPassword
FNF:3
FNH:0
FNDA:0,(anonymous_0)
FNDA:0,onSave
FNDA:0,matchPassword
DA:1,2
DA:2,2
DA:6,2
DA:8,2
DA:35,0
DA:45,2
DA:46,0
DA:47,0
DA:50,0
DA:51,0
DA:52,0
DA:55,2
DA:56,0
DA:59,2
LF:14
LH:7
BRDA:46,0,0,0
BRDA:46,0,1,0
BRF:2
BRH:0
end_of_record
TN:
SF:src\models\AuditLog.js
FNF:0
FNH:0
DA:1,2
DA:3,2
DA:63,2
DA:64,2
DA:66,2
LF:5
LH:5
BRF:0
BRH:0
end_of_record
TN:
SF:src\models\EmergencyIncident.js
FN:110,(anonymous_0)
FNF:1
FNH:0
FNDA:0,(anonymous_0)
DA:1,1
DA:3,1
DA:29,1
DA:110,0
DA:133,1
DA:134,1
DA:136,1
LF:7
LH:6
BRF:0
BRH:0
end_of_record
TN:
SF:src\models\Event.js
FNF:0
FNH:0
DA:1,1
DA:3,1
DA:67,1
DA:68,1
DA:70,1
LF:5
LH:5
BRF:0
BRH:0
end_of_record
TN:
SF:src\models\FoodItem.js
FNF:0
FNH:0
DA:1,1
DA:3,1
DA:85,1
DA:86,1
DA:88,1
LF:5
LH:5
BRF:0
BRH:0
end_of_record
TN:
SF:src\models\FoodOrder.js
FN:110,(anonymous_0)
FN:152,(anonymous_1)
FNF:2
FNH:0
FNDA:0,(anonymous_0)
FNDA:0,(anonymous_1)
DA:1,1
DA:3,1
DA:35,1
DA:61,1
DA:111,0
DA:152,0
DA:179,1
DA:180,1
DA:181,1
DA:182,1
DA:184,1
LF:11
LH:9
BRDA:111,0,0,0
BRDA:111,0,1,0
BRF:2
BRH:0
end_of_record
TN:
SF:src\models\FoodStall.js
FNF:0
FNH:0
DA:1,1
DA:3,1
DA:72,1
DA:73,1
DA:75,1
LF:5
LH:5
BRF:0
BRH:0
end_of_record
TN:
SF:src\models\QueuePoint.js
FNF:0
FNH:0
DA:1,1
DA:3,1
DA:50,1
DA:51,1
DA:53,1
LF:5
LH:5
BRF:0
BRH:0
end_of_record
TN:
SF:src\models\QueueTicket.js
FNF:0
FNH:0
DA:1,1
DA:3,1
DA:55,1
DA:56,1
DA:57,1
DA:58,1
DA:60,1
LF:7
LH:7
BRF:0
BRH:0
end_of_record
TN:
SF:src\models\Registration.js
FNF:0
FNH:0
DA:1,1
DA:3,1
DA:76,1
DA:77,1
DA:78,1
DA:80,1
LF:6
LH:6
BRF:0
BRH:0
end_of_record
TN:
SF:src\models\SocialGroup.js
FN:111,(anonymous_0)
FNF:1
FNH:0
FNDA:0,(anonymous_0)
DA:1,1
DA:3,1
DA:56,1
DA:112,0
DA:130,1
DA:131,1
DA:133,1
LF:7
LH:6
BRDA:112,0,0,0
BRDA:112,0,1,0
BRDA:112,0,2,0
BRF:3
BRH:0
end_of_record
TN:
SF:src\models\User.js
FNF:0
FNH:0
DA:1,2
DA:3,2
DA:46,2
LF:3
LH:3
BRF:0
BRH:0
end_of_record
TN:
SF:src\models\UserNotification.js
FNF:0
FNH:0
DA:1,1
DA:3,1
DA:53,1
DA:55,1
LF:4
LH:4
BRF:0
BRH:0
end_of_record
TN:
SF:src\models\VenueNavigation.js
FNF:0
FNH:0
DA:1,1
DA:3,1
DA:52,1
DA:86,1
DA:130,1
LF:5
LH:5
BRF:0
BRH:0
end_of_record
TN:
SF:src\realtime\simulatorEngine.js
FN:18,(anonymous_0)
FN:20,(anonymous_1)
FN:41,(anonymous_2)
FN:48,(anonymous_3)
FN:88,(anonymous_4)
FN:142,(anonymous_5)
FN:150,(anonymous_6)
FN:166,(anonymous_7)
FN:167,(anonymous_8)
FN:175,(anonymous_9)
FNF:10
FNH:0
FNDA:0,(anonymous_0)
FNDA:0,(anonymous_1)
FNDA:0,(anonymous_2)
FNDA:0,(anonymous_3)
FNDA:0,(anonymous_4)
FNDA:0,(anonymous_5)
FNDA:0,(anonymous_6)
FNDA:0,(anonymous_7)
FNDA:0,(anonymous_8)
FNDA:0,(anonymous_9)
DA:1,1
DA:2,1
DA:3,1
DA:4,1
DA:6,1
DA:7,1
DA:9,1
DA:10,1
DA:18,1
DA:20,1
DA:21,0
DA:22,0
DA:25,0
DA:40,0
DA:41,0
DA:42,0
DA:45,0
DA:48,1
DA:49,0
DA:51,0
DA:55,0
DA:56,0
DA:58,0
DA:69,0
DA:80,0
DA:81,0
DA:84,0
DA:88,0
DA:89,0
DA:91,0
DA:92,0
DA:95,0
DA:101,0
DA:103,0
DA:115,0
DA:134,0
DA:135,0
DA:138,0
DA:139,0
DA:142,1
DA:150,1
DA:151,0
DA:152,0
DA:155,0
DA:156,0
DA:164,0
DA:166,0
DA:167,0
DA:168,0
DA:172,0
DA:175,1
DA:176,0
DA:177,0
DA:178,0
DA:181,0
DA:182,0
DA:185,1
LF:57
LH:15
BRDA:21,0,0,0
BRDA:21,0,1,0
BRDA:74,1,0,0
BRDA:74,1,1,0
BRDA:92,2,0,0
BRDA:92,2,1,0
BRDA:95,3,0,0
BRDA:95,3,1,0
BRDA:97,4,0,0
BRDA:97,4,1,0
BRDA:119,5,0,0
BRDA:119,5,1,0
BRDA:128,6,0,0
BRDA:128,6,1,0
BRDA:150,7,0,0
BRDA:151,8,0,0
BRDA:151,8,1,0
BRDA:155,9,0,0
BRDA:155,9,1,0
BRDA:176,10,0,0
BRDA:176,10,1,0
BRF:21
BRH:0
end_of_record
TN:
SF:src\realtime\socketServer.js
FN:13,(anonymous_0)
FN:27,(anonymous_1)
FN:35,(anonymous_2)
FN:69,(anonymous_3)
FN:78,(anonymous_4)
FN:85,(anonymous_5)
FN:96,(anonymous_6)
FN:130,(anonymous_7)
FN:138,(anonymous_8)
FN:142,(anonymous_9)
FN:143,(anonymous_10)
FN:144,(anonymous_11)
FN:146,(anonymous_12)
FN:155,(anonymous_13)
FN:159,(anonymous_14)
FN:160,(anonymous_15)
FN:161,(anonymous_16)
FN:162,(anonymous_17)
FN:174,(anonymous_18)
FN:176,(anonymous_19)
FN:183,(anonymous_20)
FN:190,(anonymous_21)
FN:198,(anonymous_22)
FNF:23
FNH:0
FNDA:0,(anonymous_0)
FNDA:0,(anonymous_1)
FNDA:0,(anonymous_2)
FNDA:0,(anonymous_3)
FNDA:0,(anonymous_4)
FNDA:0,(anonymous_5)
FNDA:0,(anonymous_6)
FNDA:0,(anonymous_7)
FNDA:0,(anonymous_8)
FNDA:0,(anonymous_9)
FNDA:0,(anonymous_10)
FNDA:0,(anonymous_11)
FNDA:0,(anonymous_12)
FNDA:0,(anonymous_13)
FNDA:0,(anonymous_14)
FNDA:0,(anonymous_15)
FNDA:0,(anonymous_16)
FNDA:0,(anonymous_17)
FNDA:0,(anonymous_18)
FNDA:0,(anonymous_19)
FNDA:0,(anonymous_20)
FNDA:0,(anonymous_21)
FNDA:0,(anonymous_22)
DA:1,1
DA:2,1
DA:3,1
DA:4,1
DA:5,1
DA:6,1
DA:7,1
DA:8,1
DA:10,1
DA:11,1
DA:13,1
DA:14,0
DA:15,0
DA:16,0
DA:18,0
DA:19,0
DA:22,0
DA:27,1
DA:28,0
DA:35,0
DA:36,0
DA:37,0
DA:39,0
DA:40,0
DA:43,0
DA:44,0
DA:48,0
DA:49,0
DA:52,0
DA:53,0
DA:56,0
DA:63,0
DA:65,0
DA:69,0
DA:70,0
DA:72,0
DA:78,0
DA:79,0
DA:80,0
DA:81,0
DA:85,0
DA:86,0
DA:87,0
DA:88,0
DA:93,0
DA:94,0
DA:96,0
DA:97,0
DA:98,0
DA:100,0
DA:101,0
DA:104,0
DA:106,0
DA:107,0
DA:110,0
DA:114,0
DA:115,0
DA:118,0
DA:124,0
DA:126,0
DA:130,0
DA:131,0
DA:133,0
DA:138,0
DA:139,0
DA:141,0
DA:142,0
DA:143,0
DA:144,0
DA:146,0
DA:147,0
DA:150,0
DA:155,0
DA:156,0
DA:158,0
DA:159,0
DA:160,0
DA:161,0
DA:163,0
DA:168,0
DA:171,0
DA:174,1
DA:176,1
DA:177,0
DA:178,0
DA:180,0
DA:183,1
DA:184,0
DA:185,0
DA:187,0
DA:190,1
DA:191,0
DA:192,0
DA:195,0
DA:198,1
DA:199,0
DA:200,0
DA:203,0
DA:206,1
LF:99
LH:18
BRDA:14,0,0,0
BRDA:14,0,1,0
BRDA:15,1,0,0
BRDA:15,1,1,0
BRDA:16,2,0,0
BRDA:16,2,1,0
BRDA:18,3,0,0
BRDA:18,3,1,0
BRDA:22,4,0,0
BRDA:22,4,1,0
BRDA:39,5,0,0
BRDA:39,5,1,0
BRDA:48,6,0,0
BRDA:48,6,1,0
BRDA:48,7,0,0
BRDA:48,7,1,0
BRDA:52,8,0,0
BRDA:52,8,1,0
BRDA:60,9,0,0
BRDA:60,9,1,0
BRDA:79,10,0,0
BRDA:79,10,1,0
BRDA:80,11,0,0
BRDA:80,11,1,0
BRDA:86,12,0,0
BRDA:86,12,1,0
BRDA:87,13,0,0
BRDA:87,13,1,0
BRDA:93,14,0,0
BRDA:93,14,1,0
BRDA:100,15,0,0
BRDA:100,15,1,0
BRDA:106,16,0,0
BRDA:106,16,1,0
BRDA:114,17,0,0
BRDA:114,17,1,0
BRDA:114,18,0,0
BRDA:114,18,1,0
BRDA:139,19,0,0
BRDA:139,19,1,0
BRDA:142,20,0,0
BRDA:142,20,1,0
BRDA:156,21,0,0
BRDA:156,21,1,0
BRDA:159,22,0,0
BRDA:159,22,1,0
BRDA:177,23,0,0
BRDA:177,23,1,0
BRDA:184,24,0,0
BRDA:184,24,1,0
BRDA:184,25,0,0
BRDA:184,25,1,0
BRDA:191,26,0,0
BRDA:191,26,1,0
BRDA:191,27,0,0
BRDA:191,27,1,0
BRDA:199,28,0,0
BRDA:199,28,1,0
BRDA:199,29,0,0
BRDA:199,29,1,0
BRF:60
BRH:0
end_of_record
TN:
SF:src\routes\adminRoutes.js
FNF:0
FNH:0
DA:1,1
DA:12,1
DA:19,1
DA:24,1
DA:29,1
DA:38,1
DA:44,1
DA:47,1
DA:52,1
DA:56,1
DA:57,1
DA:59,1
DA:61,1
DA:63,1
DA:69,1
DA:70,1
DA:75,1
DA:80,1
DA:85,1
DA:91,1
DA:97,1
DA:103,1
DA:109,1
DA:114,1
DA:120,1
DA:125,1
DA:131,1
DA:136,1
DA:142,1
DA:148,1
DA:154,1
DA:159,1
DA:165,1
DA:166,1
DA:167,1
DA:173,1
DA:179,1
DA:185,1
DA:190,1
DA:196,1
DA:202,1
DA:207,1
DA:213,1
DA:220,1
DA:226,1
DA:234,1
LF:46
LH:46
BRF:0
BRH:0
end_of_record
TN:
SF:src\routes\authRoutes.js
FNF:0
FNH:0
DA:1,1
DA:6,1
DA:7,1
DA:8,1
DA:10,1
DA:12,1
DA:13,1
DA:14,1
DA:16,1
LF:9
LH:9
BRF:0
BRH:0
end_of_record
TN:
SF:src\routes\publicRoutes.js
FNF:0
FNH:0
DA:1,1
DA:7,1
DA:12,1
DA:16,1
DA:21,1
DA:29,1
DA:32,1
DA:39,1
DA:40,1
DA:42,1
DA:44,1
DA:45,1
DA:46,1
DA:47,1
DA:48,1
DA:54,1
DA:55,1
DA:56,1
DA:61,1
DA:62,1
DA:63,1
DA:64,1
DA:70,1
DA:71,1
DA:77,1
DA:83,1
DA:84,1
DA:85,1
DA:86,1
DA:88,1
LF:30
LH:30
BRF:0
BRH:0
end_of_record
TN:
SF:src\routes\userRoutes.js
FNF:0
FNH:0
DA:1,1
DA:2,1
DA:9,1
DA:10,1
DA:12,1
DA:14,1
DA:15,1
DA:16,1
DA:17,1
DA:18,1
DA:19,1
DA:21,1
LF:12
LH:12
BRF:0
BRH:0
end_of_record
TN:
SF:src\utils\auditLogger.js
FN:3,(anonymous_0)
FN:12,(anonymous_1)
FN:17,(anonymous_2)
FN:51,(anonymous_3)
FN:63,(anonymous_4)
FNF:5
FNH:3
FNDA:2,(anonymous_0)
FNDA:0,(anonymous_1)
FNDA:2,(anonymous_2)
FNDA:0,(anonymous_3)
FNDA:2,(anonymous_4)
DA:1,2
DA:3,2
DA:4,2
DA:5,0
DA:6,0
DA:9,0
DA:12,2
DA:13,0
DA:14,0
DA:17,2
DA:27,2
DA:28,0
DA:31,2
DA:32,2
DA:44,0
DA:46,2
DA:47,2
DA:51,2
DA:52,0
DA:63,2
DA:64,2
DA:75,2
LF:22
LH:14
BRDA:5,0,0,0
BRDA:5,0,1,0
BRDA:5,1,0,0
BRDA:5,1,1,0
BRDA:9,2,0,0
BRDA:9,2,1,0
BRDA:9,2,2,0
BRDA:14,3,0,0
BRDA:14,3,1,0
BRDA:14,4,0,0
BRDA:14,4,1,0
BRDA:19,5,0,0
BRDA:20,6,0,0
BRDA:22,7,0,0
BRDA:23,8,0,1
BRDA:24,9,0,0
BRDA:25,10,0,1
BRDA:27,11,0,0
BRDA:27,11,1,2
BRDA:34,12,0,1
BRDA:34,12,1,1
BRDA:37,13,0,1
BRDA:37,13,1,1
BRDA:40,14,0,2
BRDA:40,14,1,0
BRDA:41,15,0,0
BRDA:41,15,1,0
BRDA:55,16,0,0
BRDA:55,16,1,0
BRDA:55,16,2,0
BRDA:63,17,0,1
BRF:31
BRH:9
end_of_record
TN:
SF:src\utils\generateFoodOrderNumber.js
FN:1,(anonymous_0)
FNF:1
FNH:1
FNDA:1,(anonymous_0)
DA:1,2
DA:2,1
DA:3,1
DA:6,2
LF:4
LH:4
BRF:0
BRH:0
end_of_record
TN:
SF:src\utils\generateGroupCode.js
FN:1,(anonymous_0)
FNF:1
FNH:1
FNDA:1,(anonymous_0)
DA:1,2
DA:2,1
DA:3,1
DA:5,1
DA:6,6
DA:7,6
DA:10,1
DA:13,2
LF:8
LH:8
BRF:0
BRH:0
end_of_record
TN:
SF:src\utils\generatePassId.js
FN:1,(anonymous_0)
FNF:1
FNH:1
FNDA:201,(anonymous_0)
DA:1,2
DA:2,201
DA:3,201
DA:4,201
DA:7,2
LF:5
LH:5
BRF:0
BRH:0
end_of_record
TN:
SF:src\utils\generateToken.js
FN:3,(anonymous_0)
FNF:1
FNH:1
FNDA:1,(anonymous_0)
DA:1,2
DA:3,2
DA:4,1
DA:14,2
LF:4
LH:4
BRF:0
BRH:0
end_of_record
TN:
SF:src\utils\generateUserToken.js
FN:3,(anonymous_0)
FNF:1
FNH:1
FNDA:1,(anonymous_0)
DA:1,2
DA:3,2
DA:4,1
DA:13,2
LF:4
LH:4
BRF:0
BRH:0
end_of_record
TN:
SF:src\utils\userNotificationService.js
FN:4,(anonymous_0)
FN:17,(anonymous_1)
FN:40,(anonymous_2)
FNF:3
FNH:0
FNDA:0,(anonymous_0)
FNDA:0,(anonymous_1)
FNDA:0,(anonymous_2)
DA:1,1
DA:2,1
DA:4,1
DA:17,1
DA:25,0
DA:34,0
DA:35,0
DA:37,0
DA:40,1
DA:47,0
DA:48,0
DA:51,0
DA:61,1
LF:13
LH:6
BRDA:6,0,0,0
BRDA:6,0,1,0
BRDA:7,1,0,0
BRDA:7,1,1,0
BRDA:7,1,2,0
BRDA:11,2,0,0
BRDA:11,2,1,0
BRDA:19,3,0,0
BRDA:23,4,0,0
BRDA:45,5,0,0
BRDA:47,6,0,0
BRDA:47,6,1,0
BRF:12
BRH:0
end_of_record
